#
# A fatal error has been detected by the Java Runtime Environment:
#
#  SIGSEGV (0xb) at pc=0x00007f7add8d9a04, pid=17864, tid=17899
#
# JRE version: Java(TM) SE Runtime Environment (17.0.1+12) (build 17.0.1+12-LTS-39)
# Java VM: Java HotSpot(TM) 64-Bit Server VM (17.0.1+12-LTS-39, mixed mode, sharing, tiered, compressed oops, compressed class ptrs, g1 gc, linux-amd64)
# Problematic frame:
# V  [libjvm.so+0x7c7a04]  IndexSetIterator::advance_and_next()+0xb4
#
# Core dump will be written. Default location: Core dumps may be processed with "/usr/share/apport/apport %p %s %c %d %P %E" (or dumping to /home/btdtuan/Documents/GitHub/ems/ems-backend/core.17864)
#
# If you would like to submit a bug report, please visit:
#   https://bugreport.java.com/bugreport/crash.jsp
#

---------------  S U M M A R Y ------------

Command Line: -agentlib:jdwp=transport=dt_socket,address=127.0.0.1:36165,suspend=y,server=n -ea -Didea.test.cyclic.buffer.size=1048576 -javaagent:/snap/intellij-idea-community/372/plugins/java/lib/rt/debugger-agent.jar -Dfile.encoding=UTF-8 com.intellij.rt.junit.JUnitStarter -ideVersion5 -junit5 vn.com.tma.emsbackend.integration.PortIntegrationTests,shouldReturn200WhenGetAllPort

Host: Intel(R) Core(TM) i5-10400 CPU @ 2.90GHz, 12 cores, 15G, Ubuntu 20.04.4 LTS
Time: Mon Jul 11 16:02:16 2022 +07 elapsed time: 5.518849 seconds (0d 0h 0m 5s)

---------------  T H R E A D  ---------------

Current thread (0x00007f7a80288880):  JavaThread "C2 CompilerThread1" daemon [_thread_in_native, id=17899, stack(0x00007f7a96de8000,0x00007f7a96ee9000)]


Current CompileTask:
C2:   5518 5611   !   4       org.springframework.core.annotation.AnnotationsScanner::processMethodHierarchy (276 bytes)

Stack: [0x00007f7a96de8000,0x00007f7a96ee9000],  sp=0x00007f7a96ee45a0,  free space=1009k
Native frames: (J=compiled Java code, j=interpreted, Vv=VM code, C=native code)
V  [libjvm.so+0x7c7a04]  IndexSetIterator::advance_and_next()+0xb4
V  [libjvm.so+0x7be24a]  PhaseIFG::effective_degree(unsigned int) const+0xca
V  [libjvm.so+0x7be380]  PhaseIFG::Compute_Effective_Degree()+0x40
V  [libjvm.so+0x51278f]  PhaseChaitin::Register_Allocate()+0x84f
V  [libjvm.so+0x59da49]  Compile::Code_Gen()+0x349
V  [libjvm.so+0x5a363e]  Compile::Compile(ciEnv*, ciMethod*, int, bool, bool, bool, bool, bool, DirectiveSet*)+0x143e
V  [libjvm.so+0x4e70a9]  C2Compiler::compile_method(ciEnv*, ciMethod*, int, bool, DirectiveSet*)+0xe9
V  [libjvm.so+0x5abe61]  CompileBroker::invoke_compiler_on_method(CompileTask*)+0xd81
V  [libjvm.so+0x5ac9f8]  CompileBroker::compiler_thread_loop()+0x4b8
V  [libjvm.so+0xd8e8f0]  JavaThread::thread_main_inner()+0xd0
V  [libjvm.so+0xd91f7e]  Thread::call_run()+0xde
V  [libjvm.so+0xbe8291]  thread_native_entry(Thread*)+0xe1


siginfo: si_signo: 11 (SIGSEGV), si_code: 128 (SI_KERNEL), si_addr: 0x0000000000000000

Register to memory mapping:

RAX=0x00047f7ade339000 is an unknown value
RBX=0x00007f7a96ee45f0 is pointing into the stack for thread: 0x00007f7a80288880
RCX=0x00007f7a804b1fa0 points into unknown readable memory: 0x0000000000000000 | 00 00 00 00 00 00 00 00
RDX=0x000000000000004a is an unknown value
RSP=0x00007f7a96ee45a0 is pointing into the stack for thread: 0x00007f7a80288880
RBP=0x00007f7a96ee45e0 is pointing into the stack for thread: 0x00007f7a80288880
RSI=0x0000000000000004 is an unknown value
RDI=0x00007f7a96ee45f0 is pointing into the stack for thread: 0x00007f7a80288880
R8 =0x0 is NULL
R9 =0x8000200000000000 is an unknown value
R10=0x00007f7a96ee4a50 is pointing into the stack for thread: 0x00007f7a80288880
R11=0x00007f7a22186450 points into unknown readable memory: 0x3eb1000000000000 | 00 00 00 00 00 00 b1 3e
R12=0x000000000000000a is an unknown value
R13=0x000000000000000a is an unknown value
R14=0x00007f7ade339000: <offset 0x0000000001227000> in /usr/lib/jvm/java-17-oracle/lib/server/libjvm.so at 0x00007f7add112000
R15=0x00007f7a96ee4a50 is pointing into the stack for thread: 0x00007f7a80288880


Registers:
RAX=0x00047f7ade339000, RBX=0x00007f7a96ee45f0, RCX=0x00007f7a804b1fa0, RDX=0x000000000000004a
RSP=0x00007f7a96ee45a0, RBP=0x00007f7a96ee45e0, RSI=0x0000000000000004, RDI=0x00007f7a96ee45f0
R8 =0x0000000000000000, R9 =0x8000200000000000, R10=0x00007f7a96ee4a50, R11=0x00007f7a22186450
R12=0x000000000000000a, R13=0x000000000000000a, R14=0x00007f7ade339000, R15=0x00007f7a96ee4a50
RIP=0x00007f7add8d9a04, EFLAGS=0x0000000000010206, CSGSFS=0x002b000000000033, ERR=0x0000000000000000
  TRAPNO=0x000000000000000d

Top of Stack: (sp=0x00007f7a96ee45a0)
0x00007f7a96ee45a0:   00007f7a96ee6f80 00007f7a96ee4700
0x00007f7a96ee45b0:   00007f7a96ee45f0 00007f7a96ee45f0
0x00007f7a96ee45c0:   0000000000000004 00007f7a96ee4730
0x00007f7a96ee45d0:   0000000000000002 00007f7a96ee4a50 

Instructions: (pc=0x00007f7add8d9a04)
0x00007f7add8d9904:   c0 48 c1 e1 03 0f 1f 80 00 00 00 00 4c 8b 46 08
0x00007f7add8d9914:   49 8b 51 08 4d 8b 04 00 48 01 c2 48 8b 3a 4c 89
0x00007f7add8d9924:   02 48 8b 56 08 48 89 3c 02 48 83 c0 08 48 39 c1
0x00007f7add8d9934:   75 da 41 8b 01 8b 16 41 89 11 8b 56 04 89 06 41
0x00007f7add8d9944:   8b 41 04 41 89 51 04 89 46 04 c3 90 55 48 89 e5
0x00007f7add8d9954:   41 57 41 56 41 55 41 54 53 48 89 fb 48 83 ec 18
0x00007f7add8d9964:   8b 47 0c 83 f8 03 77 65 48 8b 4f 18 89 c2 8d 70
0x00007f7add8d9974:   01 48 8d 14 d1 48 83 3a 00 0f 85 3c 01 00 00 83
0x00007f7add8d9984:   fe 04 74 49 89 f2 8d 78 02 48 8d 14 d1 48 83 3a
0x00007f7add8d9994:   00 0f 85 20 01 00 00 83 ff 04 74 31 89 fa 8d 70
0x00007f7add8d99a4:   03 48 8d 14 d1 48 83 3a 00 0f 85 92 01 00 00 83
0x00007f7add8d99b4:   fe 04 74 19 48 83 79 18 00 48 8d 51 18 be 04 00
0x00007f7add8d99c4:   00 00 b8 03 00 00 00 0f 85 ee 00 00 00 44 8b 63
0x00007f7add8d99d4:   10 8b 53 14 4c 8d 35 21 f6 a5 00 44 39 e2 0f 87
0x00007f7add8d99e4:   be 00 00 00 48 83 c4 18 31 c0 5b 41 5c 41 5d 41
0x00007f7add8d99f4:   5e 41 5f 5d c3 0f 1f 80 00 00 00 00 48 89 43 18
0x00007f7add8d9a04:   48 83 38 00 48 89 c1 0f 85 e6 00 00 00 48 83 78
0x00007f7add8d9a14:   08 00 0f 85 f9 00 00 00 48 83 78 10 00 0f 85 fe
0x00007f7add8d9a24:   00 00 00 48 83 78 18 00 0f 85 03 01 00 00 4c 8b
0x00007f7add8d9a34:   7b 28 4d 85 ff 74 5e 49 8b 47 08 4a 8b 14 e8 48
0x00007f7add8d9a44:   89 55 c8 66 48 8d 3d 91 3a a1 00 66 66 48 e8 29
0x00007f7add8d9a54:   d8 a7 ff 48 8b 55 c8 48 8b 08 48 8b 89 70 05 00
0x00007f7add8d9a64:   00 48 8b 89 80 00 00 00 48 8b 89 c8 08 00 00 48
0x00007f7add8d9a74:   89 0a 48 8b 00 48 8b 80 70 05 00 00 48 8b 80 80
0x00007f7add8d9a84:   00 00 00 48 89 90 c8 08 00 00 49 8b 47 08 4e 89
0x00007f7add8d9a94:   34 e8 8b 53 14 41 83 c4 01 41 39 d4 0f 83 42 ff
0x00007f7add8d9aa4:   ff ff 48 8b 43 20 45 89 e5 4a 8b 04 e8 4c 39 f0
0x00007f7add8d9ab4:   74 e3 e9 45 ff ff ff 89 f0 89 fe 8b 4b 10 8d 44
0x00007f7add8d9ac4:   88 fc c1 e0 06 89 43 08 48 8b 12 31 c9 89 73 0c
0x00007f7add8d9ad4:   f3 48 0f bc ca 48 d3 ea 01 c8 48 83 ea 01 89 43
0x00007f7add8d9ae4:   08 48 89 13 48 83 c4 18 5b 41 5c 41 5d 41 5e 41
0x00007f7add8d9af4:   5f 5d c3 be 01 00 00 00 31 c0 42 8d 04 a0 41 83 


Stack slot to memory mapping:
stack at sp + 0 slots: 0x00007f7a96ee6f80 is pointing into the stack for thread: 0x00007f7a80288880
stack at sp + 1 slots: 0x00007f7a96ee4700 is pointing into the stack for thread: 0x00007f7a80288880
stack at sp + 2 slots: 0x00007f7a96ee45f0 is pointing into the stack for thread: 0x00007f7a80288880
stack at sp + 3 slots: 0x00007f7a96ee45f0 is pointing into the stack for thread: 0x00007f7a80288880
stack at sp + 4 slots: 0x0000000000000004 is an unknown value
stack at sp + 5 slots: 0x00007f7a96ee4730 is pointing into the stack for thread: 0x00007f7a80288880
stack at sp + 6 slots: 0x0000000000000002 is an unknown value
stack at sp + 7 slots: 0x00007f7a96ee4a50 is pointing into the stack for thread: 0x00007f7a80288880


---------------  P R O C E S S  ---------------

Threads class SMR info:
_java_thread_list=0x00007f7a1801b520, length=39, elements={
0x00007f7ad802baa0, 0x00007f7ad817d020, 0x00007f7ad817e400, 0x00007f7ad8182710,
0x00007f7ad81839d0, 0x00007f7ad8184de0, 0x00007f7ad8186790, 0x00007f7ad8187cc0,
0x00007f7ad8191120, 0x00007f7ad819c8d0, 0x00007f7ad81e6f30, 0x00007f7ad81f8ad0,
0x00007f7a80288880, 0x00007f7a805c2fe0, 0x00007f7ad99cd270, 0x00007f7a6c00fd90,
0x00007f7ad99cb120, 0x00007f7ad9c03a10, 0x00007f7ad9d01880, 0x00007f7a1c001130,
0x00007f7ada8c21d0, 0x00007f7a18002b50, 0x00007f7a18003980, 0x00007f7a18006130,
0x00007f7a18007520, 0x00007f7a180089e0, 0x00007f7a18009ea0, 0x00007f7a1800b290,
0x00007f7a1800c680, 0x00007f7a1800da70, 0x00007f7a1800ee60, 0x00007f7a18010250,
0x00007f7a18011640, 0x00007f7a18012b40, 0x00007f7a18014040, 0x00007f7a18016250,
0x00007f7a18017750, 0x00007f7a18018c70, 0x00007f7a1801a190
}

Java Threads: ( => current thread )
  0x00007f7ad802baa0 JavaThread "main" [_thread_blocked, id=17866, stack(0x00007f7adceb8000,0x00007f7adcfb9000)]
  0x00007f7ad817d020 JavaThread "Reference Handler" daemon [_thread_blocked, id=17873, stack(0x00007f7ab41fd000,0x00007f7ab42fe000)]
  0x00007f7ad817e400 JavaThread "Finalizer" daemon [_thread_blocked, id=17874, stack(0x00007f7ab40fc000,0x00007f7ab41fd000)]
  0x00007f7ad8182710 JavaThread "Signal Dispatcher" daemon [_thread_blocked, id=17875, stack(0x00007f7a97eff000,0x00007f7a98000000)]
  0x00007f7ad81839d0 JavaThread "Service Thread" daemon [_thread_blocked, id=17876, stack(0x00007f7a97dfe000,0x00007f7a97eff000)]
  0x00007f7ad8184de0 JavaThread "Monitor Deflation Thread" daemon [_thread_blocked, id=17877, stack(0x00007f7a97cfd000,0x00007f7a97dfe000)]
  0x00007f7ad8186790 JavaThread "C2 CompilerThread0" daemon [_thread_blocked, id=17878, stack(0x00007f7a97bfc000,0x00007f7a97cfd000)]
  0x00007f7ad8187cc0 JavaThread "C1 CompilerThread0" daemon [_thread_blocked, id=17879, stack(0x00007f7a97afb000,0x00007f7a97bfc000)]
  0x00007f7ad8191120 JavaThread "Sweeper thread" daemon [_thread_blocked, id=17880, stack(0x00007f7a979fa000,0x00007f7a97afb000)]
  0x00007f7ad819c8d0 JavaThread "Common-Cleaner" daemon [_thread_blocked, id=17881, stack(0x00007f7a978f9000,0x00007f7a979fa000)]
  0x00007f7ad81e6f30 JavaThread "JDWP Event Helper Thread" daemon [_thread_blocked, id=17884, stack(0x00007f7a976f7000,0x00007f7a977f8000)]
  0x00007f7ad81f8ad0 JavaThread "Notification Thread" daemon [_thread_blocked, id=17892, stack(0x00007f7a974f5000,0x00007f7a975f6000)]
=>0x00007f7a80288880 JavaThread "C2 CompilerThread1" daemon [_thread_in_native, id=17899, stack(0x00007f7a96de8000,0x00007f7a96ee9000)]
  0x00007f7a805c2fe0 JavaThread "C2 CompilerThread2" daemon [_thread_in_native, id=17904, stack(0x00007f7a968df000,0x00007f7a969e0000)]
  0x00007f7ad99cd270 JavaThread "Catalina-utility-1" [_thread_blocked, id=17968, stack(0x00007f7a977f8000,0x00007f7a978f9000)]
  0x00007f7a6c00fd90 JavaThread "Catalina-utility-2" [_thread_blocked, id=17969, stack(0x00007f7a975f6000,0x00007f7a976f7000)]
  0x00007f7ad99cb120 JavaThread "container-0" [_thread_blocked, id=17970, stack(0x00007f7a95eff000,0x00007f7a96000000)]
  0x00007f7ad9c03a10 JavaThread "mysql-cj-abandoned-connection-cleanup" daemon [_thread_blocked, id=17971, stack(0x00007f7a952ff000,0x00007f7a95400000)]
  0x00007f7ad9d01880 JavaThread "HikariPool-1 housekeeper" daemon [_thread_blocked, id=17972, stack(0x00007f7a951fe000,0x00007f7a952ff000)]
  0x00007f7a1c001130 JavaThread "HikariPool-1 connection adder" daemon [_thread_blocked, id=17973, stack(0x00007f7a950fd000,0x00007f7a951fe000)]
  0x00007f7ada8c21d0 JavaThread "ClassGraph-worker-0" daemon [_thread_blocked, id=17987, stack(0x00007f7a22eff000,0x00007f7a23000000)]
  0x00007f7a18002b50 JavaThread "ClassGraph-worker-1" daemon [_thread_blocked, id=17988, stack(0x00007f7a22dfe000,0x00007f7a22eff000)]
  0x00007f7a18003980 JavaThread "ClassGraph-worker-2" daemon [_thread_blocked, id=17989, stack(0x00007f7a22cfd000,0x00007f7a22dfe000)]
  0x00007f7a18006130 JavaThread "ClassGraph-worker-3" daemon [_thread_blocked, id=17990, stack(0x00007f7a22bfc000,0x00007f7a22cfd000)]
  0x00007f7a18007520 JavaThread "ClassGraph-worker-4" daemon [_thread_blocked, id=17991, stack(0x00007f7a22afb000,0x00007f7a22bfc000)]
  0x00007f7a180089e0 JavaThread "ClassGraph-worker-5" daemon [_thread_blocked, id=17992, stack(0x00007f7a229fa000,0x00007f7a22afb000)]
  0x00007f7a18009ea0 JavaThread "ClassGraph-worker-6" daemon [_thread_in_Java, id=17993, stack(0x00007f7a228f9000,0x00007f7a229fa000)]
  0x00007f7a1800b290 JavaThread "ClassGraph-worker-7" daemon [_thread_blocked, id=17994, stack(0x00007f7a227f8000,0x00007f7a228f9000)]
  0x00007f7a1800c680 JavaThread "ClassGraph-worker-8" daemon [_thread_in_Java, id=17995, stack(0x00007f7a226f7000,0x00007f7a227f8000)]
  0x00007f7a1800da70 JavaThread "ClassGraph-worker-9" daemon [_thread_blocked, id=17996, stack(0x00007f7a225f6000,0x00007f7a226f7000)]
  0x00007f7a1800ee60 JavaThread "ClassGraph-worker-10" daemon [_thread_blocked, id=17997, stack(0x00007f7a216ff000,0x00007f7a21800000)]
  0x00007f7a18010250 JavaThread "ClassGraph-worker-11" daemon [_thread_blocked, id=17998, stack(0x00007f7a215fe000,0x00007f7a216ff000)]
  0x00007f7a18011640 JavaThread "ClassGraph-worker-12" daemon [_thread_blocked, id=17999, stack(0x00007f7a214fd000,0x00007f7a215fe000)]
  0x00007f7a18012b40 JavaThread "ClassGraph-worker-13" daemon [_thread_blocked, id=18000, stack(0x00007f7a213fc000,0x00007f7a214fd000)]
  0x00007f7a18014040 JavaThread "ClassGraph-worker-14" daemon [_thread_blocked, id=18001, stack(0x00007f7a212fb000,0x00007f7a213fc000)]
  0x00007f7a18016250 JavaThread "ClassGraph-worker-15" daemon [_thread_blocked, id=18002, stack(0x00007f7a211fa000,0x00007f7a212fb000)]
  0x00007f7a18017750 JavaThread "ClassGraph-worker-16" daemon [_thread_blocked, id=18003, stack(0x00007f7a210f9000,0x00007f7a211fa000)]
  0x00007f7a18018c70 JavaThread "ClassGraph-worker-17" daemon [_thread_blocked, id=18004, stack(0x00007f7a20ff8000,0x00007f7a210f9000)]
  0x00007f7a1801a190 JavaThread "ClassGraph-worker-18" daemon [_thread_blocked, id=18005, stack(0x00007f7a20ef7000,0x00007f7a20ff8000)]

Other Threads:
  0x00007f7ad8178fd0 VMThread "VM Thread" [stack: 0x00007f7ab4300000,0x00007f7ab4400000] [id=17872] _threads_hazard_ptr=0x00007f7a1801b520
  0x00007f7ad81fa600 WatcherThread [stack: 0x00007f7a973f5000,0x00007f7a974f5000] [id=17893]
  0x00007f7ad807c350 GCTaskThread "GC Thread#0" [stack: 0x00007f7ab7c6d000,0x00007f7ab7d6d000] [id=17867]
  0x00007f7a980065a0 GCTaskThread "GC Thread#1" [stack: 0x00007f7a972f3000,0x00007f7a973f3000] [id=17894]
  0x00007f7a98006fd0 GCTaskThread "GC Thread#2" [stack: 0x00007f7a971f1000,0x00007f7a972f1000] [id=17895]
  0x00007f7a98007a00 GCTaskThread "GC Thread#3" [stack: 0x00007f7a970ef000,0x00007f7a971ef000] [id=17896]
  0x00007f7a98008430 GCTaskThread "GC Thread#4" [stack: 0x00007f7a96fed000,0x00007f7a970ed000] [id=17897]
  0x00007f7a98008e60 GCTaskThread "GC Thread#5" [stack: 0x00007f7a96eeb000,0x00007f7a96feb000] [id=17898]
  0x00007f7a9800f650 GCTaskThread "GC Thread#6" [stack: 0x00007f7a96ce8000,0x00007f7a96de8000] [id=17900]
  0x00007f7a9800fce0 GCTaskThread "GC Thread#7" [stack: 0x00007f7a96be6000,0x00007f7a96ce6000] [id=17901]
  0x00007f7a98010710 GCTaskThread "GC Thread#8" [stack: 0x00007f7a96ae4000,0x00007f7a96be4000] [id=17902]
  0x00007f7a98011140 GCTaskThread "GC Thread#9" [stack: 0x00007f7a969e2000,0x00007f7a96ae2000] [id=17903]
  0x00007f7ad808d0e0 ConcurrentGCThread "G1 Main Marker" [stack: 0x00007f7ab7b6b000,0x00007f7ab7c6b000] [id=17868]
  0x00007f7ad808e040 ConcurrentGCThread "G1 Conc#0" [stack: 0x00007f7ab7a69000,0x00007f7ab7b69000] [id=17869]
  0x00007f7aa8000d30 ConcurrentGCThread "G1 Conc#1" [stack: 0x00007f7a95dff000,0x00007f7a95eff000] [id=17911]
  0x00007f7aa8001770 ConcurrentGCThread "G1 Conc#2" [stack: 0x00007f7a95cfd000,0x00007f7a95dfd000] [id=17912]
  0x00007f7ad814a320 ConcurrentGCThread "G1 Refine#0" [stack: 0x00007f7ab4f5d000,0x00007f7ab505d000] [id=17870]
  0x00007f7ad814b210 ConcurrentGCThread "G1 Service" [stack: 0x00007f7ab4e5b000,0x00007f7ab4f5b000] [id=17871]

Threads with active compile tasks:
C2 CompilerThread0     5521 6323       4       java.util.regex.Matcher::reset (128 bytes)
C1 CompilerThread0     5522 6329   !   3       nonapi.io.github.classgraph.fastzipfilereader.LogicalZipFile::getManifestValue (335 bytes)
C2 CompilerThread1     5522 5611   !   4       org.springframework.core.annotation.AnnotationsScanner::processMethodHierarchy (276 bytes)
C2 CompilerThread2     5522 5411       4       org.springframework.core.annotation.TypeMappedAnnotations::get (52 bytes)

VM state: synchronizing (normal execution)

VM Mutex/Monitor currently owned by a thread:  ([mutex/lock_event])
[0x00007f7ad8028240] Threads_lock - owner thread: 0x00007f7ad8178fd0
[0x00007f7ad80289f0] Heap_lock - owner thread: 0x00007f7a18010250

Heap address: 0x0000000708800000, size: 3960 MB, Compressed Oops mode: Zero based, Oop shift amount: 3

CDS archive(s) mapped at: [0x0000000800000000-0x0000000800bdf000-0x0000000800bdf000), size 12447744, SharedBaseAddress: 0x0000000800000000, ArchiveRelocationMode: 0.
Compressed class space mapped at: 0x0000000800c00000-0x0000000840c00000, reserved size: 1073741824
Narrow klass base: 0x0000000800000000, Narrow klass shift: 0, Narrow klass range: 0x100000000

GC Precious Log:
 CPUs: 12 total, 12 available
 Memory: 15835M
 Large Page Support: Disabled
 NUMA Support: Disabled
 Compressed Oops: Enabled (Zero based)
 Heap Region Size: 2M
 Heap Min Capacity: 8M
 Heap Initial Capacity: 248M
 Heap Max Capacity: 3960M
 Pre-touch: Disabled
 Parallel Workers: 10
 Concurrent Workers: 3
 Concurrent Refinement Workers: 10
 Periodic GC: Disabled

Heap:
 garbage-first heap   total 122880K, used 92838K [0x0000000708800000, 0x0000000800000000)
  region size 2048K, 32 young (65536K), 4 survivors (8192K)
 Metaspace       used 66559K, committed 67008K, reserved 1114112K
  class space    used 8839K, committed 9088K, reserved 1048576K

Heap Regions: E=young(eden), S=young(survivor), O=old, HS=humongous(starts), HC=humongous(continues), CS=collection set, F=free, OA=open archive, CA=closed archive, TAMS=top-at-mark-start (previous, next)
|   0|0x0000000708800000, 0x0000000708a00000, 0x0000000708a00000|100%| O|  |TAMS 0x0000000708a00000, 0x0000000708800000| Untracked 
|   1|0x0000000708a00000, 0x0000000708c00000, 0x0000000708c00000|100%| O|  |TAMS 0x0000000708c00000, 0x0000000708a00000| Untracked 
|   2|0x0000000708c00000, 0x0000000708e00000, 0x0000000708e00000|100%| O|  |TAMS 0x0000000708e00000, 0x0000000708c00000| Untracked 
|   3|0x0000000708e00000, 0x0000000708fd3200, 0x0000000709000000| 91%| O|  |TAMS 0x0000000708fd3200, 0x0000000708e00000| Untracked 
|   4|0x0000000709000000, 0x0000000709200000, 0x0000000709200000|100%| O|  |TAMS 0x0000000709200000, 0x0000000709000000| Untracked 
|   5|0x0000000709200000, 0x0000000709400000, 0x0000000709400000|100%| O|  |TAMS 0x0000000709400000, 0x0000000709200000| Untracked 
|   6|0x0000000709400000, 0x0000000709600000, 0x0000000709600000|100%| O|  |TAMS 0x0000000709600000, 0x0000000709400000| Untracked 
|   7|0x0000000709600000, 0x0000000709800000, 0x0000000709800000|100%| O|  |TAMS 0x0000000709600000, 0x0000000709600000| Untracked 
|   8|0x0000000709800000, 0x00000007099bee00, 0x0000000709a00000| 87%| O|  |TAMS 0x0000000709800000, 0x0000000709800000| Untracked 
|   9|0x0000000709a00000, 0x0000000709a00000, 0x0000000709c00000|  0%| F|  |TAMS 0x0000000709a00000, 0x0000000709a00000| Untracked 
|  10|0x0000000709c00000, 0x0000000709c00000, 0x0000000709e00000|  0%| F|  |TAMS 0x0000000709c00000, 0x0000000709c00000| Untracked 
|  11|0x0000000709e00000, 0x000000070a000000, 0x000000070a000000|100%| O|  |TAMS 0x000000070a000000, 0x0000000709e00000| Untracked 
|  12|0x000000070a000000, 0x000000070a200000, 0x000000070a200000|100%| O|  |TAMS 0x000000070a200000, 0x000000070a000000| Untracked 
|  13|0x000000070a200000, 0x000000070a3f0c00, 0x000000070a400000| 97%| O|  |TAMS 0x000000070a3f0c00, 0x000000070a200000| Untracked 
|  14|0x000000070a400000, 0x000000070a400000, 0x000000070a600000|  0%| F|  |TAMS 0x000000070a400000, 0x000000070a400000| Untracked 
|  15|0x000000070a600000, 0x000000070a800000, 0x000000070a800000|100%| O|  |TAMS 0x000000070a800000, 0x000000070a600000| Untracked 
|  16|0x000000070a800000, 0x000000070aa00000, 0x000000070aa00000|100%| O|  |TAMS 0x000000070a828800, 0x000000070a800000| Untracked 
|  17|0x000000070aa00000, 0x000000070aa00000, 0x000000070ac00000|  0%| F|  |TAMS 0x000000070aa00000, 0x000000070aa00000| Untracked 
|  18|0x000000070ac00000, 0x000000070ac00000, 0x000000070ae00000|  0%| F|  |TAMS 0x000000070ac00000, 0x000000070ac00000| Untracked 
|  19|0x000000070ae00000, 0x000000070af2df80, 0x000000070b000000| 58%| S|CS|TAMS 0x000000070ae00000, 0x000000070ae00000| Complete 
|  20|0x000000070b000000, 0x000000070b000000, 0x000000070b200000|  0%| F|  |TAMS 0x000000070b000000, 0x000000070b000000| Untracked 
|  21|0x000000070b200000, 0x000000070b200000, 0x000000070b400000|  0%| F|  |TAMS 0x000000070b200000, 0x000000070b200000| Untracked 
|  22|0x000000070b400000, 0x000000070b400000, 0x000000070b600000|  0%| F|  |TAMS 0x000000070b400000, 0x000000070b400000| Untracked 
|  23|0x000000070b600000, 0x000000070b800000, 0x000000070b800000|100%| S|CS|TAMS 0x000000070b600000, 0x000000070b600000| Complete 
|  24|0x000000070b800000, 0x000000070ba00000, 0x000000070ba00000|100%| S|CS|TAMS 0x000000070b800000, 0x000000070b800000| Complete 
|  25|0x000000070ba00000, 0x000000070bc00000, 0x000000070bc00000|100%| S|CS|TAMS 0x000000070ba00000, 0x000000070ba00000| Complete 
|  26|0x000000070bc00000, 0x000000070bc00000, 0x000000070be00000|  0%| F|  |TAMS 0x000000070bc00000, 0x000000070bc00000| Untracked 
|  27|0x000000070be00000, 0x000000070be00000, 0x000000070c000000|  0%| F|  |TAMS 0x000000070be00000, 0x000000070be00000| Untracked 
|  28|0x000000070c000000, 0x000000070c000000, 0x000000070c200000|  0%| F|  |TAMS 0x000000070c000000, 0x000000070c000000| Untracked 
|  29|0x000000070c200000, 0x000000070c200000, 0x000000070c400000|  0%| F|  |TAMS 0x000000070c200000, 0x000000070c200000| Untracked 
|  30|0x000000070c400000, 0x000000070c600000, 0x000000070c600000|100%| E|CS|TAMS 0x000000070c400000, 0x000000070c400000| Complete 
|  31|0x000000070c600000, 0x000000070c800000, 0x000000070c800000|100%| E|CS|TAMS 0x000000070c600000, 0x000000070c600000| Complete 
|  32|0x000000070c800000, 0x000000070ca00000, 0x000000070ca00000|100%| E|CS|TAMS 0x000000070c800000, 0x000000070c800000| Complete 
|  33|0x000000070ca00000, 0x000000070cc00000, 0x000000070cc00000|100%| E|CS|TAMS 0x000000070ca00000, 0x000000070ca00000| Complete 
|  34|0x000000070cc00000, 0x000000070ce00000, 0x000000070ce00000|100%| E|CS|TAMS 0x000000070cc00000, 0x000000070cc00000| Complete 
|  35|0x000000070ce00000, 0x000000070d000000, 0x000000070d000000|100%| E|CS|TAMS 0x000000070ce00000, 0x000000070ce00000| Complete 
|  36|0x000000070d000000, 0x000000070d200000, 0x000000070d200000|100%| E|  |TAMS 0x000000070d000000, 0x000000070d000000| Complete 
|  37|0x000000070d200000, 0x000000070d400000, 0x000000070d400000|100%| E|CS|TAMS 0x000000070d200000, 0x000000070d200000| Complete 
|  38|0x000000070d400000, 0x000000070d600000, 0x000000070d600000|100%| E|CS|TAMS 0x000000070d400000, 0x000000070d400000| Complete 
|  39|0x000000070d600000, 0x000000070d800000, 0x000000070d800000|100%| E|CS|TAMS 0x000000070d600000, 0x000000070d600000| Complete 
|  40|0x000000070d800000, 0x000000070da00000, 0x000000070da00000|100%| E|CS|TAMS 0x000000070d800000, 0x000000070d800000| Complete 
|  41|0x000000070da00000, 0x000000070dc00000, 0x000000070dc00000|100%| E|CS|TAMS 0x000000070da00000, 0x000000070da00000| Complete 
|  42|0x000000070dc00000, 0x000000070de00000, 0x000000070de00000|100%| E|CS|TAMS 0x000000070dc00000, 0x000000070dc00000| Complete 
|  43|0x000000070de00000, 0x000000070e000000, 0x000000070e000000|100%| E|CS|TAMS 0x000000070de00000, 0x000000070de00000| Complete 
|  44|0x000000070e000000, 0x000000070e200000, 0x000000070e200000|100%| E|CS|TAMS 0x000000070e000000, 0x000000070e000000| Complete 
|  45|0x000000070e200000, 0x000000070e400000, 0x000000070e400000|100%| E|CS|TAMS 0x000000070e200000, 0x000000070e200000| Complete 
|  46|0x000000070e400000, 0x000000070e600000, 0x000000070e600000|100%| E|CS|TAMS 0x000000070e400000, 0x000000070e400000| Complete 
|  47|0x000000070e600000, 0x000000070e800000, 0x000000070e800000|100%| E|CS|TAMS 0x000000070e600000, 0x000000070e600000| Complete 
|  48|0x000000070e800000, 0x000000070ea00000, 0x000000070ea00000|100%| E|CS|TAMS 0x000000070e800000, 0x000000070e800000| Complete 
|  49|0x000000070ea00000, 0x000000070ec00000, 0x000000070ec00000|100%| E|CS|TAMS 0x000000070ea00000, 0x000000070ea00000| Complete 
|  50|0x000000070ec00000, 0x000000070ee00000, 0x000000070ee00000|100%| E|CS|TAMS 0x000000070ec00000, 0x000000070ec00000| Complete 
|  51|0x000000070ee00000, 0x000000070f000000, 0x000000070f000000|100%| E|CS|TAMS 0x000000070ee00000, 0x000000070ee00000| Complete 
|  52|0x000000070f000000, 0x000000070f200000, 0x000000070f200000|100%| E|CS|TAMS 0x000000070f000000, 0x000000070f000000| Complete 
|  69|0x0000000711200000, 0x0000000711400000, 0x0000000711400000|100%| E|CS|TAMS 0x0000000711200000, 0x0000000711200000| Complete 
|  70|0x0000000711400000, 0x0000000711600000, 0x0000000711600000|100%| E|CS|TAMS 0x0000000711400000, 0x0000000711400000| Complete 
|  71|0x0000000711600000, 0x0000000711800000, 0x0000000711800000|100%| E|CS|TAMS 0x0000000711600000, 0x0000000711600000| Complete 
|  72|0x0000000711800000, 0x0000000711a00000, 0x0000000711a00000|100%| E|CS|TAMS 0x0000000711800000, 0x0000000711800000| Complete 
| 123|0x0000000717e00000, 0x0000000718000000, 0x0000000718000000|100%| E|CS|TAMS 0x0000000717e00000, 0x0000000717e00000| Complete 
|1978|0x00000007ffc00000, 0x00000007ffd76000, 0x00000007ffe00000| 73%|OA|  |TAMS 0x00000007ffd76000, 0x00000007ffc00000| Untracked 
|1979|0x00000007ffe00000, 0x00000007ffe83000, 0x0000000800000000| 25%|CA|  |TAMS 0x00000007ffe83000, 0x00000007ffe00000| Untracked 

Card table byte_map: [0x00007f7ac00e9000,0x00007f7ac08a5000] _byte_map_base: 0x00007f7abc8a5000

Marking Bits (Prev, Next): (CMBitMap*) 0x00007f7ad807ce10, (CMBitMap*) 0x00007f7ad807cdd0
 Prev Bits: [0x00007f7ab7d6d000, 0x00007f7abbb4d000)
 Next Bits: [0x00007f7abbb4d000, 0x00007f7abf92d000)

Polling page: 0x00007f7ade5d9000

Metaspace:

Usage:
  Non-class:     56,37 MB used.
      Class:      8,63 MB used.
       Both:     65,00 MB used.

Virtual space:
  Non-class space:       64,00 MB reserved,      56,56 MB ( 88%) committed,  8 nodes.
      Class space:        1,00 GB reserved,       8,88 MB ( <1%) committed,  1 nodes.
             Both:        1,06 GB reserved,      65,44 MB (  6%) committed. 

Chunk freelists:
   Non-Class:  3,12 MB
       Class:  2,98 MB
        Both:  6,11 MB

MaxMetaspaceSize: unlimited
CompressedClassSpaceSize: 1,00 GB
Initial GC threshold: 21,00 MB
Current GC threshold: 98,56 MB
CDS: on
MetaspaceReclaimPolicy: balanced
 - commit_granule_bytes: 65536.
 - commit_granule_words: 8192.
 - virtual_space_node_default_size: 1048576.
 - enlarge_chunks_in_place: 1.
 - new_chunks_are_fully_committed: 0.
 - uncommit_free_chunks: 1.
 - use_allocation_guard: 0.
 - handle_deallocations: 1.


Internal statistics:

num_allocs_failed_limit: 9.
num_arena_births: 574.
num_arena_deaths: 0.
num_vsnodes_births: 9.
num_vsnodes_deaths: 0.
num_space_committed: 1047.
num_space_uncommitted: 0.
num_chunks_returned_to_freelist: 9.
num_chunks_taken_from_freelist: 3014.
num_chunk_merges: 9.
num_chunk_splits: 2162.
num_chunks_enlarged: 1671.
num_purges: 0.
num_inconsistent_stats: 0.

CodeHeap 'non-profiled nmethods': size=120028Kb used=3526Kb max_used=3526Kb free=116501Kb
 bounds [0x00007f7ac9231000, 0x00007f7ac95b1000, 0x00007f7ad0768000]
CodeHeap 'profiled nmethods': size=120028Kb used=10953Kb max_used=10953Kb free=109075Kb
 bounds [0x00007f7ac1cfa000, 0x00007f7ac27ba000, 0x00007f7ac9231000]
CodeHeap 'non-nmethods': size=5704Kb used=1352Kb max_used=1449Kb free=4351Kb
 bounds [0x00007f7ac1768000, 0x00007f7ac19d8000, 0x00007f7ac1cfa000]
 total_blobs=6182 nmethods=5558 adapters=537
 compilation: enabled
              stopped_count=0, restarted_count=0
 full_count=0

Compilation events (20 events):
Event: 5,444 Thread 0x00007f7ad8187cc0 nmethod 6313 0x00007f7ac2779f90 code [0x00007f7ac277a120, 0x00007f7ac277a250]
Event: 5,444 Thread 0x00007f7ad8187cc0 6315       2       java.lang.StringBuilder::substring (6 bytes)
Event: 5,444 Thread 0x00007f7ad8187cc0 nmethod 6315 0x00007f7ac277a390 code [0x00007f7ac277a540, 0x00007f7ac277a680]
Event: 5,444 Thread 0x00007f7ad8187cc0 6314       2       java.lang.AbstractStringBuilder::substring (10 bytes)
Event: 5,444 Thread 0x00007f7ad8187cc0 nmethod 6314 0x00007f7ac277a790 code [0x00007f7ac277a940, 0x00007f7ac277aa80]
Event: 5,444 Thread 0x00007f7ad8187cc0 6309       2       nonapi.io.github.classgraph.fileslice.reader.RandomAccessFileChannelReader::readUnsignedShort (50 bytes)
Event: 5,444 Thread 0x00007f7ad8187cc0 nmethod 6309 0x00007f7ac277ab10 code [0x00007f7ac277ace0, 0x00007f7ac277af50]
Event: 5,444 Thread 0x00007f7ad8187cc0 6311       2       nonapi.io.github.classgraph.utils.JarUtils::leafName (102 bytes)
Event: 5,445 Thread 0x00007f7ad8187cc0 nmethod 6311 0x00007f7ac277b090 code [0x00007f7ac277b280, 0x00007f7ac277b570]
Event: 5,445 Thread 0x00007f7ad8187cc0 6310  s    2       java.io.ByteArrayOutputStream::write (32 bytes)
Event: 5,445 Thread 0x00007f7ad8187cc0 nmethod 6310 0x00007f7ac277b790 code [0x00007f7ac277b940, 0x00007f7ac277bb60]
Event: 5,445 Thread 0x00007f7ad8187cc0 6317 % !   3       io.github.classgraph.ClasspathElementZip::open @ 583 (1094 bytes)
Event: 5,464 Thread 0x00007f7ad8186790 nmethod 6312% 0x00007f7ac959d590 code [0x00007f7ac959d780, 0x00007f7ac959ee48]
Event: 5,464 Thread 0x00007f7ad8186790 6324       4       nonapi.io.github.classgraph.utils.FileUtils::sanitizeEntryPath (690 bytes)
Event: 5,472 Thread 0x00007f7ad8187cc0 nmethod 6317% 0x00007f7ac277bc90 code [0x00007f7ac277cd20, 0x00007f7ac2787370]
Event: 5,472 Thread 0x00007f7ad8187cc0 6325 %     3       nonapi.io.github.classgraph.fastzipfilereader.LogicalZipFile::parseManifest @ 967 (1070 bytes)
Event: 5,476 Thread 0x00007f7ad8187cc0 nmethod 6325% 0x00007f7ac278b610 code [0x00007f7ac278c100, 0x00007f7ac27926e0]
Event: 5,476 Thread 0x00007f7ad8187cc0 6326   !   3       io.github.classgraph.ClasspathElementZip::open (1094 bytes)
Event: 5,483 Thread 0x00007f7ad8187cc0 nmethod 6326 0x00007f7ac2794410 code [0x00007f7ac27954c0, 0x00007f7ac279f8d0]
Event: 5,483 Thread 0x00007f7ad8187cc0 6327       3       nonapi.io.github.classgraph.fastzipfilereader.LogicalZipFile::parseManifest (1070 bytes)

GC Heap History (20 events):
Event: 2,238 GC heap before
{Heap before GC invocations=6 (full 0):
 garbage-first heap   total 75776K, used 18912K [0x0000000708800000, 0x0000000800000000)
  region size 2048K, 6 young (12288K), 5 survivors (10240K)
 Metaspace       used 26291K, committed 26560K, reserved 1073152K
  class space    used 3451K, committed 3584K, reserved 1048576K
}
Event: 2,244 GC heap after
{Heap after GC invocations=7 (full 0):
 garbage-first heap   total 75776K, used 19313K [0x0000000708800000, 0x0000000800000000)
  region size 2048K, 1 young (2048K), 1 survivors (2048K)
 Metaspace       used 26291K, committed 26560K, reserved 1073152K
  class space    used 3451K, committed 3584K, reserved 1048576K
}
Event: 2,277 GC heap before
{Heap before GC invocations=7 (full 0):
 garbage-first heap   total 75776K, used 50033K [0x0000000708800000, 0x0000000800000000)
  region size 2048K, 17 young (34816K), 1 survivors (2048K)
 Metaspace       used 26907K, committed 27072K, reserved 1073152K
  class space    used 3510K, committed 3584K, reserved 1048576K
}
Event: 2,278 GC heap after
{Heap after GC invocations=8 (full 0):
 garbage-first heap   total 75776K, used 18619K [0x0000000708800000, 0x0000000800000000)
  region size 2048K, 1 young (2048K), 1 survivors (2048K)
 Metaspace       used 26907K, committed 27072K, reserved 1073152K
  class space    used 3510K, committed 3584K, reserved 1048576K
}
Event: 2,689 GC heap before
{Heap before GC invocations=8 (full 0):
 garbage-first heap   total 75776K, used 53435K [0x0000000708800000, 0x0000000800000000)
  region size 2048K, 18 young (36864K), 1 survivors (2048K)
 Metaspace       used 30321K, committed 30592K, reserved 1081344K
  class space    used 3932K, committed 4032K, reserved 1048576K
}
Event: 2,693 GC heap after
{Heap after GC invocations=9 (full 0):
 garbage-first heap   total 204800K, used 20681K [0x0000000708800000, 0x0000000800000000)
  region size 2048K, 2 young (4096K), 2 survivors (4096K)
 Metaspace       used 30321K, committed 30592K, reserved 1081344K
  class space    used 3932K, committed 4032K, reserved 1048576K
}
Event: 3,290 GC heap before
{Heap before GC invocations=9 (full 0):
 garbage-first heap   total 204800K, used 69833K [0x0000000708800000, 0x0000000800000000)
  region size 2048K, 27 young (55296K), 2 survivors (4096K)
 Metaspace       used 35821K, committed 36096K, reserved 1081344K
  class space    used 4708K, committed 4864K, reserved 1048576K
}
Event: 3,296 GC heap after
{Heap after GC invocations=10 (full 0):
 garbage-first heap   total 204800K, used 24912K [0x0000000708800000, 0x0000000800000000)
  region size 2048K, 4 young (8192K), 4 survivors (8192K)
 Metaspace       used 35821K, committed 36096K, reserved 1081344K
  class space    used 4708K, committed 4864K, reserved 1048576K
}
Event: 3,443 GC heap before
{Heap before GC invocations=11 (full 0):
 garbage-first heap   total 102400K, used 80208K [0x0000000708800000, 0x0000000800000000)
  region size 2048K, 33 young (67584K), 4 survivors (8192K)
 Metaspace       used 38271K, committed 38592K, reserved 1089536K
  class space    used 4969K, committed 5120K, reserved 1048576K
}
Event: 3,448 GC heap after
{Heap after GC invocations=12 (full 0):
 garbage-first heap   total 102400K, used 26709K [0x0000000708800000, 0x0000000800000000)
  region size 2048K, 5 young (10240K), 5 survivors (10240K)
 Metaspace       used 38271K, committed 38592K, reserved 1089536K
  class space    used 4969K, committed 5120K, reserved 1048576K
}
Event: 3,751 GC heap before
{Heap before GC invocations=12 (full 0):
 garbage-first heap   total 102400K, used 73813K [0x0000000708800000, 0x0000000800000000)
  region size 2048K, 29 young (59392K), 5 survivors (10240K)
 Metaspace       used 42264K, committed 42624K, reserved 1089536K
  class space    used 5525K, committed 5696K, reserved 1048576K
}
Event: 3,755 GC heap after
{Heap after GC invocations=13 (full 0):
 garbage-first heap   total 102400K, used 28324K [0x0000000708800000, 0x0000000800000000)
  region size 2048K, 2 young (4096K), 2 survivors (4096K)
 Metaspace       used 42264K, committed 42624K, reserved 1089536K
  class space    used 5525K, committed 5696K, reserved 1048576K
}
Event: 4,224 GC heap before
{Heap before GC invocations=13 (full 0):
 garbage-first heap   total 102400K, used 77476K [0x0000000708800000, 0x0000000800000000)
  region size 2048K, 26 young (53248K), 2 survivors (4096K)
 Metaspace       used 53507K, committed 53888K, reserved 1097728K
  class space    used 7055K, committed 7232K, reserved 1048576K
}
Event: 4,230 GC heap after
{Heap after GC invocations=14 (full 0):
 garbage-first heap   total 102400K, used 30367K [0x0000000708800000, 0x0000000800000000)
  region size 2048K, 3 young (6144K), 3 survivors (6144K)
 Metaspace       used 53507K, committed 53888K, reserved 1097728K
  class space    used 7055K, committed 7232K, reserved 1048576K
}
Event: 4,616 GC heap before
{Heap before GC invocations=14 (full 0):
 garbage-first heap   total 102400K, used 69279K [0x0000000708800000, 0x0000000800000000)
  region size 2048K, 23 young (47104K), 3 survivors (6144K)
 Metaspace       used 59977K, committed 60288K, reserved 1105920K
  class space    used 7997K, committed 8128K, reserved 1048576K
}
Event: 4,620 GC heap after
{Heap after GC invocations=15 (full 0):
 garbage-first heap   total 102400K, used 32539K [0x0000000708800000, 0x0000000800000000)
  region size 2048K, 3 young (6144K), 3 survivors (6144K)
 Metaspace       used 59977K, committed 60288K, reserved 1105920K
  class space    used 7997K, committed 8128K, reserved 1048576K
}
Event: 4,934 GC heap before
{Heap before GC invocations=16 (full 0):
 garbage-first heap   total 102400K, used 77595K [0x0000000708800000, 0x0000000800000000)
  region size 2048K, 25 young (51200K), 3 survivors (6144K)
 Metaspace       used 62443K, committed 62848K, reserved 1105920K
  class space    used 8385K, committed 8576K, reserved 1048576K
}
Event: 4,938 GC heap after
{Heap after GC invocations=17 (full 0):
 garbage-first heap   total 102400K, used 34594K [0x0000000708800000, 0x0000000800000000)
  region size 2048K, 3 young (6144K), 3 survivors (6144K)
 Metaspace       used 62443K, committed 62848K, reserved 1105920K
  class space    used 8385K, committed 8576K, reserved 1048576K
}
Event: 5,212 GC heap before
{Heap before GC invocations=17 (full 0):
 garbage-first heap   total 102400K, used 79650K [0x0000000708800000, 0x0000000800000000)
  region size 2048K, 25 young (51200K), 3 survivors (6144K)
 Metaspace       used 64372K, committed 64768K, reserved 1105920K
  class space    used 8590K, committed 8768K, reserved 1048576K
}
Event: 5,216 GC heap after
{Heap after GC invocations=18 (full 0):
 garbage-first heap   total 122880K, used 37542K [0x0000000708800000, 0x0000000800000000)
  region size 2048K, 4 young (8192K), 4 survivors (8192K)
 Metaspace       used 64372K, committed 64768K, reserved 1105920K
  class space    used 8590K, committed 8768K, reserved 1048576K
}

Deoptimization events (20 events):
Event: 5,435 Thread 0x00007f7a18009ea0 Uncommon trap: reason=profile_predicate action=maybe_recompile pc=0x00007f7ac959c0fc method=nonapi.io.github.classgraph.utils.FileUtils.sanitizeEntryPath(Ljava/lang/String;ZZ)Ljava/lang/String; @ 53 c2
Event: 5,435 Thread 0x00007f7a18009ea0 DEOPT PACKING pc=0x00007f7ac959c0fc sp=0x00007f7a229f7d70
Event: 5,435 Thread 0x00007f7a1800ee60 Uncommon trap: reason=profile_predicate action=maybe_recompile pc=0x00007f7ac959c0fc method=nonapi.io.github.classgraph.utils.FileUtils.sanitizeEntryPath(Ljava/lang/String;ZZ)Ljava/lang/String; @ 53 c2
Event: 5,435 Thread 0x00007f7a18017750 Uncommon trap: reason=profile_predicate action=maybe_recompile pc=0x00007f7ac959c0fc method=nonapi.io.github.classgraph.utils.FileUtils.sanitizeEntryPath(Ljava/lang/String;ZZ)Ljava/lang/String; @ 53 c2
Event: 5,435 Thread 0x00007f7a18014040 Uncommon trap: reason=profile_predicate action=maybe_recompile pc=0x00007f7ac959c0fc method=nonapi.io.github.classgraph.utils.FileUtils.sanitizeEntryPath(Ljava/lang/String;ZZ)Ljava/lang/String; @ 53 c2
Event: 5,435 Thread 0x00007f7a18010250 Uncommon trap: reason=profile_predicate action=maybe_recompile pc=0x00007f7ac959c0fc method=nonapi.io.github.classgraph.utils.FileUtils.sanitizeEntryPath(Ljava/lang/String;ZZ)Ljava/lang/String; @ 53 c2
Event: 5,435 Thread 0x00007f7a18017750 DEOPT PACKING pc=0x00007f7ac959c0fc sp=0x00007f7a211f7d70
Event: 5,435 Thread 0x00007f7a18009ea0 DEOPT UNPACKING pc=0x00007f7ac17ba099 sp=0x00007f7a229f7d08 mode 2
Event: 5,435 Thread 0x00007f7a1800ee60 DEOPT PACKING pc=0x00007f7ac959c0fc sp=0x00007f7a217fdd70
Event: 5,435 Thread 0x00007f7a18010250 DEOPT PACKING pc=0x00007f7ac959c0fc sp=0x00007f7a216fcda0
Event: 5,435 Thread 0x00007f7a18017750 DEOPT UNPACKING pc=0x00007f7ac17ba099 sp=0x00007f7a211f7d08 mode 2
Event: 5,435 Thread 0x00007f7a1800ee60 DEOPT UNPACKING pc=0x00007f7ac17ba099 sp=0x00007f7a217fdd08 mode 2
Event: 5,435 Thread 0x00007f7a18010250 DEOPT UNPACKING pc=0x00007f7ac17ba099 sp=0x00007f7a216fcd20 mode 2
Event: 5,435 Thread 0x00007f7a18003980 Uncommon trap: trap_request=0xffffffbe fr.pc=0x00007f7ac959c0fc relative=0x00000000000002bc
Event: 5,436 Thread 0x00007f7a18003980 Uncommon trap: reason=profile_predicate action=maybe_recompile pc=0x00007f7ac959c0fc method=nonapi.io.github.classgraph.utils.FileUtils.sanitizeEntryPath(Ljava/lang/String;ZZ)Ljava/lang/String; @ 53 c2
Event: 5,436 Thread 0x00007f7a18003980 DEOPT PACKING pc=0x00007f7ac959c0fc sp=0x00007f7a22dfbd70
Event: 5,436 Thread 0x00007f7a18003980 DEOPT UNPACKING pc=0x00007f7ac17ba099 sp=0x00007f7a22dfbd08 mode 2
Event: 5,435 Thread 0x00007f7a18014040 DEOPT PACKING pc=0x00007f7ac959c0fc sp=0x00007f7a213f9d70
Event: 5,437 Thread 0x00007f7a18014040 DEOPT UNPACKING pc=0x00007f7ac17ba099 sp=0x00007f7a213f9d08 mode 2
Event: 5,435 Thread 0x00007f7a1801a190 DEOPT UNPACKING pc=0x00007f7ac17ba099 sp=0x00007f7a20ff5d08 mode 2

Classes unloaded (0 events):
No events

Classes redefined (0 events):
No events

Internal exceptions (20 events):
Event: 5,296 Thread 0x00007f7ad802baa0 Exception <a 'java/lang/ClassNotFoundException'{0x0000000711291480}: org/springframework/beans/factory/AwareCustomizer> (0x0000000711291480) 
thrown [open/src/hotspot/share/classfile/systemDictionary.cpp, line 256]
Event: 5,296 Thread 0x00007f7ad802baa0 Exception <a 'java/lang/ClassNotFoundException'{0x0000000711297998}: org/springframework/web/context/ServletContextAwareCustomizer> (0x0000000711297998) 
thrown [open/src/hotspot/share/classfile/systemDictionary.cpp, line 256]
Event: 5,296 Thread 0x00007f7ad802baa0 Exception <a 'java/lang/ClassNotFoundException'{0x000000071129ec08}: org/springframework/beans/factory/AwareCustomizer> (0x000000071129ec08) 
thrown [open/src/hotspot/share/classfile/systemDictionary.cpp, line 256]
Event: 5,296 Thread 0x00007f7ad802baa0 Exception <a 'java/lang/ClassNotFoundException'{0x00000007112a5120}: org/springframework/context/ApplicationContextAwareCustomizer> (0x00000007112a5120) 
thrown [open/src/hotspot/share/classfile/systemDictionary.cpp, line 256]
Event: 5,297 Thread 0x00007f7ad802baa0 Exception <a 'java/lang/ClassNotFoundException'{0x00000007112aca40}: org/springframework/beans/factory/AwareCustomizer> (0x00000007112aca40) 
thrown [open/src/hotspot/share/classfile/systemDictionary.cpp, line 256]
Event: 5,322 Thread 0x00007f7ad802baa0 Exception <a 'java/lang/ClassNotFoundException'{0x000000070f19a140}: java/lang/ObjectCustomizer> (0x000000070f19a140) 
thrown [open/src/hotspot/share/classfile/systemDictionary.cpp, line 256]
Event: 5,322 Thread 0x00007f7ad802baa0 Exception <a 'java/lang/ClassNotFoundException'{0x000000070f1a3e20}: org/springframework/context/support/ApplicationObjectSupportCustomizer> (0x000000070f1a3e20) 
thrown [open/src/hotspot/share/classfile/systemDictionary.cpp, line 256]
Event: 5,322 Thread 0x00007f7ad802baa0 Exception <a 'java/lang/ClassNotFoundException'{0x000000070f1ad520}: org/springframework/web/context/support/WebApplicationObjectSupportCustomizer> (0x000000070f1ad520) 
thrown [open/src/hotspot/share/classfile/systemDictionary.cpp, line 256]
Event: 5,323 Thread 0x00007f7ad802baa0 Exception <a 'java/lang/ClassNotFoundException'{0x000000070f1b58e0}: org/springframework/web/servlet/handler/AbstractHandlerMappingCustomizer> (0x000000070f1b58e0) 
thrown [open/src/hotspot/share/classfile/systemDictionary.cpp, line 256]
Event: 5,323 Thread 0x00007f7ad802baa0 Exception <a 'java/lang/ClassNotFoundException'{0x000000070f1cc370}: org/springframework/web/servlet/function/support/RouterFunctionMappingCustomizer> (0x000000070f1cc370) 
thrown [open/src/hotspot/share/classfile/systemDictionary.cpp, line 256]
Event: 5,324 Thread 0x00007f7ad802baa0 Exception <a 'java/lang/ClassNotFoundException'{0x000000070f1ea540}: org/springframework/beans/factory/InitializingBeanCustomizer> (0x000000070f1ea540) 
thrown [open/src/hotspot/share/classfile/systemDictionary.cpp, line 256]
Event: 5,324 Thread 0x00007f7ad802baa0 Exception <a 'java/lang/ClassNotFoundException'{0x000000070f1f12d0}: org/springframework/web/servlet/HandlerMappingCustomizer> (0x000000070f1f12d0) 
thrown [open/src/hotspot/share/classfile/systemDictionary.cpp, line 256]
Event: 5,324 Thread 0x00007f7ad802baa0 Exception <a 'java/lang/ClassNotFoundException'{0x000000070f1f8158}: org/springframework/core/OrderedCustomizer> (0x000000070f1f8158) 
thrown [open/src/hotspot/share/classfile/systemDictionary.cpp, line 256]
Event: 5,324 Thread 0x00007f7ad802baa0 Exception <a 'java/lang/ClassNotFoundException'{0x000000070f1ff2a8}: org/springframework/beans/factory/BeanNameAwareCustomizer> (0x000000070f1ff2a8) 
thrown [open/src/hotspot/share/classfile/systemDictionary.cpp, line 256]
Event: 5,324 Thread 0x00007f7ad802baa0 Exception <a 'java/lang/ClassNotFoundException'{0x000000070ee06988}: org/springframework/beans/factory/AwareCustomizer> (0x000000070ee06988) 
thrown [open/src/hotspot/share/classfile/systemDictionary.cpp, line 256]
Event: 5,325 Thread 0x00007f7ad802baa0 Exception <a 'java/lang/ClassNotFoundException'{0x000000070ee0cea0}: org/springframework/web/context/ServletContextAwareCustomizer> (0x000000070ee0cea0) 
thrown [open/src/hotspot/share/classfile/systemDictionary.cpp, line 256]
Event: 5,325 Thread 0x00007f7ad802baa0 Exception <a 'java/lang/ClassNotFoundException'{0x000000070ee14110}: org/springframework/beans/factory/AwareCustomizer> (0x000000070ee14110) 
thrown [open/src/hotspot/share/classfile/systemDictionary.cpp, line 256]
Event: 5,325 Thread 0x00007f7ad802baa0 Exception <a 'java/lang/ClassNotFoundException'{0x000000070ee1a628}: org/springframework/context/ApplicationContextAwareCustomizer> (0x000000070ee1a628) 
thrown [open/src/hotspot/share/classfile/systemDictionary.cpp, line 256]
Event: 5,325 Thread 0x00007f7ad802baa0 Exception <a 'java/lang/ClassNotFoundException'{0x000000070ee21f48}: org/springframework/beans/factory/AwareCustomizer> (0x000000070ee21f48) 
thrown [open/src/hotspot/share/classfile/systemDictionary.cpp, line 256]
Event: 5,328 Thread 0x00007f7ad802baa0 Exception <a 'java/lang/IncompatibleClassChangeError'{0x000000070ee53cc0}: Found class java.lang.Object, but interface was expected> (0x000000070ee53cc0) 
thrown [open/src/hotspot/share/interpreter/linkResolver.cpp, line 833]

VM Operations (20 events):
Event: 5,433 Executing VM operation: ICBufferFull
Event: 5,434 Executing VM operation: ICBufferFull done
Event: 5,437 Executing VM operation: ICBufferFull
Event: 5,437 Executing VM operation: ICBufferFull done
Event: 5,441 Executing VM operation: ICBufferFull
Event: 5,441 Executing VM operation: ICBufferFull done
Event: 5,452 Executing VM operation: ICBufferFull
Event: 5,455 Executing VM operation: ICBufferFull done
Event: 5,455 Executing VM operation: ICBufferFull
Event: 5,456 Executing VM operation: ICBufferFull done
Event: 5,464 Executing VM operation: ICBufferFull
Event: 5,464 Executing VM operation: ICBufferFull done
Event: 5,471 Executing VM operation: ICBufferFull
Event: 5,471 Executing VM operation: ICBufferFull done
Event: 5,480 Executing VM operation: ICBufferFull
Event: 5,482 Executing VM operation: ICBufferFull done
Event: 5,483 Executing VM operation: ICBufferFull
Event: 5,483 Executing VM operation: ICBufferFull done
Event: 5,483 Executing VM operation: ICBufferFull
Event: 5,483 Executing VM operation: ICBufferFull done

Events (20 events):
Event: 5,394 loading class nonapi/io/github/classgraph/fileslice/reader/RandomAccessFileChannelReader
Event: 5,394 loading class nonapi/io/github/classgraph/fileslice/reader/RandomAccessFileChannelReader done
Event: 5,394 loading class java/nio/channels/spi/AbstractInterruptibleChannel$1
Event: 5,394 loading class sun/nio/ch/Interruptible
Event: 5,394 loading class sun/nio/ch/Interruptible done
Event: 5,394 loading class java/nio/channels/spi/AbstractInterruptibleChannel$1 done
Event: 5,395 loading class nonapi/io/github/classgraph/fileslice/reader/RandomAccessArrayReader
Event: 5,395 loading class nonapi/io/github/classgraph/fileslice/reader/RandomAccessArrayReader done
Event: 5,395 loading class java/nio/ReadOnlyBufferException
Event: 5,396 loading class java/nio/ReadOnlyBufferException done
Event: 5,396 loading class nonapi/io/github/classgraph/utils/StringUtils
Event: 5,396 loading class nonapi/io/github/classgraph/utils/StringUtils done
Event: 5,396 loading class nonapi/io/github/classgraph/fastzipfilereader/FastZipEntry
Event: 5,396 loading class nonapi/io/github/classgraph/fastzipfilereader/FastZipEntry done
Event: 5,397 loading class java/util/zip/DataFormatException
Event: 5,397 loading class java/util/zip/DataFormatException done
Event: 5,397 loading class nonapi/io/github/classgraph/fastzipfilereader/NestedJarHandler$RecyclableInflater
Event: 5,397 loading class nonapi/io/github/classgraph/fastzipfilereader/NestedJarHandler$RecyclableInflater done
Event: 5,397 loading class nonapi/io/github/classgraph/recycler/Resettable
Event: 5,397 loading class nonapi/io/github/classgraph/recycler/Resettable done


Dynamic libraries:
708800000-70f200000 rw-p 00000000 00:00 0 
70f200000-711200000 ---p 00000000 00:00 0 
711200000-711a00000 rw-p 00000000 00:00 0 
711a00000-717e00000 ---p 00000000 00:00 0 
717e00000-718000000 rw-p 00000000 00:00 0 
718000000-7ffc00000 ---p 00000000 00:00 0 
7ffc00000-7ffd00000 rw-p 00000000 00:00 0 
7ffd00000-7ffd76000 rw-p 00c9b000 08:03 1049026                          /usr/lib/jvm/java-17-oracle/lib/server/classes.jsa
7ffd76000-7ffe00000 rw-p 00000000 00:00 0 
7ffe00000-7ffe83000 rw-p 00c18000 08:03 1049026                          /usr/lib/jvm/java-17-oracle/lib/server/classes.jsa
7ffe83000-800000000 rw-p 00000000 00:00 0 
800000000-800bdf000 rw-p 00001000 08:03 1049026                          /usr/lib/jvm/java-17-oracle/lib/server/classes.jsa
800bdf000-800c00000 ---p 00000000 00:00 0 
800c00000-800c40000 rw-p 00000000 00:00 0 
800c40000-800c80000 rw-p 00000000 00:00 0 
800c80000-800d00000 rw-p 00000000 00:00 0 
800d00000-800e80000 rw-p 00000000 00:00 0 
800e80000-8010e0000 rw-p 00000000 00:00 0 
8010e0000-801100000 rw-p 00000000 00:00 0 
801100000-8014d0000 rw-p 00000000 00:00 0 
8014d0000-801500000 ---p 00000000 00:00 0 
801500000-801510000 rw-p 00000000 00:00 0 
801510000-840c00000 ---p 00000000 00:00 0 
55c1d283c000-55c1d283d000 r-xp 00000000 08:03 1048600                    /usr/lib/jvm/java-17-oracle/bin/java
55c1d283e000-55c1d283f000 r--p 00001000 08:03 1048600                    /usr/lib/jvm/java-17-oracle/bin/java
55c1d283f000-55c1d2840000 rw-p 00002000 08:03 1048600                    /usr/lib/jvm/java-17-oracle/bin/java
55c1d2d4e000-55c1d2d6f000 rw-p 00000000 00:00 0                          [heap]
7f79cc000000-7f79cc028000 rw-p 00000000 00:00 0 
7f79cc028000-7f79d0000000 ---p 00000000 00:00 0 
7f79d0000000-7f79d0021000 rw-p 00000000 00:00 0 
7f79d0021000-7f79d4000000 ---p 00000000 00:00 0 
7f79d4000000-7f79d404f000 rw-p 00000000 00:00 0 
7f79d404f000-7f79d8000000 ---p 00000000 00:00 0 
7f79d8000000-7f79d8080000 rw-p 00000000 00:00 0 
7f79d8080000-7f79dc000000 ---p 00000000 00:00 0 
7f79dc000000-7f79dc094000 rw-p 00000000 00:00 0 
7f79dc094000-7f79e0000000 ---p 00000000 00:00 0 
7f79e0000000-7f79e0038000 rw-p 00000000 00:00 0 
7f79e0038000-7f79e4000000 ---p 00000000 00:00 0 
7f79e4000000-7f79e407f000 rw-p 00000000 00:00 0 
7f79e407f000-7f79e8000000 ---p 00000000 00:00 0 
7f79e8000000-7f79e802c000 rw-p 00000000 00:00 0 
7f79e802c000-7f79ec000000 ---p 00000000 00:00 0 
7f79ec000000-7f79ec021000 rw-p 00000000 00:00 0 
7f79ec021000-7f79f0000000 ---p 00000000 00:00 0 
7f79f0000000-7f79f002a000 rw-p 00000000 00:00 0 
7f79f002a000-7f79f4000000 ---p 00000000 00:00 0 
7f79f4000000-7f79f4030000 rw-p 00000000 00:00 0 
7f79f4030000-7f79f8000000 ---p 00000000 00:00 0 
7f79f8000000-7f79f802a000 rw-p 00000000 00:00 0 
7f79f802a000-7f79fc000000 ---p 00000000 00:00 0 
7f79fc000000-7f79fc095000 rw-p 00000000 00:00 0 
7f79fc095000-7f7a00000000 ---p 00000000 00:00 0 
7f7a00000000-7f7a00026000 rw-p 00000000 00:00 0 
7f7a00026000-7f7a04000000 ---p 00000000 00:00 0 
7f7a04000000-7f7a0403b000 rw-p 00000000 00:00 0 
7f7a0403b000-7f7a08000000 ---p 00000000 00:00 0 
7f7a08000000-7f7a08021000 rw-p 00000000 00:00 0 
7f7a08021000-7f7a0c000000 ---p 00000000 00:00 0 
7f7a0c000000-7f7a0c02d000 rw-p 00000000 00:00 0 
7f7a0c02d000-7f7a10000000 ---p 00000000 00:00 0 
7f7a10000000-7f7a10021000 rw-p 00000000 00:00 0 
7f7a10021000-7f7a14000000 ---p 00000000 00:00 0 
7f7a14000000-7f7a14021000 rw-p 00000000 00:00 0 
7f7a14021000-7f7a18000000 ---p 00000000 00:00 0 
7f7a18000000-7f7a18039000 rw-p 00000000 00:00 0 
7f7a18039000-7f7a1c000000 ---p 00000000 00:00 0 
7f7a1c000000-7f7a1c021000 rw-p 00000000 00:00 0 
7f7a1c021000-7f7a20000000 ---p 00000000 00:00 0 
7f7a20ef7000-7f7a20efb000 ---p 00000000 00:00 0 
7f7a20efb000-7f7a20ff8000 rw-p 00000000 00:00 0 
7f7a20ff8000-7f7a20ffc000 ---p 00000000 00:00 0 
7f7a20ffc000-7f7a210f9000 rw-p 00000000 00:00 0 
7f7a210f9000-7f7a210fd000 ---p 00000000 00:00 0 
7f7a210fd000-7f7a211fa000 rw-p 00000000 00:00 0 
7f7a211fa000-7f7a211fe000 ---p 00000000 00:00 0 
7f7a211fe000-7f7a212fb000 rw-p 00000000 00:00 0 
7f7a212fb000-7f7a212ff000 ---p 00000000 00:00 0 
7f7a212ff000-7f7a213fc000 rw-p 00000000 00:00 0 
7f7a213fc000-7f7a21400000 ---p 00000000 00:00 0 
7f7a21400000-7f7a214fd000 rw-p 00000000 00:00 0 
7f7a214fd000-7f7a21501000 ---p 00000000 00:00 0 
7f7a21501000-7f7a215fe000 rw-p 00000000 00:00 0 
7f7a215fe000-7f7a21602000 ---p 00000000 00:00 0 
7f7a21602000-7f7a216ff000 rw-p 00000000 00:00 0 
7f7a216ff000-7f7a21703000 ---p 00000000 00:00 0 
7f7a21703000-7f7a218e0000 rw-p 00000000 00:00 0 
7f7a218e0000-7f7a22000000 ---p 00000000 00:00 0 
7f7a2211e000-7f7a225f6000 rw-p 00000000 00:00 0 
7f7a225f6000-7f7a225fa000 ---p 00000000 00:00 0 
7f7a225fa000-7f7a226f7000 rw-p 00000000 00:00 0 
7f7a226f7000-7f7a226fb000 ---p 00000000 00:00 0 
7f7a226fb000-7f7a227f8000 rw-p 00000000 00:00 0 
7f7a227f8000-7f7a227fc000 ---p 00000000 00:00 0 
7f7a227fc000-7f7a228f9000 rw-p 00000000 00:00 0 
7f7a228f9000-7f7a228fd000 ---p 00000000 00:00 0 
7f7a228fd000-7f7a229fa000 rw-p 00000000 00:00 0 
7f7a229fa000-7f7a229fe000 ---p 00000000 00:00 0 
7f7a229fe000-7f7a22afb000 rw-p 00000000 00:00 0 
7f7a22afb000-7f7a22aff000 ---p 00000000 00:00 0 
7f7a22aff000-7f7a22bfc000 rw-p 00000000 00:00 0 
7f7a22bfc000-7f7a22c00000 ---p 00000000 00:00 0 
7f7a22c00000-7f7a22cfd000 rw-p 00000000 00:00 0 
7f7a22cfd000-7f7a22d01000 ---p 00000000 00:00 0 
7f7a22d01000-7f7a22dfe000 rw-p 00000000 00:00 0 
7f7a22dfe000-7f7a22e02000 ---p 00000000 00:00 0 
7f7a22e02000-7f7a22eff000 rw-p 00000000 00:00 0 
7f7a22eff000-7f7a22f03000 ---p 00000000 00:00 0 
7f7a22f03000-7f7a23780000 rw-p 00000000 00:00 0 
7f7a23780000-7f7a237b0000 rw-p 00000000 00:00 0 
7f7a237b0000-7f7a23800000 ---p 00000000 00:00 0 
7f7a23800000-7f7a24000000 rw-p 00000000 00:00 0 
7f7a24000000-7f7a24021000 rw-p 00000000 00:00 0 
7f7a24021000-7f7a28000000 ---p 00000000 00:00 0 
7f7a28000000-7f7a28021000 rw-p 00000000 00:00 0 
7f7a28021000-7f7a2c000000 ---p 00000000 00:00 0 
7f7a2c000000-7f7a2c411000 rw-p 00000000 00:00 0 
7f7a2c411000-7f7a30000000 ---p 00000000 00:00 0 
7f7a30000000-7f7a30021000 rw-p 00000000 00:00 0 
7f7a30021000-7f7a34000000 ---p 00000000 00:00 0 
7f7a34000000-7f7a34021000 rw-p 00000000 00:00 0 
7f7a34021000-7f7a38000000 ---p 00000000 00:00 0 
7f7a38000000-7f7a3a3cc000 rw-p 00000000 00:00 0 
7f7a3a3cc000-7f7a3c000000 ---p 00000000 00:00 0 
7f7a3c000000-7f7a3c021000 rw-p 00000000 00:00 0 
7f7a3c021000-7f7a40000000 ---p 00000000 00:00 0 
7f7a40000000-7f7a40021000 rw-p 00000000 00:00 0 
7f7a40021000-7f7a44000000 ---p 00000000 00:00 0 
7f7a44000000-7f7a4696d000 rw-p 00000000 00:00 0 
7f7a4696d000-7f7a48000000 ---p 00000000 00:00 0 
7f7a48000000-7f7a48021000 rw-p 00000000 00:00 0 
7f7a48021000-7f7a4c000000 ---p 00000000 00:00 0 
7f7a4c000000-7f7a4c021000 rw-p 00000000 00:00 0 
7f7a4c021000-7f7a50000000 ---p 00000000 00:00 0 
7f7a50000000-7f7a50021000 rw-p 00000000 00:00 0 
7f7a50021000-7f7a54000000 ---p 00000000 00:00 0 
7f7a54000000-7f7a54033000 rw-p 00000000 00:00 0 
7f7a54033000-7f7a58000000 ---p 00000000 00:00 0 
7f7a58000000-7f7a58021000 rw-p 00000000 00:00 0 
7f7a58021000-7f7a5c000000 ---p 00000000 00:00 0 
7f7a5c000000-7f7a5c021000 rw-p 00000000 00:00 0 
7f7a5c021000-7f7a60000000 ---p 00000000 00:00 0 
7f7a60000000-7f7a60021000 rw-p 00000000 00:00 0 
7f7a60021000-7f7a64000000 ---p 00000000 00:00 0 
7f7a64000000-7f7a64021000 rw-p 00000000 00:00 0 
7f7a64021000-7f7a68000000 ---p 00000000 00:00 0 
7f7a68000000-7f7a68021000 rw-p 00000000 00:00 0 
7f7a68021000-7f7a6c000000 ---p 00000000 00:00 0 
7f7a6c000000-7f7a6c036000 rw-p 00000000 00:00 0 
7f7a6c036000-7f7a70000000 ---p 00000000 00:00 0 
7f7a70000000-7f7a70130000 rw-p 00000000 00:00 0 
7f7a70130000-7f7a74000000 ---p 00000000 00:00 0 
7f7a74000000-7f7a74021000 rw-p 00000000 00:00 0 
7f7a74021000-7f7a78000000 ---p 00000000 00:00 0 
7f7a78000000-7f7a78021000 rw-p 00000000 00:00 0 
7f7a78021000-7f7a7c000000 ---p 00000000 00:00 0 
7f7a7c000000-7f7a7e69b000 rw-p 00000000 00:00 0 
7f7a7e69b000-7f7a80000000 ---p 00000000 00:00 0 
7f7a80000000-7f7a8161a000 rw-p 00000000 00:00 0 
7f7a8161a000-7f7a84000000 ---p 00000000 00:00 0 
7f7a84000000-7f7a84021000 rw-p 00000000 00:00 0 
7f7a84021000-7f7a88000000 ---p 00000000 00:00 0 
7f7a88000000-7f7a88021000 rw-p 00000000 00:00 0 
7f7a88021000-7f7a8c000000 ---p 00000000 00:00 0 
7f7a8c000000-7f7a8c021000 rw-p 00000000 00:00 0 
7f7a8c021000-7f7a90000000 ---p 00000000 00:00 0 
7f7a90000000-7f7a90021000 rw-p 00000000 00:00 0 
7f7a90021000-7f7a94000000 ---p 00000000 00:00 0 
7f7a94000000-7f7a94100000 rw-p 00000000 00:00 0 
7f7a94100000-7f7a94200000 rw-p 00000000 00:00 0 
7f7a94200000-7f7a94800000 rw-p 00000000 00:00 0 
7f7a94800000-7f7a94980000 rw-p 00000000 00:00 0 
7f7a94980000-7f7a94a00000 rw-p 00000000 00:00 0 
7f7a94a00000-7f7a94e00000 rw-p 00000000 00:00 0 
7f7a94e00000-7f7a95000000 rw-p 00000000 00:00 0 
7f7a950fd000-7f7a95101000 ---p 00000000 00:00 0 
7f7a95101000-7f7a951fe000 rw-p 00000000 00:00 0 
7f7a951fe000-7f7a95202000 ---p 00000000 00:00 0 
7f7a95202000-7f7a952ff000 rw-p 00000000 00:00 0 
7f7a952ff000-7f7a95303000 ---p 00000000 00:00 0 
7f7a95303000-7f7a95c00000 rw-p 00000000 00:00 0 
7f7a95cfb000-7f7a95cfc000 ---p 00000000 00:00 0 
7f7a95cfc000-7f7a95dfd000 rw-p 00000000 00:00 0 
7f7a95dfd000-7f7a95dfe000 ---p 00000000 00:00 0 
7f7a95dfe000-7f7a95eff000 rw-p 00000000 00:00 0 
7f7a95eff000-7f7a95f03000 ---p 00000000 00:00 0 
7f7a95f03000-7f7a96100000 rw-p 00000000 00:00 0 
7f7a96100000-7f7a96200000 rw-p 00000000 00:00 0 
7f7a96200000-7f7a96700000 rw-p 00000000 00:00 0 
7f7a96700000-7f7a96800000 rw-p 00000000 00:00 0 
7f7a968df000-7f7a968e3000 ---p 00000000 00:00 0 
7f7a968e3000-7f7a969e0000 rw-p 00000000 00:00 0 
7f7a969e0000-7f7a969e1000 ---p 00000000 00:00 0 
7f7a969e1000-7f7a96ae2000 rw-p 00000000 00:00 0 
7f7a96ae2000-7f7a96ae3000 ---p 00000000 00:00 0 
7f7a96ae3000-7f7a96be4000 rw-p 00000000 00:00 0 
7f7a96be4000-7f7a96be5000 ---p 00000000 00:00 0 
7f7a96be5000-7f7a96ce6000 rw-p 00000000 00:00 0 
7f7a96ce6000-7f7a96ce7000 ---p 00000000 00:00 0 
7f7a96ce7000-7f7a96de8000 rw-p 00000000 00:00 0 
7f7a96de8000-7f7a96dec000 ---p 00000000 00:00 0 
7f7a96dec000-7f7a96ee9000 rw-p 00000000 00:00 0 
7f7a96ee9000-7f7a96eea000 ---p 00000000 00:00 0 
7f7a96eea000-7f7a96feb000 rw-p 00000000 00:00 0 
7f7a96feb000-7f7a96fec000 ---p 00000000 00:00 0 
7f7a96fec000-7f7a970ed000 rw-p 00000000 00:00 0 
7f7a970ed000-7f7a970ee000 ---p 00000000 00:00 0 
7f7a970ee000-7f7a971ef000 rw-p 00000000 00:00 0 
7f7a971ef000-7f7a971f0000 ---p 00000000 00:00 0 
7f7a971f0000-7f7a972f1000 rw-p 00000000 00:00 0 
7f7a972f1000-7f7a972f2000 ---p 00000000 00:00 0 
7f7a972f2000-7f7a973f3000 rw-p 00000000 00:00 0 
7f7a973f3000-7f7a973f4000 ---p 00000000 00:00 0 
7f7a973f4000-7f7a974f5000 rw-p 00000000 00:00 0 
7f7a974f5000-7f7a974f9000 ---p 00000000 00:00 0 
7f7a974f9000-7f7a975f6000 rw-p 00000000 00:00 0 
7f7a975f6000-7f7a975fa000 ---p 00000000 00:00 0 
7f7a975fa000-7f7a976f7000 rw-p 00000000 00:00 0 
7f7a976f7000-7f7a976fb000 ---p 00000000 00:00 0 
7f7a976fb000-7f7a977f8000 rw-p 00000000 00:00 0 
7f7a977f8000-7f7a977fc000 ---p 00000000 00:00 0 
7f7a977fc000-7f7a978f9000 rw-p 00000000 00:00 0 
7f7a978f9000-7f7a978fd000 ---p 00000000 00:00 0 
7f7a978fd000-7f7a979fa000 rw-p 00000000 00:00 0 
7f7a979fa000-7f7a979fe000 ---p 00000000 00:00 0 
7f7a979fe000-7f7a97afb000 rw-p 00000000 00:00 0 
7f7a97afb000-7f7a97aff000 ---p 00000000 00:00 0 
7f7a97aff000-7f7a97bfc000 rw-p 00000000 00:00 0 
7f7a97bfc000-7f7a97c00000 ---p 00000000 00:00 0 
7f7a97c00000-7f7a97cfd000 rw-p 00000000 00:00 0 
7f7a97cfd000-7f7a97d01000 ---p 00000000 00:00 0 
7f7a97d01000-7f7a97dfe000 rw-p 00000000 00:00 0 
7f7a97dfe000-7f7a97e02000 ---p 00000000 00:00 0 
7f7a97e02000-7f7a97eff000 rw-p 00000000 00:00 0 
7f7a97eff000-7f7a97f03000 ---p 00000000 00:00 0 
7f7a97f03000-7f7a98000000 rw-p 00000000 00:00 0 
7f7a98000000-7f7a98021000 rw-p 00000000 00:00 0 
7f7a98021000-7f7a9c000000 ---p 00000000 00:00 0 
7f7a9c000000-7f7a9c021000 rw-p 00000000 00:00 0 
7f7a9c021000-7f7aa0000000 ---p 00000000 00:00 0 
7f7aa0000000-7f7aa0021000 rw-p 00000000 00:00 0 
7f7aa0021000-7f7aa4000000 ---p 00000000 00:00 0 
7f7aa4000000-7f7aa4021000 rw-p 00000000 00:00 0 
7f7aa4021000-7f7aa8000000 ---p 00000000 00:00 0 
7f7aa8000000-7f7aa8021000 rw-p 00000000 00:00 0 
7f7aa8021000-7f7aac000000 ---p 00000000 00:00 0 
7f7aac000000-7f7aac021000 rw-p 00000000 00:00 0 
7f7aac021000-7f7ab0000000 ---p 00000000 00:00 0 
7f7ab0000000-7f7ab0021000 rw-p 00000000 00:00 0 
7f7ab0021000-7f7ab4000000 ---p 00000000 00:00 0 
7f7ab40fc000-7f7ab4100000 ---p 00000000 00:00 0 
7f7ab4100000-7f7ab41fd000 rw-p 00000000 00:00 0 
7f7ab41fd000-7f7ab4201000 ---p 00000000 00:00 0 
7f7ab4201000-7f7ab42fe000 rw-p 00000000 00:00 0 
7f7ab42fe000-7f7ab42ff000 ---p 00000000 00:00 0 
7f7ab42ff000-7f7ab4800000 rw-p 00000000 00:00 0 
7f7ab4800000-7f7ab4c00000 rw-p 00000000 00:00 0 
7f7ab4c77000-7f7ab4c7c000 r-xp 00000000 08:03 1049004                    /usr/lib/jvm/java-17-oracle/lib/libmanagement_ext.so
7f7ab4c7c000-7f7ab4c7d000 ---p 00005000 08:03 1049004                    /usr/lib/jvm/java-17-oracle/lib/libmanagement_ext.so
7f7ab4c7d000-7f7ab4c7e000 r--p 00005000 08:03 1049004                    /usr/lib/jvm/java-17-oracle/lib/libmanagement_ext.so
7f7ab4c7e000-7f7ab4c7f000 rw-p 00006000 08:03 1049004                    /usr/lib/jvm/java-17-oracle/lib/libmanagement_ext.so
7f7ab4c7f000-7f7ab4c83000 r-xp 00000000 08:03 1049002                    /usr/lib/jvm/java-17-oracle/lib/libmanagement.so
7f7ab4c83000-7f7ab4c84000 r--p 00003000 08:03 1049002                    /usr/lib/jvm/java-17-oracle/lib/libmanagement.so
7f7ab4c84000-7f7ab4c85000 rw-p 00004000 08:03 1049002                    /usr/lib/jvm/java-17-oracle/lib/libmanagement.so
7f7ab4c85000-7f7ab4c92000 r-xp 00000000 08:03 1049015                    /usr/lib/jvm/java-17-oracle/lib/libverify.so
7f7ab4c92000-7f7ab4c94000 r--p 0000c000 08:03 1049015                    /usr/lib/jvm/java-17-oracle/lib/libverify.so
7f7ab4c94000-7f7ab4c95000 rw-p 0000e000 08:03 1049015                    /usr/lib/jvm/java-17-oracle/lib/libverify.so
7f7ab4c95000-7f7ab4caa000 r-xp 00000000 08:03 1049006                    /usr/lib/jvm/java-17-oracle/lib/libnet.so
7f7ab4caa000-7f7ab4cab000 ---p 00015000 08:03 1049006                    /usr/lib/jvm/java-17-oracle/lib/libnet.so
7f7ab4cab000-7f7ab4cac000 r--p 00015000 08:03 1049006                    /usr/lib/jvm/java-17-oracle/lib/libnet.so
7f7ab4cac000-7f7ab4cad000 rw-p 00016000 08:03 1049006                    /usr/lib/jvm/java-17-oracle/lib/libnet.so
7f7ab4cad000-7f7ab4d7b000 r-xp 00000000 08:03 1049013                    /usr/lib/jvm/java-17-oracle/lib/libsvml.so
7f7ab4d7b000-7f7ab4d7c000 r--p 000cd000 08:03 1049013                    /usr/lib/jvm/java-17-oracle/lib/libsvml.so
7f7ab4d7c000-7f7ab4d7d000 rw-p 000ce000 08:03 1049013                    /usr/lib/jvm/java-17-oracle/lib/libsvml.so
7f7ab4d7d000-7f7ab4e59000 rw-p 00000000 00:00 0 
7f7ab4e59000-7f7ab4e5a000 ---p 00000000 00:00 0 
7f7ab4e5a000-7f7ab4f5b000 rw-p 00000000 00:00 0 
7f7ab4f5b000-7f7ab4f5c000 ---p 00000000 00:00 0 
7f7ab4f5c000-7f7ab7a67000 rw-p 00000000 00:00 0 
7f7ab7a67000-7f7ab7a68000 ---p 00000000 00:00 0 
7f7ab7a68000-7f7ab7b69000 rw-p 00000000 00:00 0 
7f7ab7b69000-7f7ab7b6a000 ---p 00000000 00:00 0 
7f7ab7b6a000-7f7ab7c6b000 rw-p 00000000 00:00 0 
7f7ab7c6b000-7f7ab7c6c000 ---p 00000000 00:00 0 
7f7ab7c6c000-7f7ab7f15000 rw-p 00000000 00:00 0 
7f7ab7f15000-7f7ab7f95000 ---p 00000000 00:00 0 
7f7ab7f95000-7f7ab7fb5000 rw-p 00000000 00:00 0 
7f7ab7fb5000-7f7ab8145000 ---p 00000000 00:00 0 
7f7ab8145000-7f7ab814d000 rw-p 00000000 00:00 0 
7f7ab814d000-7f7abbb3d000 ---p 00000000 00:00 0 
7f7abbb3d000-7f7abbcf5000 rw-p 00000000 00:00 0 
7f7abbcf5000-7f7abbd75000 ---p 00000000 00:00 0 
7f7abbd75000-7f7abbd95000 rw-p 00000000 00:00 0 
7f7abbd95000-7f7abbf25000 ---p 00000000 00:00 0 
7f7abbf25000-7f7abbf2d000 rw-p 00000000 00:00 0 
7f7abbf2d000-7f7abf91d000 ---p 00000000 00:00 0 
7f7abf91d000-7f7abf962000 rw-p 00000000 00:00 0 
7f7abf962000-7f7abf972000 ---p 00000000 00:00 0 
7f7abf972000-7f7abf976000 rw-p 00000000 00:00 0 
7f7abf976000-7f7abf9a8000 ---p 00000000 00:00 0 
7f7abf9a8000-7f7abf9a9000 rw-p 00000000 00:00 0 
7f7abf9a9000-7f7ac00e7000 ---p 00000000 00:00 0 
7f7ac00e7000-7f7ac011e000 rw-p 00000000 00:00 0 
7f7ac011e000-7f7ac012e000 ---p 00000000 00:00 0 
7f7ac012e000-7f7ac0132000 rw-p 00000000 00:00 0 
7f7ac0132000-7f7ac0164000 ---p 00000000 00:00 0 
7f7ac0164000-7f7ac0165000 rw-p 00000000 00:00 0 
7f7ac0165000-7f7ac08a3000 ---p 00000000 00:00 0 
7f7ac08a3000-7f7ac08da000 rw-p 00000000 00:00 0 
7f7ac08da000-7f7ac08ea000 ---p 00000000 00:00 0 
7f7ac08ea000-7f7ac08ee000 rw-p 00000000 00:00 0 
7f7ac08ee000-7f7ac0920000 ---p 00000000 00:00 0 
7f7ac0920000-7f7ac0921000 rw-p 00000000 00:00 0 
7f7ac0921000-7f7ac105f000 ---p 00000000 00:00 0 
7f7ac105f000-7f7ac1768000 rw-p 00000000 00:00 0 
7f7ac1768000-7f7ac19d8000 rwxp 00000000 00:00 0 
7f7ac19d8000-7f7ac1cfa000 ---p 00000000 00:00 0 
7f7ac1cfa000-7f7ac27ba000 rwxp 00000000 00:00 0 
7f7ac27ba000-7f7ac9231000 ---p 00000000 00:00 0 
7f7ac9231000-7f7ac95b1000 rwxp 00000000 00:00 0 
7f7ac95b1000-7f7ad0768000 ---p 00000000 00:00 0 
7f7ad0768000-7f7ad8000000 r--s 00000000 08:03 1049017                    /usr/lib/jvm/java-17-oracle/lib/modules
7f7ad8000000-7f7ada8ca000 rw-p 00000000 00:00 0 
7f7ada8ca000-7f7adc000000 ---p 00000000 00:00 0 
7f7adc003000-7f7adc016000 r-xp 00000000 08:03 1049007                    /usr/lib/jvm/java-17-oracle/lib/libnio.so
7f7adc016000-7f7adc017000 r--p 00012000 08:03 1049007                    /usr/lib/jvm/java-17-oracle/lib/libnio.so
7f7adc017000-7f7adc018000 rw-p 00013000 08:03 1049007                    /usr/lib/jvm/java-17-oracle/lib/libnio.so
7f7adc018000-7f7adc01d000 r-xp 00000000 08:03 1048985                    /usr/lib/jvm/java-17-oracle/lib/libdt_socket.so
7f7adc01d000-7f7adc01e000 r--p 00004000 08:03 1048985                    /usr/lib/jvm/java-17-oracle/lib/libdt_socket.so
7f7adc01e000-7f7adc01f000 rw-p 00005000 08:03 1048985                    /usr/lib/jvm/java-17-oracle/lib/libdt_socket.so
7f7adc01f000-7f7adc026000 r--s 00000000 08:03 21107615                   /usr/lib/x86_64-linux-gnu/gconv/gconv-modules.cache
7f7adc026000-7f7adc3f1000 rw-p 00000000 00:00 0 
7f7adc3f1000-7f7adc4d5000 ---p 00000000 00:00 0 
7f7adc4d5000-7f7adc4eb000 rw-p 00000000 00:00 0 
7f7adc4eb000-7f7adc5c0000 ---p 00000000 00:00 0 
7f7adc5c0000-7f7adc5c5000 rw-p 00000000 00:00 0 
7f7adc5c5000-7f7adc5cc000 ---p 00000000 00:00 0 
7f7adc5cc000-7f7adc5cf000 r--p 00000000 08:03 20449595                   /usr/lib/x86_64-linux-gnu/libnss_files-2.31.so
7f7adc5cf000-7f7adc5d6000 r-xp 00003000 08:03 20449595                   /usr/lib/x86_64-linux-gnu/libnss_files-2.31.so
7f7adc5d6000-7f7adc5d8000 r--p 0000a000 08:03 20449595                   /usr/lib/x86_64-linux-gnu/libnss_files-2.31.so
7f7adc5d8000-7f7adc5d9000 r--p 0000b000 08:03 20449595                   /usr/lib/x86_64-linux-gnu/libnss_files-2.31.so
7f7adc5d9000-7f7adc5da000 rw-p 0000c000 08:03 20449595                   /usr/lib/x86_64-linux-gnu/libnss_files-2.31.so
7f7adc5da000-7f7adc5e0000 rw-p 00000000 00:00 0 
7f7adc5e2000-7f7adc5e9000 r-xp 00000000 08:03 1049016                    /usr/lib/jvm/java-17-oracle/lib/libzip.so
7f7adc5e9000-7f7adc5ea000 ---p 00007000 08:03 1049016                    /usr/lib/jvm/java-17-oracle/lib/libzip.so
7f7adc5ea000-7f7adc5eb000 r--p 00007000 08:03 1049016                    /usr/lib/jvm/java-17-oracle/lib/libzip.so
7f7adc5eb000-7f7adc5ec000 rw-p 00008000 08:03 1049016                    /usr/lib/jvm/java-17-oracle/lib/libzip.so
7f7adc5ec000-7f7adc5f4000 rw-s 00000000 08:03 23986285                   /tmp/hsperfdata_btdtuan/17864
7f7adc5f4000-7f7adce30000 r--p 00000000 08:03 20447807                   /usr/lib/locale/locale-archive
7f7adce30000-7f7adce54000 r-xp 00000000 08:03 1048993                    /usr/lib/jvm/java-17-oracle/lib/libjava.so
7f7adce54000-7f7adce55000 ---p 00024000 08:03 1048993                    /usr/lib/jvm/java-17-oracle/lib/libjava.so
7f7adce55000-7f7adce56000 r--p 00024000 08:03 1048993                    /usr/lib/jvm/java-17-oracle/lib/libjava.so
7f7adce56000-7f7adce57000 rw-p 00025000 08:03 1048993                    /usr/lib/jvm/java-17-oracle/lib/libjava.so
7f7adce57000-7f7adce58000 rw-p 00000000 00:00 0 
7f7adce58000-7f7adce96000 r-xp 00000000 08:03 1048996                    /usr/lib/jvm/java-17-oracle/lib/libjdwp.so
7f7adce96000-7f7adce97000 r--p 0003d000 08:03 1048996                    /usr/lib/jvm/java-17-oracle/lib/libjdwp.so
7f7adce97000-7f7adce98000 rw-p 0003e000 08:03 1048996                    /usr/lib/jvm/java-17-oracle/lib/libjdwp.so
7f7adce98000-7f7adce99000 rw-p 00000000 00:00 0 
7f7adce99000-7f7adceb4000 r-xp 00000000 08:03 1048997                    /usr/lib/jvm/java-17-oracle/lib/libjimage.so
7f7adceb4000-7f7adceb5000 ---p 0001b000 08:03 1048997                    /usr/lib/jvm/java-17-oracle/lib/libjimage.so
7f7adceb5000-7f7adceb7000 r--p 0001b000 08:03 1048997                    /usr/lib/jvm/java-17-oracle/lib/libjimage.so
7f7adceb7000-7f7adceb8000 rw-p 0001d000 08:03 1048997                    /usr/lib/jvm/java-17-oracle/lib/libjimage.so
7f7adceb8000-7f7adcebc000 ---p 00000000 00:00 0 
7f7adcebc000-7f7adcfb9000 rw-p 00000000 00:00 0 
7f7adcfb9000-7f7adcfc6000 r--p 00000000 08:03 20449585                   /usr/lib/x86_64-linux-gnu/libm-2.31.so
7f7adcfc6000-7f7add06d000 r-xp 0000d000 08:03 20449585                   /usr/lib/x86_64-linux-gnu/libm-2.31.so
7f7add06d000-7f7add106000 r--p 000b4000 08:03 20449585                   /usr/lib/x86_64-linux-gnu/libm-2.31.so
7f7add106000-7f7add107000 r--p 0014c000 08:03 20449585                   /usr/lib/x86_64-linux-gnu/libm-2.31.so
7f7add107000-7f7add108000 rw-p 0014d000 08:03 20449585                   /usr/lib/x86_64-linux-gnu/libm-2.31.so
7f7add108000-7f7add10a000 r--p 00000000 08:03 20449602                   /usr/lib/x86_64-linux-gnu/librt-2.31.so
7f7add10a000-7f7add10e000 r-xp 00002000 08:03 20449602                   /usr/lib/x86_64-linux-gnu/librt-2.31.so
7f7add10e000-7f7add110000 r--p 00006000 08:03 20449602                   /usr/lib/x86_64-linux-gnu/librt-2.31.so
7f7add110000-7f7add111000 r--p 00007000 08:03 20449602                   /usr/lib/x86_64-linux-gnu/librt-2.31.so
7f7add111000-7f7add112000 rw-p 00008000 08:03 20449602                   /usr/lib/x86_64-linux-gnu/librt-2.31.so
7f7add112000-7f7ade239000 r-xp 00000000 08:03 1049029                    /usr/lib/jvm/java-17-oracle/lib/server/libjvm.so
7f7ade239000-7f7ade2ee000 r--p 01126000 08:03 1049029                    /usr/lib/jvm/java-17-oracle/lib/server/libjvm.so
7f7ade2ee000-7f7ade321000 rw-p 011db000 08:03 1049029                    /usr/lib/jvm/java-17-oracle/lib/server/libjvm.so
7f7ade321000-7f7ade37d000 rw-p 00000000 00:00 0 
7f7ade37d000-7f7ade39f000 r--p 00000000 08:03 20449581                   /usr/lib/x86_64-linux-gnu/libc-2.31.so
7f7ade39f000-7f7ade517000 r-xp 00022000 08:03 20449581                   /usr/lib/x86_64-linux-gnu/libc-2.31.so
7f7ade517000-7f7ade565000 r--p 0019a000 08:03 20449581                   /usr/lib/x86_64-linux-gnu/libc-2.31.so
7f7ade565000-7f7ade569000 r--p 001e7000 08:03 20449581                   /usr/lib/x86_64-linux-gnu/libc-2.31.so
7f7ade569000-7f7ade56b000 rw-p 001eb000 08:03 20449581                   /usr/lib/x86_64-linux-gnu/libc-2.31.so
7f7ade56b000-7f7ade56f000 rw-p 00000000 00:00 0 
7f7ade56f000-7f7ade570000 r--p 00000000 08:03 20449583                   /usr/lib/x86_64-linux-gnu/libdl-2.31.so
7f7ade570000-7f7ade572000 r-xp 00001000 08:03 20449583                   /usr/lib/x86_64-linux-gnu/libdl-2.31.so
7f7ade572000-7f7ade573000 r--p 00003000 08:03 20449583                   /usr/lib/x86_64-linux-gnu/libdl-2.31.so
7f7ade573000-7f7ade574000 r--p 00003000 08:03 20449583                   /usr/lib/x86_64-linux-gnu/libdl-2.31.so
7f7ade574000-7f7ade575000 rw-p 00004000 08:03 20449583                   /usr/lib/x86_64-linux-gnu/libdl-2.31.so
7f7ade575000-7f7ade57b000 r--p 00000000 08:03 20449600                   /usr/lib/x86_64-linux-gnu/libpthread-2.31.so
7f7ade57b000-7f7ade58c000 r-xp 00006000 08:03 20449600                   /usr/lib/x86_64-linux-gnu/libpthread-2.31.so
7f7ade58c000-7f7ade592000 r--p 00017000 08:03 20449600                   /usr/lib/x86_64-linux-gnu/libpthread-2.31.so
7f7ade592000-7f7ade593000 r--p 0001c000 08:03 20449600                   /usr/lib/x86_64-linux-gnu/libpthread-2.31.so
7f7ade593000-7f7ade594000 rw-p 0001d000 08:03 20449600                   /usr/lib/x86_64-linux-gnu/libpthread-2.31.so
7f7ade594000-7f7ade598000 rw-p 00000000 00:00 0 
7f7ade598000-7f7ade5a7000 r-xp 00000000 08:03 1048998                    /usr/lib/jvm/java-17-oracle/lib/libjli.so
7f7ade5a7000-7f7ade5a8000 r--p 0000e000 08:03 1048998                    /usr/lib/jvm/java-17-oracle/lib/libjli.so
7f7ade5a8000-7f7ade5a9000 rw-p 0000f000 08:03 1048998                    /usr/lib/jvm/java-17-oracle/lib/libjli.so
7f7ade5a9000-7f7ade5ab000 r--p 00000000 08:03 20451586                   /usr/lib/x86_64-linux-gnu/libz.so.1.2.11
7f7ade5ab000-7f7ade5bc000 r-xp 00002000 08:03 20451586                   /usr/lib/x86_64-linux-gnu/libz.so.1.2.11
7f7ade5bc000-7f7ade5c2000 r--p 00013000 08:03 20451586                   /usr/lib/x86_64-linux-gnu/libz.so.1.2.11
7f7ade5c2000-7f7ade5c3000 ---p 00019000 08:03 20451586                   /usr/lib/x86_64-linux-gnu/libz.so.1.2.11
7f7ade5c3000-7f7ade5c4000 r--p 00019000 08:03 20451586                   /usr/lib/x86_64-linux-gnu/libz.so.1.2.11
7f7ade5c4000-7f7ade5c5000 rw-p 0001a000 08:03 20451586                   /usr/lib/x86_64-linux-gnu/libz.so.1.2.11
7f7ade5c5000-7f7ade5c7000 rw-p 00000000 00:00 0 
7f7ade5c7000-7f7ade5cd000 r--s 0005c000 07:10 1357                       /snap/intellij-idea-community/372/plugins/java/lib/rt/debugger-agent.jar
7f7ade5cd000-7f7ade5d7000 r-xp 00000000 08:03 1048988                    /usr/lib/jvm/java-17-oracle/lib/libinstrument.so
7f7ade5d7000-7f7ade5d8000 r--p 00009000 08:03 1048988                    /usr/lib/jvm/java-17-oracle/lib/libinstrument.so
7f7ade5d8000-7f7ade5d9000 rw-p 0000a000 08:03 1048988                    /usr/lib/jvm/java-17-oracle/lib/libinstrument.so
7f7ade5d9000-7f7ade5da000 ---p 00000000 00:00 0 
7f7ade5da000-7f7ade5db000 r--p 00000000 00:00 0 
7f7ade5db000-7f7ade5dc000 r--p 00000000 08:03 20449573                   /usr/lib/x86_64-linux-gnu/ld-2.31.so
7f7ade5dc000-7f7ade5ff000 r-xp 00001000 08:03 20449573                   /usr/lib/x86_64-linux-gnu/ld-2.31.so
7f7ade5ff000-7f7ade607000 r--p 00024000 08:03 20449573                   /usr/lib/x86_64-linux-gnu/ld-2.31.so
7f7ade607000-7f7ade608000 ---p 00000000 00:00 0 
7f7ade608000-7f7ade609000 r--p 0002c000 08:03 20449573                   /usr/lib/x86_64-linux-gnu/ld-2.31.so
7f7ade609000-7f7ade60a000 rw-p 0002d000 08:03 20449573                   /usr/lib/x86_64-linux-gnu/ld-2.31.so
7f7ade60a000-7f7ade60b000 rw-p 00000000 00:00 0 
7ffcc3d2d000-7ffcc3d52000 rw-p 00000000 00:00 0                          [stack]
7ffcc3d5f000-7ffcc3d63000 r--p 00000000 00:00 0                          [vvar]
7ffcc3d63000-7ffcc3d65000 r-xp 00000000 00:00 0                          [vdso]
ffffffffff600000-ffffffffff601000 --xp 00000000 00:00 0                  [vsyscall]


VM Arguments:
jvm_args: -agentlib:jdwp=transport=dt_socket,address=127.0.0.1:36165,suspend=y,server=n -ea -Didea.test.cyclic.buffer.size=1048576 -javaagent:/snap/intellij-idea-community/372/plugins/java/lib/rt/debugger-agent.jar -Dfile.encoding=UTF-8 
java_command: com.intellij.rt.junit.JUnitStarter -ideVersion5 -junit5 vn.com.tma.emsbackend.integration.PortIntegrationTests,shouldReturn200WhenGetAllPort
java_class_path (initial): /home/btdtuan/.m2/repository/org/junit/platform/junit-platform-launcher/1.8.2/junit-platform-launcher-1.8.2.jar:/snap/intellij-idea-community/372/lib/idea_rt.jar:/snap/intellij-idea-community/372/plugins/junit/lib/junit5-rt.jar:/snap/intellij-idea-community/372/plugins/junit/lib/junit-rt.jar:/home/btdtuan/Documents/GitHub/ems/ems-backend/target/test-classes:/home/btdtuan/Documents/GitHub/ems/ems-backend/target/classes:/home/btdtuan/.m2/repository/org/springframework/boot/spring-boot-starter-data-jpa/2.6.3/spring-boot-starter-data-jpa-2.6.3.jar:/home/btdtuan/.m2/repository/org/springframework/boot/spring-boot-starter-aop/2.6.3/spring-boot-starter-aop-2.6.3.jar:/home/btdtuan/.m2/repository/org/aspectj/aspectjweaver/1.9.7/aspectjweaver-1.9.7.jar:/home/btdtuan/.m2/repository/org/springframework/boot/spring-boot-starter-jdbc/2.6.3/spring-boot-starter-jdbc-2.6.3.jar:/home/btdtuan/.m2/repository/com/zaxxer/HikariCP/4.0.3/HikariCP-4.0.3.jar:/home/btdtuan/.m2/repository/org/springframework/spring-jdbc/5.3.15/spring-jdbc-5.3.15.jar:/home/btdtuan/.m2/repository/jakarta/transaction/jakarta.transaction-api/1.3.3/jakarta.transaction-api-1.3.3.jar:/home/btdtuan/.m2/repository/jakarta/persistence/jakarta.persistence-api/2.2.3/jakarta.persistence-api-2.2.3.jar:/home/btdtuan/.m2/repository/org/hibernate/hibernate-core/5.6.4.Final/hibernate-core-5.6.4.Final.jar:/home/btdtuan/.m2/repository/org/jboss/logging/jboss-logging/3.4.3.Final/jboss-logging-3.4.3.Final.jar:/home/btdtuan/.m2/repository/net/bytebuddy/byte-buddy/1.11.22/byte-buddy-1.11.22.jar:/home/btdtuan/.m2/repository/antlr/antlr/2.7.7/antlr-2.7.7.jar:/home/btdtuan/.m2/repository/org/jboss/jandex/2.4.2.Final/jandex-2.4.2.Final.jar:/home/btdtuan/.m2/repository/com/fasterxml/classmate/1.5.1/classmate-1.5.1.jar:/home/btdtuan/.m2/repository/org/hibernate/common/hibernate-commons-annotations/5.1.2.Final/hibernate-commons-annotations-5.1.2.Final.jar:/home/btdtuan/.m2/repository/org/glassfish/jaxb/jaxb-runt
Launcher Type: SUN_STANDARD

[Global flags]
     intx CICompilerCount                          = 4                                         {product} {ergonomic}
     uint ConcGCThreads                            = 3                                         {product} {ergonomic}
     uint G1ConcRefinementThreads                  = 10                                        {product} {ergonomic}
   size_t G1HeapRegionSize                         = 2097152                                   {product} {ergonomic}
    uintx GCDrainStackTargetSize                   = 64                                        {product} {ergonomic}
   size_t InitialHeapSize                          = 260046848                                 {product} {ergonomic}
   size_t MarkStackSize                            = 4194304                                   {product} {ergonomic}
   size_t MaxHeapSize                              = 4152360960                                {product} {ergonomic}
   size_t MaxNewSize                               = 2491416576                                {product} {ergonomic}
   size_t MinHeapDeltaBytes                        = 2097152                                   {product} {ergonomic}
   size_t MinHeapSize                              = 8388608                                   {product} {ergonomic}
    uintx NonNMethodCodeHeapSize                   = 5839372                                {pd product} {ergonomic}
    uintx NonProfiledCodeHeapSize                  = 122909434                              {pd product} {ergonomic}
    uintx ProfiledCodeHeapSize                     = 122909434                              {pd product} {ergonomic}
    uintx ReservedCodeCacheSize                    = 251658240                              {pd product} {ergonomic}
     bool SegmentedCodeCache                       = true                                      {product} {ergonomic}
   size_t SoftMaxHeapSize                          = 4152360960                             {manageable} {ergonomic}
     bool UseCompressedClassPointers               = true                           {product lp64_product} {ergonomic}
     bool UseCompressedOops                        = true                           {product lp64_product} {ergonomic}
     bool UseG1GC                                  = true                                      {product} {ergonomic}

Logging:
Log output configuration:
 #0: stdout all=warning uptime,level,tags
 #1: stderr all=off uptime,level,tags

Environment Variables:
JAVA_HOME=/usr/lib/jvm/java-17-oracle/
PATH=/usr/local/apache-maven/apache-maven-3.8.4/bin:/usr/local/sbin:/usr/local/bin:/usr/sbin:/usr/bin:/sbin:/bin:/usr/games:/usr/local/games:/snap/bin:/usr/lib/jvm/java-17-oracle/bin:/usr/lib/jvm/java-17-oracle/db/bin
SHELL=/bin/bash
DISPLAY=:0
LANG=en_US.UTF-8

Signal Handlers:
   SIGSEGV: crash_handler in libjvm.so, mask=11100100010111111101111111111110, flags=SA_RESTART|SA_SIGINFO
    SIGBUS: crash_handler in libjvm.so, mask=11100100010111111101111111111110, flags=SA_RESTART|SA_SIGINFO
    SIGFPE: crash_handler in libjvm.so, mask=11100100010111111101111111111110, flags=SA_RESTART|SA_SIGINFO
   SIGPIPE: javaSignalHandler in libjvm.so, mask=11100100010111111101111111111110, flags=SA_RESTART|SA_SIGINFO
   SIGXFSZ: javaSignalHandler in libjvm.so, mask=11100100010111111101111111111110, flags=SA_RESTART|SA_SIGINFO
    SIGILL: crash_handler in libjvm.so, mask=11100100010111111101111111111110, flags=SA_RESTART|SA_SIGINFO
   SIGUSR2: SR_handler in libjvm.so, mask=00100000000000000000000000000000, flags=SA_RESTART|SA_SIGINFO
    SIGHUP: UserHandler in libjvm.so, mask=11100100010111111101111111111110, flags=SA_RESTART|SA_SIGINFO
    SIGINT: UserHandler in libjvm.so, mask=11100100010111111101111111111110, flags=SA_RESTART|SA_SIGINFO
   SIGTERM: UserHandler in libjvm.so, mask=11100100010111111101111111111110, flags=SA_RESTART|SA_SIGINFO
   SIGQUIT: UserHandler in libjvm.so, mask=11100100010111111101111111111110, flags=SA_RESTART|SA_SIGINFO
   SIGTRAP: crash_handler in libjvm.so, mask=11100100010111111101111111111110, flags=SA_RESTART|SA_SIGINFO


---------------  S Y S T E M  ---------------

OS:
DISTRIB_ID=Ubuntu
DISTRIB_RELEASE=20.04
DISTRIB_CODENAME=focal
DISTRIB_DESCRIPTION="Ubuntu 20.04.4 LTS"
uname: Linux 5.13.0-40-generic #45~20.04.1-Ubuntu SMP Mon Apr 4 09:38:31 UTC 2022 x86_64
OS uptime: 0 days 0:20 hours
libc: glibc 2.31 NPTL 2.31 
rlimit (soft/hard): STACK 8192k/infinity , CORE 0k/infinity , NPROC 63066/63066 , NOFILE 500000/500000 , AS infinity/infinity , CPU infinity/infinity , DATA infinity/infinity , FSIZE infinity/infinity , MEMLOCK 65536k/65536k
load average: 7,77 6,54 4,75

/proc/meminfo:
MemTotal:       16215564 kB
MemFree:         3445376 kB
MemAvailable:    8726416 kB
Buffers:          119036 kB
Cached:          6048308 kB
SwapCached:          152 kB
Active:          3326508 kB
Inactive:        8551360 kB
Active(anon):     148196 kB
Inactive(anon):  6340084 kB
Active(file):    3178312 kB
Inactive(file):  2211276 kB
Unevictable:      312104 kB
Mlocked:             580 kB
SwapTotal:      20507644 kB
SwapFree:       20465152 kB
Dirty:             89692 kB
Writeback:             0 kB
AnonPages:       6022740 kB
Mapped:          1256028 kB
Shmem:            786288 kB
KReclaimable:     232004 kB
Slab:             381172 kB
SReclaimable:     232004 kB
SUnreclaim:       149168 kB
KernelStack:       29212 kB
PageTables:        63432 kB
NFS_Unstable:          0 kB
Bounce:                0 kB
WritebackTmp:          0 kB
CommitLimit:    28615424 kB
Committed_AS:   19940088 kB
VmallocTotal:   34359738367 kB
VmallocUsed:       55880 kB
VmallocChunk:          0 kB
Percpu:            12096 kB
HardwareCorrupted:     0 kB
AnonHugePages:         0 kB
ShmemHugePages:        0 kB
ShmemPmdMapped:        0 kB
FileHugePages:         0 kB
FilePmdMapped:         0 kB
HugePages_Total:       0
HugePages_Free:        0
HugePages_Rsvd:        0
HugePages_Surp:        0
Hugepagesize:       2048 kB
Hugetlb:               0 kB
DirectMap4k:      350656 kB
DirectMap2M:    16257024 kB
DirectMap1G:           0 kB

/sys/kernel/mm/transparent_hugepage/enabled: always [madvise] never
/sys/kernel/mm/transparent_hugepage/defrag (defrag/compaction efforts parameter): always defer defer+madvise [madvise] never

Process Memory:
Virtual Size: 9590744K (peak: 9590744K)
Resident Set Size: 435052K (peak: 435052K) (anon: 406760K, file: 28292K, shmem: 0K)
Swapped out: 0K
C-Heap outstanding allocations: 180424K

/proc/sys/kernel/threads-max (system-wide limit on the number of threads): 126133
/proc/sys/vm/max_map_count (maximum number of memory map areas a process may have): 65530
/proc/sys/kernel/pid_max (system-wide limit on number of process identifiers): 4194304

container (cgroup) information:
container_type: cgroupv1
cpu_cpuset_cpus: 0-11
cpu_memory_nodes: 0
active_processor_count: 12
cpu_quota: no quota
cpu_period: 100000
cpu_shares: no shares
memory_limit_in_bytes: unlimited
memory_and_swap_limit_in_bytes: unlimited
memory_soft_limit_in_bytes: unlimited
memory_usage_in_bytes: 10214051840
memory_max_usage_in_bytes: 13852262400

Steal ticks since vm start: 0
Steal ticks percentage since vm start:  0,000

CPU: total 12 (initial active 12) (6 cores per cpu, 2 threads per core) family 6 model 165 stepping 3 microcode 0xea, cx8, cmov, fxsr, ht, mmx, 3dnowpref, sse, sse2, sse3, ssse3, sse4.1, sse4.2, popcnt, lzcnt, tsc, tscinvbit, avx, avx2, aes, erms, clmul, bmi1, bmi2, adx, fma, vzeroupper, clflush, clflushopt
CPU Model and flags from /proc/cpuinfo:
model name	: Intel(R) Core(TM) i5-10400 CPU @ 2.90GHz
flags		: fpu vme de pse tsc msr pae mce cx8 apic sep mtrr pge mca cmov pat pse36 clflush dts acpi mmx fxsr sse sse2 ss ht tm pbe syscall nx pdpe1gb rdtscp lm constant_tsc art arch_perfmon pebs bts rep_good nopl xtopology nonstop_tsc cpuid aperfmperf pni pclmulqdq dtes64 monitor ds_cpl vmx est tm2 ssse3 sdbg fma cx16 xtpr pdcm pcid sse4_1 sse4_2 x2apic movbe popcnt tsc_deadline_timer aes xsave avx f16c rdrand lahf_lm abm 3dnowprefetch cpuid_fault epb invpcid_single ssbd ibrs ibpb stibp ibrs_enhanced tpr_shadow vnmi flexpriority ept vpid ept_ad fsgsbase tsc_adjust bmi1 avx2 smep bmi2 erms invpcid mpx rdseed adx smap clflushopt intel_pt xsaveopt xsavec xgetbv1 xsaves dtherm ida arat pln pts hwp hwp_notify hwp_act_window hwp_epp md_clear flush_l1d arch_capabilities

Online cpus: 0-11
Offline cpus: 
BIOS frequency limitation: <Not Available>
Frequency switch latency (ns): 0
Available cpu frequencies: <Not Available>
Current governor: powersave
Core performance/turbo boost: <Not Available>

Memory: 4k page, physical 16215564k(3445376k free), swap 20507644k(20465152k free)
Page Sizes: 4k

vm_info: Java HotSpot(TM) 64-Bit Server VM (17.0.1+12-LTS-39) for linux-amd64 JRE (17.0.1+12-LTS-39), built on Sep 27 2021 17:33:53 by "mach5one" with gcc 10.3.0

END.
