#
# A fatal error has been detected by the Java Runtime Environment:
#
#  SIGSEGV (0xb) at pc=0x00007f3d006a9c99, pid=21395, tid=21447
#
# JRE version: Java(TM) SE Runtime Environment (17.0.1+12) (build 17.0.1+12-LTS-39)
# Java VM: Java HotSpot(TM) 64-Bit Server VM (17.0.1+12-LTS-39, mixed mode, emulated-client, sharing, tiered, compressed oops, compressed class ptrs, g1 gc, linux-amd64)
# Problematic frame:
# V  [libjvm.so+0x5fac99]  DependencyContext::add_dependent_nmethod(nmethod*)+0x119
#
# Core dump will be written. Default location: Core dumps may be processed with "/usr/share/apport/apport %p %s %c %d %P %E" (or dumping to /home/btdtuan/Documents/GitHub/ems-backend/core.21395)
#
# If you would like to submit a bug report, please visit:
#   https://bugreport.java.com/bugreport/crash.jsp
#

---------------  S U M M A R Y ------------

Command Line: -agentlib:jdwp=transport=dt_socket,address=127.0.0.1:57907,suspend=y,server=n -XX:TieredStopAtLevel=1 -Xverify:none -Dspring.output.ansi.enabled=always -Dcom.sun.management.jmxremote -Dspring.jmx.enabled=true -Dspring.liveBeansView.mbeanDomain -Dspring.application.admin.enabled=true -javaagent:/snap/intellij-idea-ultimate/357/plugins/java/lib/rt/debugger-agent.jar -Dfile.encoding=UTF-8 vn.com.tma.emsbackend.EmsBackendApplication

Host: Intel(R) Core(TM) i5-10400 CPU @ 2.90GHz, 12 cores, 15G, Ubuntu 20.04.4 LTS
Time: Fri May 20 18:09:34 2022 +07 elapsed time: 1.752704 seconds (0d 0h 0m 1s)

---------------  T H R E A D  ---------------

Current thread (0x00007f3ca80fcf00):  JavaThread "C1 CompilerThread3" daemon [_thread_in_vm, id=21447, stack(0x00007f3cd59dc000,0x00007f3cd5add000)]


Current CompileTask:
C1:   1752 3822       1       org.springframework.boot.context.properties.bind.JavaBeanBinder$Bean::addMethodIfPossible (79 bytes)

Stack: [0x00007f3cd59dc000,0x00007f3cd5add000],  sp=0x00007f3cd5adb200,  free space=1020k
Native frames: (J=compiled Java code, j=interpreted, Vv=VM code, C=native code)
V  [libjvm.so+0x5fac99]  DependencyContext::add_dependent_nmethod(nmethod*)+0x119
V  [libjvm.so+0x7cc0e1]  InstanceKlass::add_dependent_nmethod(nmethod*)+0x31
V  [libjvm.so+0xbadd12]  nmethod::new_nmethod(methodHandle const&, int, int, CodeOffsets*, int, DebugInformationRecorder*, Dependencies*, CodeBuffer*, int, OopMapSet*, ExceptionHandlerTable*, ImplicitExceptionTable*, AbstractCompiler*, int, GrowableArrayView<RuntimeStub*> const&, char*, int, int, char const*, FailedSpeculation**)+0x252
V  [libjvm.so+0x51851e]  ciEnv::register_method(ciMethod*, int, CodeOffsets*, int, CodeBuffer*, int, OopMapSet*, ExceptionHandlerTable*, ImplicitExceptionTable*, AbstractCompiler*, bool, bool, RTMState, GrowableArrayView<RuntimeStub*> const&)+0x3de
V  [libjvm.so+0x43adb9]  Compilation::install_code(int)+0xa9
V  [libjvm.so+0x43bf6a]  Compilation::compile_method()+0x27a
V  [libjvm.so+0x43c1d3]  Compilation::Compilation(AbstractCompiler*, ciEnv*, ciMethod*, int, BufferBlob*, bool, DirectiveSet*)+0x203
V  [libjvm.so+0x43cc40]  Compiler::compile_method(ciEnv*, ciMethod*, int, bool, DirectiveSet*)+0xb0
V  [libjvm.so+0x5abe61]  CompileBroker::invoke_compiler_on_method(CompileTask*)+0xd81
V  [libjvm.so+0x5ac9f8]  CompileBroker::compiler_thread_loop()+0x4b8
V  [libjvm.so+0xd8e8f0]  JavaThread::thread_main_inner()+0xd0
V  [libjvm.so+0xd91f7e]  Thread::call_run()+0xde
V  [libjvm.so+0xbe8291]  thread_native_entry(Thread*)+0xe1


siginfo: si_signo: 11 (SIGSEGV), si_code: 128 (SI_KERNEL), si_addr: 0x0000000000000000

Register to memory mapping:

RAX=0x00007f3cfce74e90 is at entry_point+-496 in (nmethod*)0x00007f3cfce74e90
RBX=0x00007f3cac1dcea0 points into unknown readable memory: 0x00007f3ca8121d60 | 60 1d 12 a8 3c 7f 00 00
RCX=0x0000000000000002 is an unknown value
RDX=0x00007f3d0128f1bc: <offset 0x00000000011e01bc> in /usr/lib/jvm/java-17-oracle/lib/server/libjvm.so at 0x00007f3d000af000
RSP=0x00007f3cd5adb200 is pointing into the stack for thread: 0x00007f3ca80fcf00
RBP=0x00007f3cd5adb240 is pointing into the stack for thread: 0x00007f3ca80fcf00
RSI=0x00007f3cfce74e90 is at entry_point+-496 in (nmethod*)0x00007f3cfce74e90
RDI=0x00047f3cfcd0a290 is an unknown value
R8 =0x00007f3d00578380: <offset 0x00000000004c9380> in /usr/lib/jvm/java-17-oracle/lib/server/libjvm.so at 0x00007f3d000af000
R9 =0x0000000000000001 is an unknown value
R10=0x00007f3cfce756cb is at entry_point+1611 in (nmethod*)0x00007f3cfce74e90
R11=0x000000000000001b is an unknown value
R12=0x00007f3ca8121d60 points into unknown readable memory: 0x00007f3cfcd0a290 | 90 a2 d0 fc 3c 7f 00 00
R13=0x00007f3d012cabd8: <offset 0x000000000121bbd8> in /usr/lib/jvm/java-17-oracle/lib/server/libjvm.so at 0x00007f3d000af000
R14=0x00007f3cd5adb250 is pointing into the stack for thread: 0x00007f3ca80fcf00
R15=0x00007f3cac1dce90 points into unknown readable memory: 0x00007f3cfcd3a490 | 90 a4 d3 fc 3c 7f 00 00


Registers:
RAX=0x00007f3cfce74e90, RBX=0x00007f3cac1dcea0, RCX=0x0000000000000002, RDX=0x00007f3d0128f1bc
RSP=0x00007f3cd5adb200, RBP=0x00007f3cd5adb240, RSI=0x00007f3cfce74e90, RDI=0x00047f3cfcd0a290
R8 =0x00007f3d00578380, R9 =0x0000000000000001, R10=0x00007f3cfce756cb, R11=0x000000000000001b
R12=0x00007f3ca8121d60, R13=0x00007f3d012cabd8, R14=0x00007f3cd5adb250, R15=0x00007f3cac1dce90
RIP=0x00007f3d006a9c99, EFLAGS=0x0000000000010206, CSGSFS=0x002b000000000033, ERR=0x0000000000000000
  TRAPNO=0x000000000000000d

Top of Stack: (sp=0x00007f3cd5adb200)
0x00007f3cd5adb200:   00007f3ca80fbda0 00007f3cfce74e90
0x00007f3cd5adb210:   00007f3cd5adb6e0 00007f3cd5adb2a0
0x00007f3cd5adb220:   00007f3cfce74e90 00007f3cf8025aa0
0x00007f3cd5adb230:   00007f3cd50bff08 0000000000000890 

Instructions: (pc=0x00007f3d006a9c99)
0x00007f3d006a9b99:   8b 16 4c 8b 3a 4d 85 ff 74 3d 49 8b 3f 48 8b 07
0x00007f3d006a9ba9:   ff 90 20 02 00 00 84 c0 0f 84 ad 00 00 00 49 8b
0x00007f3d006a9bb9:   4f 10 49 8b 16 48 8b 02 49 39 c7 75 d5 4c 89 f8
0x00007f3d006a9bc9:   f0 48 0f b1 0a 49 39 c7 75 c5 4c 89 ff e8 25 fd
0x00007f3d006a9bd9:   ff ff eb bb 0f 1f 00 31 d2 be 01 00 00 00 bf 20
0x00007f3d006a9be9:   00 00 00 e8 0f 32 da ff 48 89 c2 48 85 c0 74 27
0x00007f3d006a9bf9:   48 8b 45 c8 c7 42 08 01 00 00 00 48 c7 42 10 00
0x00007f3d006a9c09:   00 00 00 48 89 02 48 c7 42 18 00 00 00 00 66 0f
0x00007f3d006a9c19:   1f 84 00 00 00 00 00 49 8b 06 48 8b 08 48 89 4a
0x00007f3d006a9c29:   10 48 89 c8 49 8b 36 f0 48 0f b1 16 48 39 c8 75
0x00007f3d006a9c39:   e6 48 8d 05 af 65 be 00 80 38 00 74 0f 48 8b 05
0x00007f3d006a9c49:   ab 0f c2 00 48 8b 40 28 48 83 00 01 48 83 c4 18
0x00007f3d006a9c59:   5b 41 5c 41 5d 41 5e 41 5f 5d c3 48 8b 45 c8 4c
0x00007f3d006a9c69:   8d 2d 69 0f c2 00 49 3b 07 0f 84 e8 00 00 00 0f
0x00007f3d006a9c79:   1f 84 00 00 00 00 00 49 8d 5f 10 0f 1f 40 00 4d
0x00007f3d006a9c89:   8b 67 10 4d 85 e4 0f 84 4b ff ff ff 49 8b 3c 24
0x00007f3d006a9c99:   48 8b 07 ff 90 20 02 00 00 84 c0 0f 84 a6 00 00
0x00007f3d006a9ca9:   00 49 8b 54 24 10 49 8b 47 10 49 39 c4 75 d0 4c
0x00007f3d006a9cb9:   89 e0 f0 48 0f b1 13 49 39 c4 75 c3 48 8b 05 04
0x00007f3d006a9cc9:   0f c2 00 48 85 c0 75 2f 4c 89 e7 e8 07 33 da ff
0x00007f3d006a9cd9:   48 8d 05 10 65 be 00 80 38 00 74 a3 48 8b 05 04
0x00007f3d006a9ce9:   0f c2 00 48 8b 40 28 48 83 00 01 eb 92 66 2e 0f
0x00007f3d006a9cf9:   1f 84 00 00 00 00 00 48 8b 15 d1 0e c2 00 49 89
0x00007f3d006a9d09:   54 24 18 48 89 d0 f0 4d 0f b1 65 00 48 39 c2 75
0x00007f3d006a9d19:   e6 48 8d 05 cf 64 be 00 80 38 00 0f 84 5e ff ff
0x00007f3d006a9d29:   ff 48 8b 05 b7 0e c2 00 48 8b 40 28 48 83 00 01
0x00007f3d006a9d39:   48 8b 05 a0 0e c2 00 48 8b 40 28 48 83 00 01 e9
0x00007f3d006a9d49:   3b ff ff ff 0f 1f 00 4d 89 e7 48 8b 45 c8 49 3b
0x00007f3d006a9d59:   07 0f 85 20 ff ff ff 41 8b 47 08 83 c0 01 41 89
0x00007f3d006a9d69:   47 08 41 8b 47 08 48 83 c4 18 5b 41 5c 41 5d 41
0x00007f3d006a9d79:   5e 41 5f 5d c3 66 90 55 48 89 e5 41 57 41 56 49
0x00007f3d006a9d89:   89 fe 41 55 41 54 53 48 83 ec 18 48 89 75 c8 49 


Stack slot to memory mapping:
stack at sp + 0 slots: 0x00007f3ca80fbda0 points into unknown readable memory: 0x00007f3ca8047f80 | 80 7f 04 a8 3c 7f 00 00
stack at sp + 1 slots: 0x00007f3cfce74e90 is at entry_point+-496 in (nmethod*)0x00007f3cfce74e90
stack at sp + 2 slots: 0x00007f3cd5adb6e0 is pointing into the stack for thread: 0x00007f3ca80fcf00
stack at sp + 3 slots: 0x00007f3cd5adb2a0 is pointing into the stack for thread: 0x00007f3ca80fcf00
stack at sp + 4 slots: 0x00007f3cfce74e90 is at entry_point+-496 in (nmethod*)0x00007f3cfce74e90
stack at sp + 5 slots: 0x00007f3cf8025aa0 points into unknown readable memory: 0x00007f3ca80fcf00 | 00 cf 0f a8 3c 7f 00 00
stack at sp + 6 slots: {method} {0x00007f3cd50bff08} 'addMethodIfPossible' '(Ljava/lang/reflect/Method;Ljava/lang/String;ILjava/util/function/BiConsumer;)V' in 'org/springframework/boot/context/properties/bind/JavaBeanBinder$Bean'
stack at sp + 7 slots: 0x0000000000000890 is an unknown value


---------------  P R O C E S S  ---------------

Threads class SMR info:
_java_thread_list=0x00007f3cf8edc1b0, length=23, elements={
0x00007f3cf802a5f0, 0x00007f3cf817b410, 0x00007f3cf817c7f0, 0x00007f3cf8180b00,
0x00007f3cf8181dc0, 0x00007f3cf81831d0, 0x00007f3cf8184740, 0x00007f3cf818db90,
0x00007f3cf8199370, 0x00007f3cac0b5d90, 0x00007f3ca8001420, 0x00007f3cf81decd0,
0x00007f3cf81e2310, 0x00007f3ca0000fb0, 0x00007f3cf81f0090, 0x00007f3cf864f710,
0x00007f3ca80fcf00, 0x00007f3cc0000d30, 0x00007f3c900028d0, 0x00007f3c4c014fa0,
0x00007f3cf8ed8b80, 0x00007f3c44004890, 0x00007f3cf8eda450
}

Java Threads: ( => current thread )
  0x00007f3cf802a5f0 JavaThread "main" [_thread_blocked, id=21397, stack(0x00007f3cffe55000,0x00007f3cfff56000)]
  0x00007f3cf817b410 JavaThread "Reference Handler" daemon [_thread_blocked, id=21407, stack(0x00007f3cd72ff000,0x00007f3cd7400000)]
  0x00007f3cf817c7f0 JavaThread "Finalizer" daemon [_thread_blocked, id=21408, stack(0x00007f3cd71fe000,0x00007f3cd72ff000)]
  0x00007f3cf8180b00 JavaThread "Signal Dispatcher" daemon [_thread_blocked, id=21409, stack(0x00007f3cd70fd000,0x00007f3cd71fe000)]
  0x00007f3cf8181dc0 JavaThread "Service Thread" daemon [_thread_blocked, id=21410, stack(0x00007f3cd6ffc000,0x00007f3cd70fd000)]
  0x00007f3cf81831d0 JavaThread "Monitor Deflation Thread" daemon [_thread_blocked, id=21411, stack(0x00007f3cd6efb000,0x00007f3cd6ffc000)]
  0x00007f3cf8184740 JavaThread "C1 CompilerThread0" daemon [_thread_blocked, id=21412, stack(0x00007f3cd6dfa000,0x00007f3cd6efb000)]
  0x00007f3cf818db90 JavaThread "Sweeper thread" daemon [_thread_blocked, id=21413, stack(0x00007f3cd6cf9000,0x00007f3cd6dfa000)]
  0x00007f3cf8199370 JavaThread "Common-Cleaner" daemon [_thread_blocked, id=21414, stack(0x00007f3cd6bf8000,0x00007f3cd6cf9000)]
  0x00007f3cac0b5d90 JavaThread "C1 CompilerThread1" daemon [_thread_blocked, id=21415, stack(0x00007f3cd6af7000,0x00007f3cd6bf8000)]
  0x00007f3ca8001420 JavaThread "C1 CompilerThread2" daemon [_thread_blocked, id=21416, stack(0x00007f3cd69f6000,0x00007f3cd6af7000)]
  0x00007f3cf81decd0 JavaThread "JDWP Transport Listener: dt_socket" daemon [_thread_blocked, id=21417, stack(0x00007f3cd68f5000,0x00007f3cd69f6000)]
  0x00007f3cf81e2310 JavaThread "JDWP Event Helper Thread" daemon [_thread_blocked, id=21418, stack(0x00007f3cd67f4000,0x00007f3cd68f5000)]
  0x00007f3ca0000fb0 JavaThread "JDWP Command Reader" daemon [_thread_in_native, id=21419, stack(0x00007f3cd66f3000,0x00007f3cd67f4000)]
  0x00007f3cf81f0090 JavaThread "Notification Thread" daemon [_thread_blocked, id=21423, stack(0x00007f3cd65f2000,0x00007f3cd66f3000)]
  0x00007f3cf864f710 JavaThread "RMI TCP Accept-0" daemon [_thread_in_native, id=21430, stack(0x00007f3cd64f1000,0x00007f3cd65f2000)]
=>0x00007f3ca80fcf00 JavaThread "C1 CompilerThread3" daemon [_thread_in_vm, id=21447, stack(0x00007f3cd59dc000,0x00007f3cd5add000)]
  0x00007f3cc0000d30 JavaThread "Attach Listener" daemon [_thread_blocked, id=21453, stack(0x00007f3cd58db000,0x00007f3cd59dc000)]
  0x00007f3c900028d0 JavaThread "RMI TCP Connection(1)-127.0.0.1" daemon [_thread_in_native, id=21455, stack(0x00007f3cd46ff000,0x00007f3cd4800000)]
  0x00007f3c4c014fa0 JavaThread "RMI Scheduler(0)" daemon [_thread_blocked, id=21456, stack(0x00007f3cd43fa000,0x00007f3cd44fb000)]
  0x00007f3cf8ed8b80 JavaThread "Catalina-utility-1" [_thread_blocked, id=21459, stack(0x00007f3cd42f9000,0x00007f3cd43fa000)]
  0x00007f3c44004890 JavaThread "Catalina-utility-2" [_thread_blocked, id=21460, stack(0x00007f3cd41f8000,0x00007f3cd42f9000)]
  0x00007f3cf8eda450 JavaThread "container-0" [_thread_blocked, id=21461, stack(0x00007f3cd40f7000,0x00007f3cd41f8000)]

Other Threads:
  0x00007f3cf81773b0 VMThread "VM Thread" [stack: 0x00007f3cd7cad000,0x00007f3cd7dad000] [id=21406]
  0x00007f3cf85f6eb0 WatcherThread [stack: 0x00007f3cd63f1000,0x00007f3cd64f1000] [id=21431]
  0x00007f3cf807a930 GCTaskThread "GC Thread#0" [stack: 0x00007f3ce6def000,0x00007f3ce6eef000] [id=21401]
  0x00007f3cc40065c0 GCTaskThread "GC Thread#1" [stack: 0x00007f3cd62ef000,0x00007f3cd63ef000] [id=21438]
  0x00007f3cc4006ff0 GCTaskThread "GC Thread#2" [stack: 0x00007f3cd61ed000,0x00007f3cd62ed000] [id=21439]
  0x00007f3cc4007a20 GCTaskThread "GC Thread#3" [stack: 0x00007f3cd60eb000,0x00007f3cd61eb000] [id=21440]
  0x00007f3cc4008840 GCTaskThread "GC Thread#4" [stack: 0x00007f3cd5fe9000,0x00007f3cd60e9000] [id=21441]
  0x00007f3cc4009660 GCTaskThread "GC Thread#5" [stack: 0x00007f3cd5ee7000,0x00007f3cd5fe7000] [id=21442]
  0x00007f3cc400fa10 GCTaskThread "GC Thread#6" [stack: 0x00007f3cd5de5000,0x00007f3cd5ee5000] [id=21443]
  0x00007f3cc4010830 GCTaskThread "GC Thread#7" [stack: 0x00007f3cd5ce3000,0x00007f3cd5de3000] [id=21444]
  0x00007f3cc4011650 GCTaskThread "GC Thread#8" [stack: 0x00007f3cd5be1000,0x00007f3cd5ce1000] [id=21445]
  0x00007f3cc40124b0 GCTaskThread "GC Thread#9" [stack: 0x00007f3cd5adf000,0x00007f3cd5bdf000] [id=21446]
  0x00007f3cf808b6c0 ConcurrentGCThread "G1 Main Marker" [stack: 0x00007f3ce6ced000,0x00007f3ce6ded000] [id=21402]
  0x00007f3cf808c620 ConcurrentGCThread "G1 Conc#0" [stack: 0x00007f3ce6beb000,0x00007f3ce6ceb000] [id=21403]
  0x00007f3cd8000d30 ConcurrentGCThread "G1 Conc#1" [stack: 0x00007f3cd45ff000,0x00007f3cd46ff000] [id=21451]
  0x00007f3cd80014c0 ConcurrentGCThread "G1 Conc#2" [stack: 0x00007f3cd44fd000,0x00007f3cd45fd000] [id=21452]
  0x00007f3cf8148900 ConcurrentGCThread "G1 Refine#0" [stack: 0x00007f3ce40df000,0x00007f3ce41df000] [id=21404]
  0x00007f3cf81497f0 ConcurrentGCThread "G1 Service" [stack: 0x00007f3cd7f00000,0x00007f3cd8000000] [id=21405]

Threads with active compile tasks:
C1 CompilerThread3     1755 3822       1       org.springframework.boot.context.properties.bind.JavaBeanBinder$Bean::addMethodIfPossible (79 bytes)

VM state: not at safepoint (normal execution)

VM Mutex/Monitor currently owned by a thread:  ([mutex/lock_event])
[0x00007f3cf8025aa0] CodeCache_lock - owner thread: 0x00007f3ca80fcf00
[0x00007f3cf8027c80] Compile_lock - owner thread: 0x00007f3ca80fcf00
[0x00007f3cf8027e90] MethodCompileQueue_lock - owner thread: 0x00007f3ca80fcf00

Heap address: 0x0000000708800000, size: 3960 MB, Compressed Oops mode: Zero based, Oop shift amount: 3

CDS archive(s) mapped at: [0x0000000800000000-0x0000000800bdf000-0x0000000800bdf000), size 12447744, SharedBaseAddress: 0x0000000800000000, ArchiveRelocationMode: 0.
Compressed class space mapped at: 0x0000000800c00000-0x0000000840c00000, reserved size: 1073741824
Narrow klass base: 0x0000000800000000, Narrow klass shift: 0, Narrow klass range: 0x100000000

GC Precious Log:
 CPUs: 12 total, 12 available
 Memory: 15835M
 Large Page Support: Disabled
 NUMA Support: Disabled
 Compressed Oops: Enabled (Zero based)
 Heap Region Size: 2M
 Heap Min Capacity: 8M
 Heap Initial Capacity: 248M
 Heap Max Capacity: 3960M
 Pre-touch: Disabled
 Parallel Workers: 10
 Concurrent Workers: 3
 Concurrent Refinement Workers: 10
 Periodic GC: Disabled

Heap:
 garbage-first heap   total 122880K, used 51340K [0x0000000708800000, 0x0000000800000000)
  region size 2048K, 19 young (38912K), 1 survivors (2048K)
 Metaspace       used 29955K, committed 30272K, reserved 1081344K
  class space    used 4128K, committed 4288K, reserved 1048576K

Heap Regions: E=young(eden), S=young(survivor), O=old, HS=humongous(starts), HC=humongous(continues), CS=collection set, F=free, OA=open archive, CA=closed archive, TAMS=top-at-mark-start (previous, next)
|   0|0x0000000708800000, 0x0000000708a00000, 0x0000000708a00000|100%| O|  |TAMS 0x0000000708a00000, 0x0000000708800000| Untracked 
|   1|0x0000000708a00000, 0x0000000708c00000, 0x0000000708c00000|100%| O|  |TAMS 0x0000000708c00000, 0x0000000708a00000| Untracked 
|   2|0x0000000708c00000, 0x0000000708c00000, 0x0000000708e00000|  0%| F|  |TAMS 0x0000000708c00000, 0x0000000708c00000| Untracked 
|   3|0x0000000708e00000, 0x0000000709000000, 0x0000000709000000|100%| O|  |TAMS 0x0000000708e00000, 0x0000000708e00000| Untracked 
|   4|0x0000000709000000, 0x0000000709200000, 0x0000000709200000|100%| O|  |TAMS 0x0000000709000000, 0x0000000709000000| Untracked 
|   5|0x0000000709200000, 0x0000000709400000, 0x0000000709400000|100%| O|  |TAMS 0x0000000709200000, 0x0000000709200000| Untracked 
|   6|0x0000000709400000, 0x0000000709400000, 0x0000000709600000|  0%| F|  |TAMS 0x0000000709400000, 0x0000000709400000| Untracked 
|   7|0x0000000709600000, 0x0000000709600000, 0x0000000709800000|  0%| F|  |TAMS 0x0000000709600000, 0x0000000709600000| Untracked 
|   8|0x0000000709800000, 0x0000000709800000, 0x0000000709a00000|  0%| F|  |TAMS 0x0000000709800000, 0x0000000709800000| Untracked 
|   9|0x0000000709a00000, 0x0000000709c00000, 0x0000000709c00000|100%| O|  |TAMS 0x0000000709a00000, 0x0000000709a00000| Untracked 
|  10|0x0000000709c00000, 0x0000000709e00000, 0x0000000709e00000|100%| O|  |TAMS 0x0000000709c00000, 0x0000000709c00000| Untracked 
|  11|0x0000000709e00000, 0x0000000709e6ba00, 0x000000070a000000| 21%| O|  |TAMS 0x0000000709e00000, 0x0000000709e00000| Untracked 
|  12|0x000000070a000000, 0x000000070a000000, 0x000000070a200000|  0%| F|  |TAMS 0x000000070a000000, 0x000000070a000000| Untracked 
|  13|0x000000070a200000, 0x000000070a200000, 0x000000070a400000|  0%| F|  |TAMS 0x000000070a200000, 0x000000070a200000| Untracked 
|  14|0x000000070a400000, 0x000000070a400000, 0x000000070a600000|  0%| F|  |TAMS 0x000000070a400000, 0x000000070a400000| Untracked 
|  15|0x000000070a600000, 0x000000070a600000, 0x000000070a800000|  0%| F|  |TAMS 0x000000070a600000, 0x000000070a600000| Untracked 
|  16|0x000000070a800000, 0x000000070a9be948, 0x000000070aa00000| 87%| S|CS|TAMS 0x000000070a800000, 0x000000070a800000| Complete 
|  17|0x000000070aa00000, 0x000000070aa00000, 0x000000070ac00000|  0%| F|  |TAMS 0x000000070aa00000, 0x000000070aa00000| Untracked 
|  18|0x000000070ac00000, 0x000000070ac00000, 0x000000070ae00000|  0%| F|  |TAMS 0x000000070ac00000, 0x000000070ac00000| Untracked 
|  19|0x000000070ae00000, 0x000000070ae00000, 0x000000070b000000|  0%| F|  |TAMS 0x000000070ae00000, 0x000000070ae00000| Untracked 
|  20|0x000000070b000000, 0x000000070b000000, 0x000000070b200000|  0%| F|  |TAMS 0x000000070b000000, 0x000000070b000000| Untracked 
|  21|0x000000070b200000, 0x000000070b200000, 0x000000070b400000|  0%| F|  |TAMS 0x000000070b200000, 0x000000070b200000| Untracked 
|  22|0x000000070b400000, 0x000000070b400000, 0x000000070b600000|  0%| F|  |TAMS 0x000000070b400000, 0x000000070b400000| Untracked 
|  23|0x000000070b600000, 0x000000070b600000, 0x000000070b800000|  0%| F|  |TAMS 0x000000070b600000, 0x000000070b600000| Untracked 
|  24|0x000000070b800000, 0x000000070b800000, 0x000000070ba00000|  0%| F|  |TAMS 0x000000070b800000, 0x000000070b800000| Untracked 
|  25|0x000000070ba00000, 0x000000070ba00000, 0x000000070bc00000|  0%| F|  |TAMS 0x000000070ba00000, 0x000000070ba00000| Untracked 
|  26|0x000000070bc00000, 0x000000070bc00000, 0x000000070be00000|  0%| F|  |TAMS 0x000000070bc00000, 0x000000070bc00000| Untracked 
|  27|0x000000070be00000, 0x000000070be00000, 0x000000070c000000|  0%| F|  |TAMS 0x000000070be00000, 0x000000070be00000| Untracked 
|  28|0x000000070c000000, 0x000000070c000000, 0x000000070c200000|  0%| F|  |TAMS 0x000000070c000000, 0x000000070c000000| Untracked 
|  29|0x000000070c200000, 0x000000070c200000, 0x000000070c400000|  0%| F|  |TAMS 0x000000070c200000, 0x000000070c200000| Untracked 
|  30|0x000000070c400000, 0x000000070c400000, 0x000000070c600000|  0%| F|  |TAMS 0x000000070c400000, 0x000000070c400000| Untracked 
|  31|0x000000070c600000, 0x000000070c600000, 0x000000070c800000|  0%| F|  |TAMS 0x000000070c600000, 0x000000070c600000| Untracked 
|  32|0x000000070c800000, 0x000000070c800000, 0x000000070ca00000|  0%| F|  |TAMS 0x000000070c800000, 0x000000070c800000| Untracked 
|  33|0x000000070ca00000, 0x000000070ca00000, 0x000000070cc00000|  0%| F|  |TAMS 0x000000070ca00000, 0x000000070ca00000| Untracked 
|  34|0x000000070cc00000, 0x000000070cc00000, 0x000000070ce00000|  0%| F|  |TAMS 0x000000070cc00000, 0x000000070cc00000| Untracked 
|  35|0x000000070ce00000, 0x000000070ce00000, 0x000000070d000000|  0%| F|  |TAMS 0x000000070ce00000, 0x000000070ce00000| Untracked 
|  36|0x000000070d000000, 0x000000070d000000, 0x000000070d200000|  0%| F|  |TAMS 0x000000070d000000, 0x000000070d000000| Untracked 
|  37|0x000000070d200000, 0x000000070d200000, 0x000000070d400000|  0%| F|  |TAMS 0x000000070d200000, 0x000000070d200000| Untracked 
|  38|0x000000070d400000, 0x000000070d400000, 0x000000070d600000|  0%| F|  |TAMS 0x000000070d400000, 0x000000070d400000| Untracked 
|  39|0x000000070d600000, 0x000000070d600000, 0x000000070d800000|  0%| F|  |TAMS 0x000000070d600000, 0x000000070d600000| Untracked 
|  40|0x000000070d800000, 0x000000070d874910, 0x000000070da00000| 22%| E|  |TAMS 0x000000070d800000, 0x000000070d800000| Complete 
|  41|0x000000070da00000, 0x000000070dc00000, 0x000000070dc00000|100%| E|CS|TAMS 0x000000070da00000, 0x000000070da00000| Complete 
|  42|0x000000070dc00000, 0x000000070de00000, 0x000000070de00000|100%| E|CS|TAMS 0x000000070dc00000, 0x000000070dc00000| Complete 
|  43|0x000000070de00000, 0x000000070e000000, 0x000000070e000000|100%| E|CS|TAMS 0x000000070de00000, 0x000000070de00000| Complete 
|  44|0x000000070e000000, 0x000000070e200000, 0x000000070e200000|100%| E|CS|TAMS 0x000000070e000000, 0x000000070e000000| Complete 
|  45|0x000000070e200000, 0x000000070e400000, 0x000000070e400000|100%| E|CS|TAMS 0x000000070e200000, 0x000000070e200000| Complete 
|  46|0x000000070e400000, 0x000000070e600000, 0x000000070e600000|100%| E|CS|TAMS 0x000000070e400000, 0x000000070e400000| Complete 
|  47|0x000000070e600000, 0x000000070e800000, 0x000000070e800000|100%| E|CS|TAMS 0x000000070e600000, 0x000000070e600000| Complete 
|  48|0x000000070e800000, 0x000000070ea00000, 0x000000070ea00000|100%| E|CS|TAMS 0x000000070e800000, 0x000000070e800000| Complete 
|  49|0x000000070ea00000, 0x000000070ec00000, 0x000000070ec00000|100%| E|CS|TAMS 0x000000070ea00000, 0x000000070ea00000| Complete 
|  50|0x000000070ec00000, 0x000000070ee00000, 0x000000070ee00000|100%| E|CS|TAMS 0x000000070ec00000, 0x000000070ec00000| Complete 
|  51|0x000000070ee00000, 0x000000070f000000, 0x000000070f000000|100%| E|CS|TAMS 0x000000070ee00000, 0x000000070ee00000| Complete 
|  52|0x000000070f000000, 0x000000070f200000, 0x000000070f200000|100%| E|CS|TAMS 0x000000070f000000, 0x000000070f000000| Complete 
|  99|0x0000000714e00000, 0x0000000715000000, 0x0000000715000000|100%| E|  |TAMS 0x0000000714e00000, 0x0000000714e00000| Complete 
| 100|0x0000000715000000, 0x0000000715200000, 0x0000000715200000|100%| E|CS|TAMS 0x0000000715000000, 0x0000000715000000| Complete 
| 101|0x0000000715200000, 0x0000000715400000, 0x0000000715400000|100%| E|CS|TAMS 0x0000000715200000, 0x0000000715200000| Complete 
| 102|0x0000000715400000, 0x0000000715600000, 0x0000000715600000|100%| E|CS|TAMS 0x0000000715400000, 0x0000000715400000| Complete 
| 123|0x0000000717e00000, 0x0000000718000000, 0x0000000718000000|100%| E|CS|TAMS 0x0000000717e00000, 0x0000000717e00000| Complete 
|1978|0x00000007ffc00000, 0x00000007ffd76000, 0x00000007ffe00000| 73%|OA|  |TAMS 0x00000007ffd76000, 0x00000007ffc00000| Untracked 
|1979|0x00000007ffe00000, 0x00000007ffe83000, 0x0000000800000000| 25%|CA|  |TAMS 0x00000007ffe83000, 0x00000007ffe00000| Untracked 

Card table byte_map: [0x00007f3cef2eb000,0x00007f3cefaa7000] _byte_map_base: 0x00007f3cebaa7000

Marking Bits (Prev, Next): (CMBitMap*) 0x00007f3cf807b3f0, (CMBitMap*) 0x00007f3cf807b3b0
 Prev Bits: [0x00007f3ce6f6f000, 0x00007f3cead4f000)
 Next Bits: [0x00007f3cead4f000, 0x00007f3ceeb2f000)

Polling page: 0x00007f3d01576000

Metaspace:

Usage:
  Non-class:     25,22 MB used.
      Class:      4,03 MB used.
       Both:     29,25 MB used.

Virtual space:
  Non-class space:       32,00 MB reserved,      25,38 MB ( 79%) committed,  4 nodes.
      Class space:        1,00 GB reserved,       4,19 MB ( <1%) committed,  1 nodes.
             Both:        1,03 GB reserved,      29,56 MB (  3%) committed. 

Chunk freelists:
   Non-Class:  1,91 MB
       Class:  3,66 MB
        Both:  5,56 MB

MaxMetaspaceSize: unlimited
CompressedClassSpaceSize: 1,00 GB
Initial GC threshold: 21,00 MB
Current GC threshold: 35,12 MB
CDS: on
MetaspaceReclaimPolicy: balanced
 - commit_granule_bytes: 65536.
 - commit_granule_words: 8192.
 - virtual_space_node_default_size: 1048576.
 - enlarge_chunks_in_place: 1.
 - new_chunks_are_fully_committed: 0.
 - uncommit_free_chunks: 1.
 - use_allocation_guard: 0.
 - handle_deallocations: 1.


Internal statistics:

num_allocs_failed_limit: 3.
num_arena_births: 400.
num_arena_deaths: 0.
num_vsnodes_births: 5.
num_vsnodes_deaths: 0.
num_space_committed: 473.
num_space_uncommitted: 0.
num_chunks_returned_to_freelist: 3.
num_chunks_taken_from_freelist: 1421.
num_chunk_merges: 3.
num_chunk_splits: 945.
num_chunks_enlarged: 698.
num_purges: 0.
num_inconsistent_stats: 0.

CodeCache: size=49152Kb used=9265Kb max_used=9265Kb free=39886Kb
 bounds [0x00007f3cfc569000, 0x00007f3cfce79000, 0x00007f3cff569000]
 total_blobs=4318 nmethods=3822 adapters=421
 compilation: enabled
              stopped_count=0, restarted_count=0
 full_count=0

Compilation events (20 events):
Event: 1,681 Thread 0x00007f3ca8001420 nmethod 3811 0x00007f3cfce71190 code [0x00007f3cfce71320, 0x00007f3cfce713f0]
Event: 1,686 Thread 0x00007f3ca80fcf00 3812       1       java.util.LinkedList::size (5 bytes)
Event: 1,686 Thread 0x00007f3ca8001420 3814       1       java.util.LinkedList::linkLast (59 bytes)
Event: 1,686 Thread 0x00007f3cac0b5d90 3813       1       java.util.LinkedList::add (7 bytes)
Event: 1,686 Thread 0x00007f3cf8184740 3815       1       java.util.LinkedList$Node::<init> (20 bytes)
Event: 1,686 Thread 0x00007f3ca80fcf00 nmethod 3812 0x00007f3cfce71490 code [0x00007f3cfce71620, 0x00007f3cfce716f0]
Event: 1,686 Thread 0x00007f3cac0b5d90 nmethod 3813 0x00007f3cfce71790 code [0x00007f3cfce71920, 0x00007f3cfce71a20]
Event: 1,686 Thread 0x00007f3cf8184740 nmethod 3815 0x00007f3cfce71a90 code [0x00007f3cfce71c20, 0x00007f3cfce71e10]
Event: 1,686 Thread 0x00007f3ca8001420 nmethod 3814 0x00007f3cfce71e90 code [0x00007f3cfce72040, 0x00007f3cfce72390]
Event: 1,689 Thread 0x00007f3ca80fcf00 3816       1       org.apache.catalina.LifecycleState::getLifecycleEvent (5 bytes)
Event: 1,689 Thread 0x00007f3ca80fcf00 nmethod 3816 0x00007f3cfce72490 code [0x00007f3cfce72620, 0x00007f3cfce726f0]
Event: 1,692 Thread 0x00007f3ca8001420 3818       1       org.springframework.core.annotation.AnnotationUtils::isCandidateClass (9 bytes)
Event: 1,692 Thread 0x00007f3cac0b5d90 3819   !   1       org.springframework.util.ReflectionUtils::getDeclaredFields (104 bytes)
Event: 1,693 Thread 0x00007f3ca8001420 nmethod 3818 0x00007f3cfce72e10 code [0x00007f3cfce72fe0, 0x00007f3cfce731f0]
Event: 1,693 Thread 0x00007f3ca80fcf00 3820       1       org.springframework.beans.factory.support.DefaultSingletonBeanRegistry::isSingletonCurrentlyInCreation (11 bytes)
Event: 1,693 Thread 0x00007f3ca80fcf00 nmethod 3820 0x00007f3cfce73410 code [0x00007f3cfce735c0, 0x00007f3cfce736c0]
Event: 1,694 Thread 0x00007f3cac0b5d90 nmethod 3819 0x00007f3cfce73790 code [0x00007f3cfce73a60, 0x00007f3cfce743f0]
Event: 1,694 Thread 0x00007f3ca8001420 3821       1       org.springframework.boot.context.properties.bind.JavaBeanBinder$Bean$$Lambda$579/0x0000000800fb38f8::apply (8 bytes)
Event: 1,694 Thread 0x00007f3ca80fcf00 3822       1       org.springframework.boot.context.properties.bind.JavaBeanBinder$Bean::addMethodIfPossible (79 bytes)
Event: 1,694 Thread 0x00007f3ca8001420 nmethod 3821 0x00007f3cfce74b10 code [0x00007f3cfce74ca0, 0x00007f3cfce74db0]

GC Heap History (14 events):
Event: 0,486 GC heap before
{Heap before GC invocations=0 (full 0):
 garbage-first heap   total 258048K, used 24548K [0x0000000708800000, 0x0000000800000000)
  region size 2048K, 11 young (22528K), 0 survivors (0K)
 Metaspace       used 6466K, committed 6592K, reserved 1056768K
  class space    used 785K, committed 832K, reserved 1048576K
}
Event: 0,489 GC heap after
{Heap after GC invocations=1 (full 0):
 garbage-first heap   total 258048K, used 8022K [0x0000000708800000, 0x0000000800000000)
  region size 2048K, 2 young (4096K), 2 survivors (4096K)
 Metaspace       used 6466K, committed 6592K, reserved 1056768K
  class space    used 785K, committed 832K, reserved 1048576K
}
Event: 0,838 GC heap before
{Heap before GC invocations=1 (full 0):
 garbage-first heap   total 258048K, used 36694K [0x0000000708800000, 0x0000000800000000)
  region size 2048K, 17 young (34816K), 2 survivors (4096K)
 Metaspace       used 11358K, committed 11648K, reserved 1064960K
  class space    used 1549K, committed 1664K, reserved 1048576K
}
Event: 0,841 GC heap after
{Heap after GC invocations=2 (full 0):
 garbage-first heap   total 258048K, used 10546K [0x0000000708800000, 0x0000000800000000)
  region size 2048K, 2 young (4096K), 2 survivors (4096K)
 Metaspace       used 11358K, committed 11648K, reserved 1064960K
  class space    used 1549K, committed 1664K, reserved 1048576K
}
Event: 1,023 GC heap before
{Heap before GC invocations=2 (full 0):
 garbage-first heap   total 258048K, used 76082K [0x0000000708800000, 0x0000000800000000)
  region size 2048K, 35 young (71680K), 2 survivors (4096K)
 Metaspace       used 19071K, committed 19328K, reserved 1073152K
  class space    used 2579K, committed 2752K, reserved 1048576K
}
Event: 1,026 GC heap after
{Heap after GC invocations=3 (full 0):
 garbage-first heap   total 258048K, used 13142K [0x0000000708800000, 0x0000000800000000)
  region size 2048K, 3 young (6144K), 3 survivors (6144K)
 Metaspace       used 19071K, committed 19328K, reserved 1073152K
  class space    used 2579K, committed 2752K, reserved 1048576K
}
Event: 1,193 GC heap before
{Heap before GC invocations=3 (full 0):
 garbage-first heap   total 258048K, used 52054K [0x0000000708800000, 0x0000000800000000)
  region size 2048K, 24 young (49152K), 3 survivors (6144K)
 Metaspace       used 21222K, committed 21504K, reserved 1073152K
  class space    used 2913K, committed 3072K, reserved 1048576K
}
Event: 1,196 GC heap after
{Heap after GC invocations=4 (full 0):
 garbage-first heap   total 258048K, used 14282K [0x0000000708800000, 0x0000000800000000)
  region size 2048K, 4 young (8192K), 4 survivors (8192K)
 Metaspace       used 21222K, committed 21504K, reserved 1073152K
  class space    used 2913K, committed 3072K, reserved 1048576K
}
Event: 1,497 GC heap before
{Heap before GC invocations=5 (full 0):
 garbage-first heap   total 69632K, used 51146K [0x0000000708800000, 0x0000000800000000)
  region size 2048K, 23 young (47104K), 4 survivors (8192K)
 Metaspace       used 26013K, committed 26304K, reserved 1073152K
  class space    used 3603K, committed 3712K, reserved 1048576K
}
Event: 1,503 GC heap after
{Heap after GC invocations=6 (full 0):
 garbage-first heap   total 69632K, used 17269K [0x0000000708800000, 0x0000000800000000)
  region size 2048K, 3 young (6144K), 3 survivors (6144K)
 Metaspace       used 26013K, committed 26304K, reserved 1073152K
  class space    used 3603K, committed 3712K, reserved 1048576K
}
Event: 1,516 GC heap before
{Heap before GC invocations=6 (full 0):
 garbage-first heap   total 69632K, used 19317K [0x0000000708800000, 0x0000000800000000)
  region size 2048K, 4 young (8192K), 3 survivors (6144K)
 Metaspace       used 26731K, committed 27008K, reserved 1073152K
  class space    used 3698K, committed 3840K, reserved 1048576K
}
Event: 1,520 GC heap after
{Heap after GC invocations=7 (full 0):
 garbage-first heap   total 69632K, used 17724K [0x0000000708800000, 0x0000000800000000)
  region size 2048K, 1 young (2048K), 1 survivors (2048K)
 Metaspace       used 26731K, committed 27008K, reserved 1073152K
  class space    used 3698K, committed 3840K, reserved 1048576K
}
Event: 1,624 GC heap before
{Heap before GC invocations=7 (full 0):
 garbage-first heap   total 69632K, used 44348K [0x0000000708800000, 0x0000000800000000)
  region size 2048K, 15 young (30720K), 1 survivors (2048K)
 Metaspace       used 29171K, committed 29504K, reserved 1081344K
  class space    used 4013K, committed 4160K, reserved 1048576K
}
Event: 1,628 GC heap after
{Heap after GC invocations=8 (full 0):
 garbage-first heap   total 122880K, used 18572K [0x0000000708800000, 0x0000000800000000)
  region size 2048K, 1 young (2048K), 1 survivors (2048K)
 Metaspace       used 29171K, committed 29504K, reserved 1081344K
  class space    used 4013K, committed 4160K, reserved 1048576K
}

Deoptimization events (20 events):
Event: 1,683 Thread 0x00007f3cf802a5f0 DEOPT PACKING pc=0x00007f3cfc91b91c sp=0x00007f3cfff527d0
Event: 1,683 Thread 0x00007f3cf802a5f0 DEOPT UNPACKING pc=0x00007f3cfc5bb82f sp=0x00007f3cfff51ca8 mode 1
Event: 1,684 Thread 0x00007f3cf802a5f0 DEOPT PACKING pc=0x00007f3cfce428e8 sp=0x00007f3cfff51e40
Event: 1,684 Thread 0x00007f3cf802a5f0 DEOPT UNPACKING pc=0x00007f3cfc5bb82f sp=0x00007f3cfff51428 mode 3
Event: 1,684 Thread 0x00007f3cf802a5f0 DEOPT PACKING pc=0x00007f3cfc91c6e4 sp=0x00007f3cfff52890
Event: 1,684 Thread 0x00007f3cf802a5f0 DEOPT UNPACKING pc=0x00007f3cfc5bb82f sp=0x00007f3cfff51d48 mode 1
Event: 1,684 Thread 0x00007f3cf802a5f0 DEOPT PACKING pc=0x00007f3cfc91b91c sp=0x00007f3cfff52960
Event: 1,684 Thread 0x00007f3cf802a5f0 DEOPT UNPACKING pc=0x00007f3cfc5bb82f sp=0x00007f3cfff51e38 mode 1
Event: 1,690 Thread 0x00007f3cf802a5f0 DEOPT PACKING pc=0x00007f3cfc91c6e4 sp=0x00007f3cfff53270
Event: 1,690 Thread 0x00007f3cf802a5f0 DEOPT UNPACKING pc=0x00007f3cfc5bb82f sp=0x00007f3cfff52728 mode 1
Event: 1,690 Thread 0x00007f3cf802a5f0 DEOPT PACKING pc=0x00007f3cfc91b91c sp=0x00007f3cfff53340
Event: 1,690 Thread 0x00007f3cf802a5f0 DEOPT UNPACKING pc=0x00007f3cfc5bb82f sp=0x00007f3cfff52818 mode 1
Event: 1,691 Thread 0x00007f3cf802a5f0 DEOPT PACKING pc=0x00007f3cfc91c6e4 sp=0x00007f3cfff53330
Event: 1,691 Thread 0x00007f3cf802a5f0 DEOPT UNPACKING pc=0x00007f3cfc5bb82f sp=0x00007f3cfff527e8 mode 1
Event: 1,691 Thread 0x00007f3cf802a5f0 DEOPT PACKING pc=0x00007f3cfc91b91c sp=0x00007f3cfff53400
Event: 1,691 Thread 0x00007f3cf802a5f0 DEOPT UNPACKING pc=0x00007f3cfc5bb82f sp=0x00007f3cfff528d8 mode 1
Event: 1,691 Thread 0x00007f3cf802a5f0 DEOPT PACKING pc=0x00007f3cfc91c6e4 sp=0x00007f3cfff53400
Event: 1,691 Thread 0x00007f3cf802a5f0 DEOPT UNPACKING pc=0x00007f3cfc5bb82f sp=0x00007f3cfff528b8 mode 1
Event: 1,691 Thread 0x00007f3cf802a5f0 DEOPT PACKING pc=0x00007f3cfc91b91c sp=0x00007f3cfff534d0
Event: 1,691 Thread 0x00007f3cf802a5f0 DEOPT UNPACKING pc=0x00007f3cfc5bb82f sp=0x00007f3cfff529a8 mode 1

Classes unloaded (0 events):
No events

Classes redefined (0 events):
No events

Internal exceptions (20 events):
Event: 1,466 Thread 0x00007f3cf802a5f0 Exception <a 'java/lang/ClassNotFoundException'{0x0000000709fcbe18}: java/lang/ObjectCustomizer> (0x0000000709fcbe18) 
thrown [open/src/hotspot/share/classfile/systemDictionary.cpp, line 256]
Event: 1,467 Thread 0x00007f3cf802a5f0 Exception <a 'java/lang/ClassNotFoundException'{0x0000000709fd49a8}: org/springframework/transaction/annotation/AbstractTransactionManagementConfigurationCustomizer> (0x0000000709fd49a8) 
thrown [open/src/hotspot/share/classfile/systemDictionary.cpp, line 256]
Event: 1,467 Thread 0x00007f3cf802a5f0 Exception <a 'java/lang/ClassNotFoundException'{0x0000000709fdc698}: org/springframework/transaction/annotation/ProxyTransactionManagementConfigurationCustomizer> (0x0000000709fdc698) 
thrown [open/src/hotspot/share/classfile/systemDictionary.cpp, line 256]
Event: 1,467 Thread 0x00007f3cf802a5f0 Exception <a 'java/lang/ClassNotFoundException'{0x0000000709fe5398}: org/springframework/context/annotation/ImportAwareCustomizer> (0x0000000709fe5398) 
thrown [open/src/hotspot/share/classfile/systemDictionary.cpp, line 256]
Event: 1,468 Thread 0x00007f3cf802a5f0 Exception <a 'java/lang/ClassNotFoundException'{0x0000000709feaf18}: org/springframework/beans/factory/AwareCustomizer> (0x0000000709feaf18) 
thrown [open/src/hotspot/share/classfile/systemDictionary.cpp, line 256]
Event: 1,515 Thread 0x00007f3c900028d0 Exception <a 'java/lang/NoSuchMethodError'{0x0000000717fdc188}: static [B.<clinit>()V> (0x0000000717fdc188) 
thrown [open/src/hotspot/share/prims/jni.cpp, line 1107]
Event: 1,525 Thread 0x00007f3c4c01ba40 Exception <a 'java/lang/NoSuchMethodError'{0x0000000717ef4520}: 'java.lang.Object java.lang.invoke.Invokers$Holder.linkToTargetMethod(java.lang.Object, long, java.lang.Object)'> (0x0000000717ef4520) 
thrown [open/src/hotspot/share/interpreter/linkResolver.cpp, line 765]
Event: 1,525 Thread 0x00007f3c900028d0 Exception <a 'java/lang/ClassNotFoundException'{0x0000000717ec0160}: javax/management/remote/rmi/RMIConnectionImpl_Skel> (0x0000000717ec0160) 
thrown [open/src/hotspot/share/classfile/systemDictionary.cpp, line 256]
Event: 1,527 Thread 0x00007f3cf802a5f0 Exception <a 'java/lang/NoSuchMethodError'{0x0000000717f61738}: 'java.lang.Object java.lang.invoke.DirectMethodHandle$Holder.invokeStatic(java.lang.Object, java.lang.Object, int)'> (0x0000000717f61738) 
thrown [open/src/hotspot/share/interpreter/linkResolver.cpp, line 765]
Event: 1,528 Thread 0x00007f3cf802a5f0 Exception <a 'java/lang/NoSuchMethodError'{0x0000000717f6d0a0}: 'void java.lang.invoke.DelegatingMethodHandle$Holder.delegate(java.lang.Object, java.lang.Object, int, java.lang.Object)'> (0x0000000717f6d0a0) 
thrown [open/src/hotspot/share/interpreter/linkResolver.cpp, line 765]
Event: 1,530 Thread 0x00007f3c900028d0 Exception <a 'java/lang/reflect/InvocationTargetException'{0x0000000717fc4bc8}> (0x0000000717fc4bc8) 
thrown [open/src/hotspot/share/runtime/reflection.cpp, line 1119]
Event: 1,532 Thread 0x00007f3c900028d0 Exception <a 'java/lang/NoSuchMethodError'{0x0000000715220300}: static [Ljava/lang/StackTraceElement;.<clinit>()V> (0x0000000715220300) 
thrown [open/src/hotspot/share/prims/jni.cpp, line 1107]
Event: 1,542 Thread 0x00007f3cf802a5f0 Exception <a 'java/lang/NoSuchMethodError'{0x000000071533daa8}: 'void java.lang.invoke.DirectMethodHandle$Holder.invokeInterface(java.lang.Object, java.lang.Object, int)'> (0x000000071533daa8) 
thrown [open/src/hotspot/share/interpreter/linkResolver.cpp, line 765]
Event: 1,543 Thread 0x00007f3cf802a5f0 Exception <a 'java/lang/NoSuchMethodError'{0x000000071535d860}: 'int java.lang.invoke.DirectMethodHandle$Holder.invokeVirtual(java.lang.Object, java.lang.Object)'> (0x000000071535d860) 
thrown [open/src/hotspot/share/interpreter/linkResolver.cpp, line 765]
Event: 1,545 Thread 0x00007f3cf802a5f0 Exception <a 'java/lang/IncompatibleClassChangeError'{0x0000000715396ee0}: Found class java.lang.Object, but interface was expected> (0x0000000715396ee0) 
thrown [open/src/hotspot/share/interpreter/linkResolver.cpp, line 833]
Event: 1,545 Thread 0x00007f3cf802a5f0 Exception <a 'java/lang/NoSuchMethodError'{0x000000071539c068}: 'void java.lang.invoke.DirectMethodHandle$Holder.invokeStatic(java.lang.Object, int, java.lang.Object)'> (0x000000071539c068) 
thrown [open/src/hotspot/share/interpreter/linkResolver.cpp, line 765]
Event: 1,546 Thread 0x00007f3cf802a5f0 Exception <a 'java/lang/NoSuchMethodError'{0x00000007153ccb98}: 'int java.lang.invoke.DirectMethodHandle$Holder.invokeSpecial(java.lang.Object, java.lang.Object, int)'> (0x00000007153ccb98) 
thrown [open/src/hotspot/share/interpreter/linkResolver.cpp, line 765]
Event: 1,649 Thread 0x00007f3cf802a5f0 Exception <a 'java/io/FileNotFoundException'{0x000000070e17a1a0}> (0x000000070e17a1a0) 
thrown [open/src/hotspot/share/prims/jni.cpp, line 516]
Event: 1,661 Thread 0x00007f3cf802a5f0 Exception <a 'java/lang/NoSuchMethodError'{0x000000070dc20050}: 'int java.lang.invoke.DirectMethodHandle$Holder.invokeInterface(java.lang.Object, java.lang.Object, java.lang.Object, java.lang.Object)'> (0x000000070dc20050) 
thrown [open/src/hotspot/share/interpreter/linkResolver.cpp, line 765]
Event: 1,686 Thread 0x00007f3cf802a5f0 Exception <a 'java/io/FileNotFoundException'{0x000000070daffc90}> (0x000000070daffc90) 
thrown [open/src/hotspot/share/prims/jni.cpp, line 516]

VM Operations (20 events):
Event: 1,516 Executing VM operation: G1CollectForAllocation
Event: 1,520 Executing VM operation: G1CollectForAllocation done
Event: 1,571 Executing VM operation: HandshakeAllThreads
Event: 1,571 Executing VM operation: HandshakeAllThreads done
Event: 1,619 Executing VM operation: HandshakeAllThreads
Event: 1,619 Executing VM operation: HandshakeAllThreads done
Event: 1,624 Executing VM operation: G1CollectForAllocation
Event: 1,628 Executing VM operation: G1CollectForAllocation done
Event: 1,628 Executing VM operation: Cleanup
Event: 1,629 Executing VM operation: Cleanup done
Event: 1,642 Executing VM operation: HandshakeAllThreads
Event: 1,642 Executing VM operation: HandshakeAllThreads done
Event: 1,643 Executing VM operation: HandshakeAllThreads
Event: 1,643 Executing VM operation: HandshakeAllThreads done
Event: 1,677 Executing VM operation: HandshakeAllThreads
Event: 1,677 Executing VM operation: HandshakeAllThreads done
Event: 1,678 Executing VM operation: HandshakeAllThreads
Event: 1,678 Executing VM operation: HandshakeAllThreads done
Event: 1,688 Executing VM operation: HandshakeAllThreads
Event: 1,688 Executing VM operation: HandshakeAllThreads done

Events (20 events):
Event: 1,691 loading class org/apache/naming/LocalStrings_en
Event: 1,691 loading class org/apache/naming/LocalStrings_en done
Event: 1,691 loading class org/apache/naming/LocalStrings_en_US
Event: 1,691 loading class org/apache/naming/LocalStrings_en_US done
Event: 1,691 loading class org/apache/naming/ContextAccessController
Event: 1,691 loading class org/apache/naming/ContextAccessController done
Event: 1,691 loading class org/springframework/boot/web/embedded/tomcat/TomcatWebServer$1
Event: 1,691 loading class org/springframework/boot/web/embedded/tomcat/TomcatWebServer$1 done
Event: 1,691 Thread 0x00007f3cf8eda450 Thread added: 0x00007f3cf8eda450
Event: 1,691 Protecting memory [0x00007f3cd40f7000,0x00007f3cd40fb000] with protection modes 0
Event: 1,691 loading class org/springframework/boot/web/context/WebServerGracefulShutdownLifecycle
Event: 1,691 loading class org/springframework/boot/web/context/WebServerGracefulShutdownLifecycle done
Event: 1,691 loading class org/springframework/context/SmartLifecycle
Event: 1,691 loading class org/springframework/context/SmartLifecycle done
Event: 1,691 loading class org/springframework/context/Phased
Event: 1,691 loading class org/springframework/context/Phased done
Event: 1,692 loading class org/springframework/boot/web/servlet/context/WebServerStartStopLifecycle
Event: 1,692 loading class org/springframework/boot/web/servlet/context/WebServerStartStopLifecycle done
Event: 1,692 loading class org/springframework/web/context/support/ServletContextPropertySource
Event: 1,692 loading class org/springframework/web/context/support/ServletContextPropertySource done


Dynamic libraries:
708800000-70f200000 rw-p 00000000 00:00 0 
70f200000-714e00000 ---p 00000000 00:00 0 
714e00000-715600000 rw-p 00000000 00:00 0 
715600000-717e00000 ---p 00000000 00:00 0 
717e00000-718000000 rw-p 00000000 00:00 0 
718000000-7ffc00000 ---p 00000000 00:00 0 
7ffc00000-7ffd00000 rw-p 00000000 00:00 0 
7ffd00000-7ffd76000 rw-p 00c9b000 08:03 1049026                          /usr/lib/jvm/java-17-oracle/lib/server/classes.jsa
7ffd76000-7ffe00000 rw-p 00000000 00:00 0 
7ffe00000-7ffe83000 rw-p 00c18000 08:03 1049026                          /usr/lib/jvm/java-17-oracle/lib/server/classes.jsa
7ffe83000-800000000 rw-p 00000000 00:00 0 
800000000-800bdf000 rw-p 00001000 08:03 1049026                          /usr/lib/jvm/java-17-oracle/lib/server/classes.jsa
800bdf000-800c00000 ---p 00000000 00:00 0 
800c00000-800c20000 rw-p 00000000 00:00 0 
800c20000-800c40000 rw-p 00000000 00:00 0 
800c40000-800cc0000 rw-p 00000000 00:00 0 
800cc0000-800d80000 rw-p 00000000 00:00 0 
800d80000-800fd0000 rw-p 00000000 00:00 0 
800fd0000-801000000 ---p 00000000 00:00 0 
801000000-801060000 rw-p 00000000 00:00 0 
801060000-840c00000 ---p 00000000 00:00 0 
55b8439d5000-55b8439d6000 r-xp 00000000 08:03 1048600                    /usr/lib/jvm/java-17-oracle/bin/java
55b8439d7000-55b8439d8000 r--p 00001000 08:03 1048600                    /usr/lib/jvm/java-17-oracle/bin/java
55b8439d8000-55b8439d9000 rw-p 00002000 08:03 1048600                    /usr/lib/jvm/java-17-oracle/bin/java
55b84494e000-55b84496f000 rw-p 00000000 00:00 0                          [heap]
7f3c38000000-7f3c38021000 rw-p 00000000 00:00 0 
7f3c38021000-7f3c3c000000 ---p 00000000 00:00 0 
7f3c40000000-7f3c40021000 rw-p 00000000 00:00 0 
7f3c40021000-7f3c44000000 ---p 00000000 00:00 0 
7f3c44000000-7f3c44021000 rw-p 00000000 00:00 0 
7f3c44021000-7f3c48000000 ---p 00000000 00:00 0 
7f3c4b453000-7f3c4ba20000 rw-p 00000000 00:00 0 
7f3c4ba20000-7f3c4c000000 ---p 00000000 00:00 0 
7f3c4c000000-7f3c4c02e000 rw-p 00000000 00:00 0 
7f3c4c02e000-7f3c50000000 ---p 00000000 00:00 0 
7f3c50000000-7f3c50021000 rw-p 00000000 00:00 0 
7f3c50021000-7f3c54000000 ---p 00000000 00:00 0 
7f3c54000000-7f3c54031000 rw-p 00000000 00:00 0 
7f3c54031000-7f3c58000000 ---p 00000000 00:00 0 
7f3c58000000-7f3c58030000 rw-p 00000000 00:00 0 
7f3c58030000-7f3c5c000000 ---p 00000000 00:00 0 
7f3c5c000000-7f3c5c033000 rw-p 00000000 00:00 0 
7f3c5c033000-7f3c60000000 ---p 00000000 00:00 0 
7f3c60000000-7f3c60255000 rw-p 00000000 00:00 0 
7f3c60255000-7f3c64000000 ---p 00000000 00:00 0 
7f3c64000000-7f3c64021000 rw-p 00000000 00:00 0 
7f3c64021000-7f3c68000000 ---p 00000000 00:00 0 
7f3c68000000-7f3c68021000 rw-p 00000000 00:00 0 
7f3c68021000-7f3c6c000000 ---p 00000000 00:00 0 
7f3c6c000000-7f3c6c021000 rw-p 00000000 00:00 0 
7f3c6c021000-7f3c70000000 ---p 00000000 00:00 0 
7f3c70000000-7f3c70021000 rw-p 00000000 00:00 0 
7f3c70021000-7f3c74000000 ---p 00000000 00:00 0 
7f3c74000000-7f3c74021000 rw-p 00000000 00:00 0 
7f3c74021000-7f3c78000000 ---p 00000000 00:00 0 
7f3c78000000-7f3c78021000 rw-p 00000000 00:00 0 
7f3c78021000-7f3c7c000000 ---p 00000000 00:00 0 
7f3c7c000000-7f3c7c021000 rw-p 00000000 00:00 0 
7f3c7c021000-7f3c80000000 ---p 00000000 00:00 0 
7f3c80000000-7f3c80021000 rw-p 00000000 00:00 0 
7f3c80021000-7f3c84000000 ---p 00000000 00:00 0 
7f3c84000000-7f3c84021000 rw-p 00000000 00:00 0 
7f3c84021000-7f3c88000000 ---p 00000000 00:00 0 
7f3c88000000-7f3c88021000 rw-p 00000000 00:00 0 
7f3c88021000-7f3c8c000000 ---p 00000000 00:00 0 
7f3c8c000000-7f3c8c021000 rw-p 00000000 00:00 0 
7f3c8c021000-7f3c90000000 ---p 00000000 00:00 0 
7f3c90000000-7f3c90021000 rw-p 00000000 00:00 0 
7f3c90021000-7f3c94000000 ---p 00000000 00:00 0 
7f3c94000000-7f3c940ae000 rw-p 00000000 00:00 0 
7f3c940ae000-7f3c98000000 ---p 00000000 00:00 0 
7f3c98000000-7f3c98021000 rw-p 00000000 00:00 0 
7f3c98021000-7f3c9c000000 ---p 00000000 00:00 0 
7f3c9c000000-7f3c9c110000 rw-p 00000000 00:00 0 
7f3c9c110000-7f3ca0000000 ---p 00000000 00:00 0 
7f3ca0000000-7f3ca0036000 rw-p 00000000 00:00 0 
7f3ca0036000-7f3ca4000000 ---p 00000000 00:00 0 
7f3ca4000000-7f3ca4021000 rw-p 00000000 00:00 0 
7f3ca4021000-7f3ca8000000 ---p 00000000 00:00 0 
7f3ca8000000-7f3ca8130000 rw-p 00000000 00:00 0 
7f3ca8130000-7f3cac000000 ---p 00000000 00:00 0 
7f3cac000000-7f3cac1e9000 rw-p 00000000 00:00 0 
7f3cac1e9000-7f3cb0000000 ---p 00000000 00:00 0 
7f3cb0000000-7f3cb0021000 rw-p 00000000 00:00 0 
7f3cb0021000-7f3cb4000000 ---p 00000000 00:00 0 
7f3cb4000000-7f3cb4021000 rw-p 00000000 00:00 0 
7f3cb4021000-7f3cb8000000 ---p 00000000 00:00 0 
7f3cb8000000-7f3cb8021000 rw-p 00000000 00:00 0 
7f3cb8021000-7f3cbc000000 ---p 00000000 00:00 0 
7f3cbc000000-7f3cbc021000 rw-p 00000000 00:00 0 
7f3cbc021000-7f3cc0000000 ---p 00000000 00:00 0 
7f3cc0000000-7f3cc0021000 rw-p 00000000 00:00 0 
7f3cc0021000-7f3cc4000000 ---p 00000000 00:00 0 
7f3cc4000000-7f3cc4021000 rw-p 00000000 00:00 0 
7f3cc4021000-7f3cc8000000 ---p 00000000 00:00 0 
7f3cc8000000-7f3cc8021000 rw-p 00000000 00:00 0 
7f3cc8021000-7f3ccc000000 ---p 00000000 00:00 0 
7f3ccc000000-7f3ccc021000 rw-p 00000000 00:00 0 
7f3ccc021000-7f3cd0000000 ---p 00000000 00:00 0 
7f3cd0000000-7f3cd0021000 rw-p 00000000 00:00 0 
7f3cd0021000-7f3cd4000000 ---p 00000000 00:00 0 
7f3cd40f7000-7f3cd40fb000 ---p 00000000 00:00 0 
7f3cd40fb000-7f3cd41f8000 rw-p 00000000 00:00 0 
7f3cd41f8000-7f3cd41fc000 ---p 00000000 00:00 0 
7f3cd41fc000-7f3cd42f9000 rw-p 00000000 00:00 0 
7f3cd42f9000-7f3cd42fd000 ---p 00000000 00:00 0 
7f3cd42fd000-7f3cd43fa000 rw-p 00000000 00:00 0 
7f3cd43fa000-7f3cd43fe000 ---p 00000000 00:00 0 
7f3cd43fe000-7f3cd44fb000 rw-p 00000000 00:00 0 
7f3cd44fb000-7f3cd44fc000 ---p 00000000 00:00 0 
7f3cd44fc000-7f3cd45fd000 rw-p 00000000 00:00 0 
7f3cd45fd000-7f3cd45fe000 ---p 00000000 00:00 0 
7f3cd45fe000-7f3cd46ff000 rw-p 00000000 00:00 0 
7f3cd46ff000-7f3cd4703000 ---p 00000000 00:00 0 
7f3cd4703000-7f3cd4f00000 rw-p 00000000 00:00 0 
7f3cd4f00000-7f3cd4f40000 rw-p 00000000 00:00 0 
7f3cd4f40000-7f3cd5000000 ---p 00000000 00:00 0 
7f3cd5000000-7f3cd5700000 rw-p 00000000 00:00 0 
7f3cd5700000-7f3cd5800000 rw-p 00000000 00:00 0 
7f3cd5844000-7f3cd58db000 rw-p 00000000 00:00 0 
7f3cd58db000-7f3cd58df000 ---p 00000000 00:00 0 
7f3cd58df000-7f3cd59dc000 rw-p 00000000 00:00 0 
7f3cd59dc000-7f3cd59e0000 ---p 00000000 00:00 0 
7f3cd59e0000-7f3cd5add000 rw-p 00000000 00:00 0 
7f3cd5add000-7f3cd5ade000 ---p 00000000 00:00 0 
7f3cd5ade000-7f3cd5bdf000 rw-p 00000000 00:00 0 
7f3cd5bdf000-7f3cd5be0000 ---p 00000000 00:00 0 
7f3cd5be0000-7f3cd5ce1000 rw-p 00000000 00:00 0 
7f3cd5ce1000-7f3cd5ce2000 ---p 00000000 00:00 0 
7f3cd5ce2000-7f3cd5de3000 rw-p 00000000 00:00 0 
7f3cd5de3000-7f3cd5de4000 ---p 00000000 00:00 0 
7f3cd5de4000-7f3cd5ee5000 rw-p 00000000 00:00 0 
7f3cd5ee5000-7f3cd5ee6000 ---p 00000000 00:00 0 
7f3cd5ee6000-7f3cd5fe7000 rw-p 00000000 00:00 0 
7f3cd5fe7000-7f3cd5fe8000 ---p 00000000 00:00 0 
7f3cd5fe8000-7f3cd60e9000 rw-p 00000000 00:00 0 
7f3cd60e9000-7f3cd60ea000 ---p 00000000 00:00 0 
7f3cd60ea000-7f3cd61eb000 rw-p 00000000 00:00 0 
7f3cd61eb000-7f3cd61ec000 ---p 00000000 00:00 0 
7f3cd61ec000-7f3cd62ed000 rw-p 00000000 00:00 0 
7f3cd62ed000-7f3cd62ee000 ---p 00000000 00:00 0 
7f3cd62ee000-7f3cd63ef000 rw-p 00000000 00:00 0 
7f3cd63ef000-7f3cd63f0000 ---p 00000000 00:00 0 
7f3cd63f0000-7f3cd64f1000 rw-p 00000000 00:00 0 
7f3cd64f1000-7f3cd64f5000 ---p 00000000 00:00 0 
7f3cd64f5000-7f3cd65f2000 rw-p 00000000 00:00 0 
7f3cd65f2000-7f3cd65f6000 ---p 00000000 00:00 0 
7f3cd65f6000-7f3cd66f3000 rw-p 00000000 00:00 0 
7f3cd66f3000-7f3cd66f7000 ---p 00000000 00:00 0 
7f3cd66f7000-7f3cd67f4000 rw-p 00000000 00:00 0 
7f3cd67f4000-7f3cd67f8000 ---p 00000000 00:00 0 
7f3cd67f8000-7f3cd68f5000 rw-p 00000000 00:00 0 
7f3cd68f5000-7f3cd68f9000 ---p 00000000 00:00 0 
7f3cd68f9000-7f3cd69f6000 rw-p 00000000 00:00 0 
7f3cd69f6000-7f3cd69fa000 ---p 00000000 00:00 0 
7f3cd69fa000-7f3cd6af7000 rw-p 00000000 00:00 0 
7f3cd6af7000-7f3cd6afb000 ---p 00000000 00:00 0 
7f3cd6afb000-7f3cd6bf8000 rw-p 00000000 00:00 0 
7f3cd6bf8000-7f3cd6bfc000 ---p 00000000 00:00 0 
7f3cd6bfc000-7f3cd6cf9000 rw-p 00000000 00:00 0 
7f3cd6cf9000-7f3cd6cfd000 ---p 00000000 00:00 0 
7f3cd6cfd000-7f3cd6dfa000 rw-p 00000000 00:00 0 
7f3cd6dfa000-7f3cd6dfe000 ---p 00000000 00:00 0 
7f3cd6dfe000-7f3cd6efb000 rw-p 00000000 00:00 0 
7f3cd6efb000-7f3cd6eff000 ---p 00000000 00:00 0 
7f3cd6eff000-7f3cd6ffc000 rw-p 00000000 00:00 0 
7f3cd6ffc000-7f3cd7000000 ---p 00000000 00:00 0 
7f3cd7000000-7f3cd70fd000 rw-p 00000000 00:00 0 
7f3cd70fd000-7f3cd7101000 ---p 00000000 00:00 0 
7f3cd7101000-7f3cd71fe000 rw-p 00000000 00:00 0 
7f3cd71fe000-7f3cd7202000 ---p 00000000 00:00 0 
7f3cd7202000-7f3cd72ff000 rw-p 00000000 00:00 0 
7f3cd72ff000-7f3cd7303000 ---p 00000000 00:00 0 
7f3cd7303000-7f3cd7800000 rw-p 00000000 00:00 0 
7f3cd7800000-7f3cd7900000 rw-p 00000000 00:00 0 
7f3cd7900000-7f3cd7b00000 rw-p 00000000 00:00 0 
7f3cd7b00000-7f3cd7c00000 rw-p 00000000 00:00 0 
7f3cd7c0c000-7f3cd7ca3000 rw-p 00000000 00:00 0 
7f3cd7ca3000-7f3cd7ca8000 r-xp 00000000 08:03 1049004                    /usr/lib/jvm/java-17-oracle/lib/libmanagement_ext.so
7f3cd7ca8000-7f3cd7ca9000 ---p 00005000 08:03 1049004                    /usr/lib/jvm/java-17-oracle/lib/libmanagement_ext.so
7f3cd7ca9000-7f3cd7caa000 r--p 00005000 08:03 1049004                    /usr/lib/jvm/java-17-oracle/lib/libmanagement_ext.so
7f3cd7caa000-7f3cd7cab000 rw-p 00006000 08:03 1049004                    /usr/lib/jvm/java-17-oracle/lib/libmanagement_ext.so
7f3cd7cab000-7f3cd7cac000 ---p 00000000 00:00 0 
7f3cd7cac000-7f3cd7dad000 rw-p 00000000 00:00 0 
7f3cd7dad000-7f3cd7e7b000 r-xp 00000000 08:03 1049013                    /usr/lib/jvm/java-17-oracle/lib/libsvml.so
7f3cd7e7b000-7f3cd7e7c000 r--p 000cd000 08:03 1049013                    /usr/lib/jvm/java-17-oracle/lib/libsvml.so
7f3cd7e7c000-7f3cd7e7d000 rw-p 000ce000 08:03 1049013                    /usr/lib/jvm/java-17-oracle/lib/libsvml.so
7f3cd7e7d000-7f3cd7efe000 rw-p 00000000 00:00 0 
7f3cd7efe000-7f3cd7eff000 ---p 00000000 00:00 0 
7f3cd7eff000-7f3cd8000000 rw-p 00000000 00:00 0 
7f3cd8000000-7f3cd8021000 rw-p 00000000 00:00 0 
7f3cd8021000-7f3cdc000000 ---p 00000000 00:00 0 
7f3cdc000000-7f3cdc021000 rw-p 00000000 00:00 0 
7f3cdc021000-7f3ce0000000 ---p 00000000 00:00 0 
7f3ce0000000-7f3ce0021000 rw-p 00000000 00:00 0 
7f3ce0021000-7f3ce4000000 ---p 00000000 00:00 0 
7f3ce4000000-7f3ce4004000 r-xp 00000000 08:03 1049002                    /usr/lib/jvm/java-17-oracle/lib/libmanagement.so
7f3ce4004000-7f3ce4005000 r--p 00003000 08:03 1049002                    /usr/lib/jvm/java-17-oracle/lib/libmanagement.so
7f3ce4005000-7f3ce4006000 rw-p 00004000 08:03 1049002                    /usr/lib/jvm/java-17-oracle/lib/libmanagement.so
7f3ce4006000-7f3ce401b000 r-xp 00000000 08:03 1049006                    /usr/lib/jvm/java-17-oracle/lib/libnet.so
7f3ce401b000-7f3ce401c000 ---p 00015000 08:03 1049006                    /usr/lib/jvm/java-17-oracle/lib/libnet.so
7f3ce401c000-7f3ce401d000 r--p 00015000 08:03 1049006                    /usr/lib/jvm/java-17-oracle/lib/libnet.so
7f3ce401d000-7f3ce401e000 rw-p 00016000 08:03 1049006                    /usr/lib/jvm/java-17-oracle/lib/libnet.so
7f3ce401e000-7f3ce4031000 r-xp 00000000 08:03 1049007                    /usr/lib/jvm/java-17-oracle/lib/libnio.so
7f3ce4031000-7f3ce4032000 r--p 00012000 08:03 1049007                    /usr/lib/jvm/java-17-oracle/lib/libnio.so
7f3ce4032000-7f3ce4033000 rw-p 00013000 08:03 1049007                    /usr/lib/jvm/java-17-oracle/lib/libnio.so
7f3ce4033000-7f3ce4038000 r-xp 00000000 08:03 1048985                    /usr/lib/jvm/java-17-oracle/lib/libdt_socket.so
7f3ce4038000-7f3ce4039000 r--p 00004000 08:03 1048985                    /usr/lib/jvm/java-17-oracle/lib/libdt_socket.so
7f3ce4039000-7f3ce403a000 rw-p 00005000 08:03 1048985                    /usr/lib/jvm/java-17-oracle/lib/libdt_socket.so
7f3ce403a000-7f3ce4041000 r--s 00000000 08:03 21107615                   /usr/lib/x86_64-linux-gnu/gconv/gconv-modules.cache
7f3ce4041000-7f3ce40dd000 rw-p 00000000 00:00 0 
7f3ce40dd000-7f3ce40de000 ---p 00000000 00:00 0 
7f3ce40de000-7f3ce6be9000 rw-p 00000000 00:00 0 
7f3ce6be9000-7f3ce6bea000 ---p 00000000 00:00 0 
7f3ce6bea000-7f3ce6ceb000 rw-p 00000000 00:00 0 
7f3ce6ceb000-7f3ce6cec000 ---p 00000000 00:00 0 
7f3ce6cec000-7f3ce6ded000 rw-p 00000000 00:00 0 
7f3ce6ded000-7f3ce6dee000 ---p 00000000 00:00 0 
7f3ce6dee000-7f3ce7117000 rw-p 00000000 00:00 0 
7f3ce7117000-7f3ce7287000 ---p 00000000 00:00 0 
7f3ce7287000-7f3ce72a7000 rw-p 00000000 00:00 0 
7f3ce72a7000-7f3ce7347000 ---p 00000000 00:00 0 
7f3ce7347000-7f3ce734f000 rw-p 00000000 00:00 0 
7f3ce734f000-7f3cead3f000 ---p 00000000 00:00 0 
7f3cead3f000-7f3ceaef7000 rw-p 00000000 00:00 0 
7f3ceaef7000-7f3ceb067000 ---p 00000000 00:00 0 
7f3ceb067000-7f3ceb087000 rw-p 00000000 00:00 0 
7f3ceb087000-7f3ceb127000 ---p 00000000 00:00 0 
7f3ceb127000-7f3ceb12f000 rw-p 00000000 00:00 0 
7f3ceb12f000-7f3ceeb1f000 ---p 00000000 00:00 0 
7f3ceeb1f000-7f3ceeb64000 rw-p 00000000 00:00 0 
7f3ceeb64000-7f3ceeb92000 ---p 00000000 00:00 0 
7f3ceeb92000-7f3ceeb96000 rw-p 00000000 00:00 0 
7f3ceeb96000-7f3ceebaa000 ---p 00000000 00:00 0 
7f3ceebaa000-7f3ceebab000 rw-p 00000000 00:00 0 
7f3ceebab000-7f3cef2e9000 ---p 00000000 00:00 0 
7f3cef2e9000-7f3cef320000 rw-p 00000000 00:00 0 
7f3cef320000-7f3cef34e000 ---p 00000000 00:00 0 
7f3cef34e000-7f3cef352000 rw-p 00000000 00:00 0 
7f3cef352000-7f3cef366000 ---p 00000000 00:00 0 
7f3cef366000-7f3cef367000 rw-p 00000000 00:00 0 
7f3cef367000-7f3cefaa5000 ---p 00000000 00:00 0 
7f3cefaa5000-7f3cefadc000 rw-p 00000000 00:00 0 
7f3cefadc000-7f3cefb0a000 ---p 00000000 00:00 0 
7f3cefb0a000-7f3cefb0e000 rw-p 00000000 00:00 0 
7f3cefb0e000-7f3cefb22000 ---p 00000000 00:00 0 
7f3cefb22000-7f3cefb23000 rw-p 00000000 00:00 0 
7f3cefb23000-7f3cf0261000 ---p 00000000 00:00 0 
7f3cf0261000-7f3cf0768000 rw-p 00000000 00:00 0 
7f3cf0768000-7f3cf8000000 r--s 00000000 08:03 1049017                    /usr/lib/jvm/java-17-oracle/lib/modules
7f3cf8000000-7f3cf8ee0000 rw-p 00000000 00:00 0 
7f3cf8ee0000-7f3cfc000000 ---p 00000000 00:00 0 
7f3cfc000000-7f3cfc002000 r-xp 00000000 08:03 1048986                    /usr/lib/jvm/java-17-oracle/lib/libextnet.so
7f3cfc002000-7f3cfc003000 r--p 00001000 08:03 1048986                    /usr/lib/jvm/java-17-oracle/lib/libextnet.so
7f3cfc003000-7f3cfc004000 rw-p 00002000 08:03 1048986                    /usr/lib/jvm/java-17-oracle/lib/libextnet.so
7f3cfc004000-7f3cfc51c000 rw-p 00000000 00:00 0 
7f3cfc51c000-7f3cfc569000 ---p 00000000 00:00 0 
7f3cfc569000-7f3cfce79000 rwxp 00000000 00:00 0 
7f3cfce79000-7f3cff569000 ---p 00000000 00:00 0 
7f3cff569000-7f3cff56c000 r--p 00000000 08:03 20449595                   /usr/lib/x86_64-linux-gnu/libnss_files-2.31.so
7f3cff56c000-7f3cff573000 r-xp 00003000 08:03 20449595                   /usr/lib/x86_64-linux-gnu/libnss_files-2.31.so
7f3cff573000-7f3cff575000 r--p 0000a000 08:03 20449595                   /usr/lib/x86_64-linux-gnu/libnss_files-2.31.so
7f3cff575000-7f3cff576000 r--p 0000b000 08:03 20449595                   /usr/lib/x86_64-linux-gnu/libnss_files-2.31.so
7f3cff576000-7f3cff577000 rw-p 0000c000 08:03 20449595                   /usr/lib/x86_64-linux-gnu/libnss_files-2.31.so
7f3cff577000-7f3cff57d000 rw-p 00000000 00:00 0 
7f3cff57f000-7f3cff586000 r-xp 00000000 08:03 1049016                    /usr/lib/jvm/java-17-oracle/lib/libzip.so
7f3cff586000-7f3cff587000 ---p 00007000 08:03 1049016                    /usr/lib/jvm/java-17-oracle/lib/libzip.so
7f3cff587000-7f3cff588000 r--p 00007000 08:03 1049016                    /usr/lib/jvm/java-17-oracle/lib/libzip.so
7f3cff588000-7f3cff589000 rw-p 00008000 08:03 1049016                    /usr/lib/jvm/java-17-oracle/lib/libzip.so
7f3cff589000-7f3cff591000 rw-s 00000000 08:03 23593411                   /tmp/hsperfdata_btdtuan/21395
7f3cff591000-7f3cffdcd000 r--p 00000000 08:03 20447807                   /usr/lib/locale/locale-archive
7f3cffdcd000-7f3cffdf1000 r-xp 00000000 08:03 1048993                    /usr/lib/jvm/java-17-oracle/lib/libjava.so
7f3cffdf1000-7f3cffdf2000 ---p 00024000 08:03 1048993                    /usr/lib/jvm/java-17-oracle/lib/libjava.so
7f3cffdf2000-7f3cffdf3000 r--p 00024000 08:03 1048993                    /usr/lib/jvm/java-17-oracle/lib/libjava.so
7f3cffdf3000-7f3cffdf4000 rw-p 00025000 08:03 1048993                    /usr/lib/jvm/java-17-oracle/lib/libjava.so
7f3cffdf4000-7f3cffdf5000 rw-p 00000000 00:00 0 
7f3cffdf5000-7f3cffe33000 r-xp 00000000 08:03 1048996                    /usr/lib/jvm/java-17-oracle/lib/libjdwp.so
7f3cffe33000-7f3cffe34000 r--p 0003d000 08:03 1048996                    /usr/lib/jvm/java-17-oracle/lib/libjdwp.so
7f3cffe34000-7f3cffe35000 rw-p 0003e000 08:03 1048996                    /usr/lib/jvm/java-17-oracle/lib/libjdwp.so
7f3cffe35000-7f3cffe36000 rw-p 00000000 00:00 0 
7f3cffe36000-7f3cffe51000 r-xp 00000000 08:03 1048997                    /usr/lib/jvm/java-17-oracle/lib/libjimage.so
7f3cffe51000-7f3cffe52000 ---p 0001b000 08:03 1048997                    /usr/lib/jvm/java-17-oracle/lib/libjimage.so
7f3cffe52000-7f3cffe54000 r--p 0001b000 08:03 1048997                    /usr/lib/jvm/java-17-oracle/lib/libjimage.so
7f3cffe54000-7f3cffe55000 rw-p 0001d000 08:03 1048997                    /usr/lib/jvm/java-17-oracle/lib/libjimage.so
7f3cffe55000-7f3cffe59000 ---p 00000000 00:00 0 
7f3cffe59000-7f3cfff56000 rw-p 00000000 00:00 0 
7f3cfff56000-7f3cfff63000 r--p 00000000 08:03 20449585                   /usr/lib/x86_64-linux-gnu/libm-2.31.so
7f3cfff63000-7f3d0000a000 r-xp 0000d000 08:03 20449585                   /usr/lib/x86_64-linux-gnu/libm-2.31.so
7f3d0000a000-7f3d000a3000 r--p 000b4000 08:03 20449585                   /usr/lib/x86_64-linux-gnu/libm-2.31.so
7f3d000a3000-7f3d000a4000 r--p 0014c000 08:03 20449585                   /usr/lib/x86_64-linux-gnu/libm-2.31.so
7f3d000a4000-7f3d000a5000 rw-p 0014d000 08:03 20449585                   /usr/lib/x86_64-linux-gnu/libm-2.31.so
7f3d000a5000-7f3d000a7000 r--p 00000000 08:03 20449602                   /usr/lib/x86_64-linux-gnu/librt-2.31.so
7f3d000a7000-7f3d000ab000 r-xp 00002000 08:03 20449602                   /usr/lib/x86_64-linux-gnu/librt-2.31.so
7f3d000ab000-7f3d000ad000 r--p 00006000 08:03 20449602                   /usr/lib/x86_64-linux-gnu/librt-2.31.so
7f3d000ad000-7f3d000ae000 r--p 00007000 08:03 20449602                   /usr/lib/x86_64-linux-gnu/librt-2.31.so
7f3d000ae000-7f3d000af000 rw-p 00008000 08:03 20449602                   /usr/lib/x86_64-linux-gnu/librt-2.31.so
7f3d000af000-7f3d011d6000 r-xp 00000000 08:03 1049029                    /usr/lib/jvm/java-17-oracle/lib/server/libjvm.so
7f3d011d6000-7f3d0128b000 r--p 01126000 08:03 1049029                    /usr/lib/jvm/java-17-oracle/lib/server/libjvm.so
7f3d0128b000-7f3d012be000 rw-p 011db000 08:03 1049029                    /usr/lib/jvm/java-17-oracle/lib/server/libjvm.so
7f3d012be000-7f3d0131a000 rw-p 00000000 00:00 0 
7f3d0131a000-7f3d0133c000 r--p 00000000 08:03 20449581                   /usr/lib/x86_64-linux-gnu/libc-2.31.so
7f3d0133c000-7f3d014b4000 r-xp 00022000 08:03 20449581                   /usr/lib/x86_64-linux-gnu/libc-2.31.so
7f3d014b4000-7f3d01502000 r--p 0019a000 08:03 20449581                   /usr/lib/x86_64-linux-gnu/libc-2.31.so
7f3d01502000-7f3d01506000 r--p 001e7000 08:03 20449581                   /usr/lib/x86_64-linux-gnu/libc-2.31.so
7f3d01506000-7f3d01508000 rw-p 001eb000 08:03 20449581                   /usr/lib/x86_64-linux-gnu/libc-2.31.so
7f3d01508000-7f3d0150c000 rw-p 00000000 00:00 0 
7f3d0150c000-7f3d0150d000 r--p 00000000 08:03 20449583                   /usr/lib/x86_64-linux-gnu/libdl-2.31.so
7f3d0150d000-7f3d0150f000 r-xp 00001000 08:03 20449583                   /usr/lib/x86_64-linux-gnu/libdl-2.31.so
7f3d0150f000-7f3d01510000 r--p 00003000 08:03 20449583                   /usr/lib/x86_64-linux-gnu/libdl-2.31.so
7f3d01510000-7f3d01511000 r--p 00003000 08:03 20449583                   /usr/lib/x86_64-linux-gnu/libdl-2.31.so
7f3d01511000-7f3d01512000 rw-p 00004000 08:03 20449583                   /usr/lib/x86_64-linux-gnu/libdl-2.31.so
7f3d01512000-7f3d01518000 r--p 00000000 08:03 20449600                   /usr/lib/x86_64-linux-gnu/libpthread-2.31.so
7f3d01518000-7f3d01529000 r-xp 00006000 08:03 20449600                   /usr/lib/x86_64-linux-gnu/libpthread-2.31.so
7f3d01529000-7f3d0152f000 r--p 00017000 08:03 20449600                   /usr/lib/x86_64-linux-gnu/libpthread-2.31.so
7f3d0152f000-7f3d01530000 r--p 0001c000 08:03 20449600                   /usr/lib/x86_64-linux-gnu/libpthread-2.31.so
7f3d01530000-7f3d01531000 rw-p 0001d000 08:03 20449600                   /usr/lib/x86_64-linux-gnu/libpthread-2.31.so
7f3d01531000-7f3d01535000 rw-p 00000000 00:00 0 
7f3d01535000-7f3d01544000 r-xp 00000000 08:03 1048998                    /usr/lib/jvm/java-17-oracle/lib/libjli.so
7f3d01544000-7f3d01545000 r--p 0000e000 08:03 1048998                    /usr/lib/jvm/java-17-oracle/lib/libjli.so
7f3d01545000-7f3d01546000 rw-p 0000f000 08:03 1048998                    /usr/lib/jvm/java-17-oracle/lib/libjli.so
7f3d01546000-7f3d01548000 r--p 00000000 08:03 20451586                   /usr/lib/x86_64-linux-gnu/libz.so.1.2.11
7f3d01548000-7f3d01559000 r-xp 00002000 08:03 20451586                   /usr/lib/x86_64-linux-gnu/libz.so.1.2.11
7f3d01559000-7f3d0155f000 r--p 00013000 08:03 20451586                   /usr/lib/x86_64-linux-gnu/libz.so.1.2.11
7f3d0155f000-7f3d01560000 ---p 00019000 08:03 20451586                   /usr/lib/x86_64-linux-gnu/libz.so.1.2.11
7f3d01560000-7f3d01561000 r--p 00019000 08:03 20451586                   /usr/lib/x86_64-linux-gnu/libz.so.1.2.11
7f3d01561000-7f3d01562000 rw-p 0001a000 08:03 20451586                   /usr/lib/x86_64-linux-gnu/libz.so.1.2.11
7f3d01562000-7f3d01564000 rw-p 00000000 00:00 0 
7f3d01564000-7f3d0156a000 r--s 0005c000 07:0d 1807                       /snap/intellij-idea-ultimate/357/plugins/java/lib/rt/debugger-agent.jar
7f3d0156a000-7f3d01574000 r-xp 00000000 08:03 1048988                    /usr/lib/jvm/java-17-oracle/lib/libinstrument.so
7f3d01574000-7f3d01575000 r--p 00009000 08:03 1048988                    /usr/lib/jvm/java-17-oracle/lib/libinstrument.so
7f3d01575000-7f3d01576000 rw-p 0000a000 08:03 1048988                    /usr/lib/jvm/java-17-oracle/lib/libinstrument.so
7f3d01576000-7f3d01577000 ---p 00000000 00:00 0 
7f3d01577000-7f3d01578000 r--p 00000000 00:00 0 
7f3d01578000-7f3d01579000 r--p 00000000 08:03 20449573                   /usr/lib/x86_64-linux-gnu/ld-2.31.so
7f3d01579000-7f3d0159c000 r-xp 00001000 08:03 20449573                   /usr/lib/x86_64-linux-gnu/ld-2.31.so
7f3d0159c000-7f3d015a4000 r--p 00024000 08:03 20449573                   /usr/lib/x86_64-linux-gnu/ld-2.31.so
7f3d015a4000-7f3d015a5000 ---p 00000000 00:00 0 
7f3d015a5000-7f3d015a6000 r--p 0002c000 08:03 20449573                   /usr/lib/x86_64-linux-gnu/ld-2.31.so
7f3d015a6000-7f3d015a7000 rw-p 0002d000 08:03 20449573                   /usr/lib/x86_64-linux-gnu/ld-2.31.so
7f3d015a7000-7f3d015a8000 rw-p 00000000 00:00 0 
7ffd7ee18000-7ffd7ee3b000 rw-p 00000000 00:00 0                          [stack]
7ffd7ef3e000-7ffd7ef42000 r--p 00000000 00:00 0                          [vvar]
7ffd7ef42000-7ffd7ef44000 r-xp 00000000 00:00 0                          [vdso]
ffffffffff600000-ffffffffff601000 --xp 00000000 00:00 0                  [vsyscall]


VM Arguments:
jvm_args: -agentlib:jdwp=transport=dt_socket,address=127.0.0.1:57907,suspend=y,server=n -XX:TieredStopAtLevel=1 -Xverify:none -Dspring.output.ansi.enabled=always -Dcom.sun.management.jmxremote -Dspring.jmx.enabled=true -Dspring.liveBeansView.mbeanDomain -Dspring.application.admin.enabled=true -javaagent:/snap/intellij-idea-ultimate/357/plugins/java/lib/rt/debugger-agent.jar -Dfile.encoding=UTF-8 
java_command: vn.com.tma.emsbackend.EmsBackendApplication
java_class_path (initial): /home/btdtuan/Documents/GitHub/ems-backend/target/classes:/home/btdtuan/.m2/repository/org/springframework/boot/spring-boot-starter-data-jpa/2.6.3/spring-boot-starter-data-jpa-2.6.3.jar:/home/btdtuan/.m2/repository/org/springframework/boot/spring-boot-starter-aop/2.6.3/spring-boot-starter-aop-2.6.3.jar:/home/btdtuan/.m2/repository/org/aspectj/aspectjweaver/1.9.7/aspectjweaver-1.9.7.jar:/home/btdtuan/.m2/repository/org/springframework/boot/spring-boot-starter-jdbc/2.6.3/spring-boot-starter-jdbc-2.6.3.jar:/home/btdtuan/.m2/repository/com/zaxxer/HikariCP/4.0.3/HikariCP-4.0.3.jar:/home/btdtuan/.m2/repository/org/springframework/spring-jdbc/5.3.15/spring-jdbc-5.3.15.jar:/home/btdtuan/.m2/repository/jakarta/transaction/jakarta.transaction-api/1.3.3/jakarta.transaction-api-1.3.3.jar:/home/btdtuan/.m2/repository/jakarta/persistence/jakarta.persistence-api/2.2.3/jakarta.persistence-api-2.2.3.jar:/home/btdtuan/.m2/repository/org/hibernate/hibernate-core/5.6.4.Final/hibernate-core-5.6.4.Final.jar:/home/btdtuan/.m2/repository/org/jboss/logging/jboss-logging/3.4.3.Final/jboss-logging-3.4.3.Final.jar:/home/btdtuan/.m2/repository/net/bytebuddy/byte-buddy/1.11.22/byte-buddy-1.11.22.jar:/home/btdtuan/.m2/repository/antlr/antlr/2.7.7/antlr-2.7.7.jar:/home/btdtuan/.m2/repository/org/jboss/jandex/2.4.2.Final/jandex-2.4.2.Final.jar:/home/btdtuan/.m2/repository/com/fasterxml/classmate/1.5.1/classmate-1.5.1.jar:/home/btdtuan/.m2/repository/org/hibernate/common/hibernate-commons-annotations/5.1.2.Final/hibernate-commons-annotations-5.1.2.Final.jar:/home/btdtuan/.m2/repository/org/glassfish/jaxb/jaxb-runtime/2.3.5/jaxb-runtime-2.3.5.jar:/home/btdtuan/.m2/repository/org/glassfish/jaxb/txw2/2.3.5/txw2-2.3.5.jar:/home/btdtuan/.m2/repository/com/sun/istack/istack-commons-runtime/3.0.12/istack-commons-runtime-3.0.12.jar:/home/btdtuan/.m2/repository/com/sun/activation/jakarta.activation/1.2.2/jakarta.activation-1.2.2.jar:/home/btdtuan/.m2/repository/org/springframewor
Launcher Type: SUN_STANDARD

[Global flags]
     intx CICompilerCount                          = 4                                         {product} {ergonomic}
     uint ConcGCThreads                            = 3                                         {product} {ergonomic}
     uint G1ConcRefinementThreads                  = 10                                        {product} {ergonomic}
   size_t G1HeapRegionSize                         = 2097152                                   {product} {ergonomic}
    uintx GCDrainStackTargetSize                   = 64                                        {product} {ergonomic}
   size_t InitialHeapSize                          = 260046848                                 {product} {ergonomic}
     bool ManagementServer                         = true                                      {product} {command line}
   size_t MarkStackSize                            = 4194304                                   {product} {ergonomic}
   size_t MaxHeapSize                              = 4152360960                                {product} {ergonomic}
   size_t MaxNewSize                               = 2491416576                                {product} {ergonomic}
   size_t MinHeapDeltaBytes                        = 2097152                                   {product} {ergonomic}
   size_t MinHeapSize                              = 8388608                                   {product} {ergonomic}
    uintx NonProfiledCodeHeapSize                  = 0                                      {pd product} {ergonomic}
     bool ProfileInterpreter                       = false                                  {pd product} {command line}
    uintx ProfiledCodeHeapSize                     = 0                                      {pd product} {ergonomic}
   size_t SoftMaxHeapSize                          = 4152360960                             {manageable} {ergonomic}
     intx TieredStopAtLevel                        = 1                                         {product} {command line}
     bool UseCompressedClassPointers               = true                           {product lp64_product} {ergonomic}
     bool UseCompressedOops                        = true                           {product lp64_product} {ergonomic}
     bool UseG1GC                                  = true                                      {product} {ergonomic}

Logging:
Log output configuration:
 #0: stdout all=warning uptime,level,tags
 #1: stderr all=off uptime,level,tags

Environment Variables:
JAVA_HOME=/usr/lib/jvm/java-11-openjdk-amd64/
PATH=/usr/local/apache-maven/apache-maven-3.8.4/bin:/usr/local/sbin:/usr/local/bin:/usr/sbin:/usr/bin:/sbin:/bin:/usr/games:/usr/local/games:/snap/bin:/usr/lib/jvm/java-17-oracle/bin:/usr/lib/jvm/java-17-oracle/db/bin
SHELL=/bin/bash
DISPLAY=:0
LANG=en_US.UTF-8

Signal Handlers:
   SIGSEGV: crash_handler in libjvm.so, mask=11100100010111111101111111111110, flags=SA_RESTART|SA_SIGINFO
    SIGBUS: crash_handler in libjvm.so, mask=11100100010111111101111111111110, flags=SA_RESTART|SA_SIGINFO
    SIGFPE: crash_handler in libjvm.so, mask=11100100010111111101111111111110, flags=SA_RESTART|SA_SIGINFO
   SIGPIPE: javaSignalHandler in libjvm.so, mask=11100100010111111101111111111110, flags=SA_RESTART|SA_SIGINFO
   SIGXFSZ: javaSignalHandler in libjvm.so, mask=11100100010111111101111111111110, flags=SA_RESTART|SA_SIGINFO
    SIGILL: crash_handler in libjvm.so, mask=11100100010111111101111111111110, flags=SA_RESTART|SA_SIGINFO
   SIGUSR2: SR_handler in libjvm.so, mask=00100000000000000000000000000000, flags=SA_RESTART|SA_SIGINFO
    SIGHUP: UserHandler in libjvm.so, mask=11100100010111111101111111111110, flags=SA_RESTART|SA_SIGINFO
    SIGINT: UserHandler in libjvm.so, mask=11100100010111111101111111111110, flags=SA_RESTART|SA_SIGINFO
   SIGTERM: UserHandler in libjvm.so, mask=11100100010111111101111111111110, flags=SA_RESTART|SA_SIGINFO
   SIGQUIT: UserHandler in libjvm.so, mask=11100100010111111101111111111110, flags=SA_RESTART|SA_SIGINFO
   SIGTRAP: crash_handler in libjvm.so, mask=11100100010111111101111111111110, flags=SA_RESTART|SA_SIGINFO


---------------  S Y S T E M  ---------------

OS:
DISTRIB_ID=Ubuntu
DISTRIB_RELEASE=20.04
DISTRIB_CODENAME=focal
DISTRIB_DESCRIPTION="Ubuntu 20.04.4 LTS"
uname: Linux 5.13.0-40-generic #45~20.04.1-Ubuntu SMP Mon Apr 4 09:38:31 UTC 2022 x86_64
OS uptime: 0 days 1:34 hours
libc: glibc 2.31 NPTL 2.31 
rlimit (soft/hard): STACK 8192k/infinity , CORE 0k/infinity , NPROC 63066/63066 , NOFILE 500000/500000 , AS infinity/infinity , CPU infinity/infinity , DATA infinity/infinity , FSIZE infinity/infinity , MEMLOCK 65536k/65536k
load average: 1,71 1,50 1,38

/proc/meminfo:
MemTotal:       16215564 kB
MemFree:         3169792 kB
MemAvailable:    8417940 kB
Buffers:          173740 kB
Cached:          5684244 kB
SwapCached:            0 kB
Active:          1547728 kB
Inactive:       10658620 kB
Active(anon):       7360 kB
Inactive(anon):  6763188 kB
Active(file):    1540368 kB
Inactive(file):  3895432 kB
Unevictable:      348024 kB
Mlocked:             112 kB
SwapTotal:      20507644 kB
SwapFree:       20507644 kB
Dirty:              6792 kB
Writeback:             0 kB
AnonPages:       6696708 kB
Mapped:          2137728 kB
Shmem:            436308 kB
KReclaimable:     136852 kB
Slab:             288796 kB
SReclaimable:     136852 kB
SUnreclaim:       151944 kB
KernelStack:       37328 kB
PageTables:        56788 kB
NFS_Unstable:          0 kB
Bounce:                0 kB
WritebackTmp:          0 kB
CommitLimit:    28615424 kB
Committed_AS:   17622400 kB
VmallocTotal:   34359738367 kB
VmallocUsed:       65368 kB
VmallocChunk:          0 kB
Percpu:            15936 kB
HardwareCorrupted:     0 kB
AnonHugePages:     14336 kB
ShmemHugePages:        0 kB
ShmemPmdMapped:        0 kB
FileHugePages:         0 kB
FilePmdMapped:         0 kB
HugePages_Total:       0
HugePages_Free:        0
HugePages_Rsvd:        0
HugePages_Surp:        0
Hugepagesize:       2048 kB
Hugetlb:               0 kB
DirectMap4k:      352704 kB
DirectMap2M:    12060672 kB
DirectMap1G:     4194304 kB

/sys/kernel/mm/transparent_hugepage/enabled: always [madvise] never
/sys/kernel/mm/transparent_hugepage/defrag (defrag/compaction efforts parameter): always defer defer+madvise [madvise] never

Process Memory:
Virtual Size: 8294756K (peak: 8356528K)
Resident Set Size: 186496K (peak: 186496K) (anon: 160116K, file: 26380K, shmem: 0K)
Swapped out: 0K
C-Heap outstanding allocations: 23748K

/proc/sys/kernel/threads-max (system-wide limit on the number of threads): 126133
/proc/sys/vm/max_map_count (maximum number of memory map areas a process may have): 65530
/proc/sys/kernel/pid_max (system-wide limit on number of process identifiers): 4194304

container (cgroup) information:
container_type: cgroupv1
cpu_cpuset_cpus: 0-11
cpu_memory_nodes: 0
active_processor_count: 12
cpu_quota: no quota
cpu_period: 100000
cpu_shares: no shares
memory_limit_in_bytes: unlimited
memory_and_swap_limit_in_bytes: unlimited
memory_soft_limit_in_bytes: unlimited
memory_usage_in_bytes: 9177800704
memory_max_usage_in_bytes: 10354298880

Steal ticks since vm start: 0
Steal ticks percentage since vm start:  0,000

CPU: total 12 (initial active 12) (6 cores per cpu, 2 threads per core) family 6 model 165 stepping 3 microcode 0xea, cx8, cmov, fxsr, ht, mmx, 3dnowpref, sse, sse2, sse3, ssse3, sse4.1, sse4.2, popcnt, lzcnt, tsc, tscinvbit, avx, avx2, aes, erms, clmul, bmi1, bmi2, adx, fma, vzeroupper, clflush, clflushopt
CPU Model and flags from /proc/cpuinfo:
model name	: Intel(R) Core(TM) i5-10400 CPU @ 2.90GHz
flags		: fpu vme de pse tsc msr pae mce cx8 apic sep mtrr pge mca cmov pat pse36 clflush dts acpi mmx fxsr sse sse2 ss ht tm pbe syscall nx pdpe1gb rdtscp lm constant_tsc art arch_perfmon pebs bts rep_good nopl xtopology nonstop_tsc cpuid aperfmperf pni pclmulqdq dtes64 monitor ds_cpl vmx est tm2 ssse3 sdbg fma cx16 xtpr pdcm pcid sse4_1 sse4_2 x2apic movbe popcnt tsc_deadline_timer aes xsave avx f16c rdrand lahf_lm abm 3dnowprefetch cpuid_fault epb invpcid_single ssbd ibrs ibpb stibp ibrs_enhanced tpr_shadow vnmi flexpriority ept vpid ept_ad fsgsbase tsc_adjust bmi1 avx2 smep bmi2 erms invpcid mpx rdseed adx smap clflushopt intel_pt xsaveopt xsavec xgetbv1 xsaves dtherm ida arat pln pts hwp hwp_notify hwp_act_window hwp_epp md_clear flush_l1d arch_capabilities

Online cpus: 0-11
Offline cpus: 
BIOS frequency limitation: <Not Available>
Frequency switch latency (ns): 0
Available cpu frequencies: <Not Available>
Current governor: powersave
Core performance/turbo boost: <Not Available>

Memory: 4k page, physical 16215564k(3169792k free), swap 20507644k(20507644k free)
Page Sizes: 4k

vm_info: Java HotSpot(TM) 64-Bit Server VM (17.0.1+12-LTS-39) for linux-amd64 JRE (17.0.1+12-LTS-39), built on Sep 27 2021 17:33:53 by "mach5one" with gcc 10.3.0

END.
