#
# A fatal error has been detected by the Java Runtime Environment:
#
#  SIGSEGV (0xb) at pc=0x00007f6cec677a04, pid=16610, tid=16644
#
# JRE version: Java(TM) SE Runtime Environment (17.0.1+12) (build 17.0.1+12-LTS-39)
# Java VM: Java HotSpot(TM) 64-Bit Server VM (17.0.1+12-LTS-39, mixed mode, sharing, tiered, compressed oops, compressed class ptrs, g1 gc, linux-amd64)
# Problematic frame:
# V  [libjvm.so+0x7c7a04]  IndexSetIterator::advance_and_next()+0xb4
#
# Core dump will be written. Default location: Core dumps may be processed with "/usr/share/apport/apport %p %s %c %d %P %E" (or dumping to /home/btdtuan/Documents/GitHub/ems/ems-backend/core.16610)
#
# If you would like to submit a bug report, please visit:
#   https://bugreport.java.com/bugreport/crash.jsp
#

---------------  S U M M A R Y ------------

Command Line: -agentlib:jdwp=transport=dt_socket,address=127.0.0.1:52057,suspend=y,server=n -ea -Didea.test.cyclic.buffer.size=1048576 -javaagent:/snap/intellij-idea-community/372/plugins/java/lib/rt/debugger-agent.jar -Dfile.encoding=UTF-8 com.intellij.rt.junit.JUnitStarter -ideVersion5 -junit5 vn.com.tma.emsbackend.integration.PortIntegrationTests,shouldReturn200WhenGetAllPort

Host: Intel(R) Core(TM) i5-10400 CPU @ 2.90GHz, 12 cores, 15G, Ubuntu 20.04.4 LTS
Time: Mon Jul 11 16:00:30 2022 +07 elapsed time: 1.203838 seconds (0d 0h 0m 1s)

---------------  T H R E A D  ---------------

Current thread (0x00007f6c881b66a0):  JavaThread "C2 CompilerThread1" daemon [_thread_in_native, id=16644, stack(0x00007f6cb5bf9000,0x00007f6cb5cfa000)]


Current CompileTask:
C2:   1203 1823       4       java.lang.invoke.MethodType::makeImpl (109 bytes)

Stack: [0x00007f6cb5bf9000,0x00007f6cb5cfa000],  sp=0x00007f6cb5cf54e0,  free space=1009k
Native frames: (J=compiled Java code, j=interpreted, Vv=VM code, C=native code)
V  [libjvm.so+0x7c7a04]  IndexSetIterator::advance_and_next()+0xb4
V  [libjvm.so+0x7bdf0c]  PhaseIFG::remove_node(unsigned int)+0x19c
V  [libjvm.so+0x50e916]  PhaseChaitin::Simplify()+0xc6
V  [libjvm.so+0x5125e8]  PhaseChaitin::Register_Allocate()+0x6a8
V  [libjvm.so+0x59da49]  Compile::Code_Gen()+0x349
V  [libjvm.so+0x5a363e]  Compile::Compile(ciEnv*, ciMethod*, int, bool, bool, bool, bool, bool, DirectiveSet*)+0x143e
V  [libjvm.so+0x4e70a9]  C2Compiler::compile_method(ciEnv*, ciMethod*, int, bool, DirectiveSet*)+0xe9
V  [libjvm.so+0x5abe61]  CompileBroker::invoke_compiler_on_method(CompileTask*)+0xd81
V  [libjvm.so+0x5ac9f8]  CompileBroker::compiler_thread_loop()+0x4b8
V  [libjvm.so+0xd8e8f0]  JavaThread::thread_main_inner()+0xd0
V  [libjvm.so+0xd91f7e]  Thread::call_run()+0xde
V  [libjvm.so+0xbe8291]  thread_native_entry(Thread*)+0xe1


siginfo: si_signo: 11 (SIGSEGV), si_code: 128 (SI_KERNEL), si_addr: 0x0000000000000000

Register to memory mapping:

RAX=0x00047f6ced0d7000 is an unknown value
RBX=0x00007f6cb5cf5550 is pointing into the stack for thread: 0x00007f6c881b66a0
RCX=0x00007f6ce4eb9760 points into unknown readable memory: 0x0000030000000000 | 00 00 00 00 00 03 00 00
RDX=0x0000000000000025 is an unknown value
RSP=0x00007f6cb5cf54e0 is pointing into the stack for thread: 0x00007f6c881b66a0
RBP=0x00007f6cb5cf5520 is pointing into the stack for thread: 0x00007f6c881b66a0
RSI=0x0000000000000004 is an unknown value
RDI=0x0000000000000003 is an unknown value
R8 =0x0000000000000019 is an unknown value
R9 =0x0000000000000200 is an unknown value
R10=0x0000000000000020 is an unknown value
R11=0x00007f6c5c2eb86c points into unknown readable memory: 83 23 00 00
R12=0x0000000000000015 is an unknown value
R13=0x0000000000000015 is an unknown value
R14=0x00007f6ced0d7000: <offset 0x0000000001227000> in /usr/lib/jvm/java-17-oracle/lib/server/libjvm.so at 0x00007f6cebeb0000
R15=0x00007f6c5ca80c98 points into unknown readable memory: 0x3ec452c38dae0e51 | 51 0e ae 8d c3 52 c4 3e


Registers:
RAX=0x00047f6ced0d7000, RBX=0x00007f6cb5cf5550, RCX=0x00007f6ce4eb9760, RDX=0x0000000000000025
RSP=0x00007f6cb5cf54e0, RBP=0x00007f6cb5cf5520, RSI=0x0000000000000004, RDI=0x0000000000000003
R8 =0x0000000000000019, R9 =0x0000000000000200, R10=0x0000000000000020, R11=0x00007f6c5c2eb86c
R12=0x0000000000000015, R13=0x0000000000000015, R14=0x00007f6ced0d7000, R15=0x00007f6c5ca80c98
RIP=0x00007f6cec677a04, EFLAGS=0x0000000000010206, CSGSFS=0x002b000000000033, ERR=0x0000000000000000
  TRAPNO=0x000000000000000d

Top of Stack: (sp=0x00007f6cb5cf54e0)
0x00007f6cb5cf54e0:   00007f6c88387130 00007f6c94217f60
0x00007f6cb5cf54f0:   00000000000024ba fffffffffffffdff
0x00007f6cb5cf5500:   00000000000000c8 00007f6cb5cf5730
0x00007f6cb5cf5510:   0000000000000008 00007f6c5ca80c98 

Instructions: (pc=0x00007f6cec677a04)
0x00007f6cec677904:   c0 48 c1 e1 03 0f 1f 80 00 00 00 00 4c 8b 46 08
0x00007f6cec677914:   49 8b 51 08 4d 8b 04 00 48 01 c2 48 8b 3a 4c 89
0x00007f6cec677924:   02 48 8b 56 08 48 89 3c 02 48 83 c0 08 48 39 c1
0x00007f6cec677934:   75 da 41 8b 01 8b 16 41 89 11 8b 56 04 89 06 41
0x00007f6cec677944:   8b 41 04 41 89 51 04 89 46 04 c3 90 55 48 89 e5
0x00007f6cec677954:   41 57 41 56 41 55 41 54 53 48 89 fb 48 83 ec 18
0x00007f6cec677964:   8b 47 0c 83 f8 03 77 65 48 8b 4f 18 89 c2 8d 70
0x00007f6cec677974:   01 48 8d 14 d1 48 83 3a 00 0f 85 3c 01 00 00 83
0x00007f6cec677984:   fe 04 74 49 89 f2 8d 78 02 48 8d 14 d1 48 83 3a
0x00007f6cec677994:   00 0f 85 20 01 00 00 83 ff 04 74 31 89 fa 8d 70
0x00007f6cec6779a4:   03 48 8d 14 d1 48 83 3a 00 0f 85 92 01 00 00 83
0x00007f6cec6779b4:   fe 04 74 19 48 83 79 18 00 48 8d 51 18 be 04 00
0x00007f6cec6779c4:   00 00 b8 03 00 00 00 0f 85 ee 00 00 00 44 8b 63
0x00007f6cec6779d4:   10 8b 53 14 4c 8d 35 21 f6 a5 00 44 39 e2 0f 87
0x00007f6cec6779e4:   be 00 00 00 48 83 c4 18 31 c0 5b 41 5c 41 5d 41
0x00007f6cec6779f4:   5e 41 5f 5d c3 0f 1f 80 00 00 00 00 48 89 43 18
0x00007f6cec677a04:   48 83 38 00 48 89 c1 0f 85 e6 00 00 00 48 83 78
0x00007f6cec677a14:   08 00 0f 85 f9 00 00 00 48 83 78 10 00 0f 85 fe
0x00007f6cec677a24:   00 00 00 48 83 78 18 00 0f 85 03 01 00 00 4c 8b
0x00007f6cec677a34:   7b 28 4d 85 ff 74 5e 49 8b 47 08 4a 8b 14 e8 48
0x00007f6cec677a44:   89 55 c8 66 48 8d 3d 91 3a a1 00 66 66 48 e8 29
0x00007f6cec677a54:   d8 a7 ff 48 8b 55 c8 48 8b 08 48 8b 89 70 05 00
0x00007f6cec677a64:   00 48 8b 89 80 00 00 00 48 8b 89 c8 08 00 00 48
0x00007f6cec677a74:   89 0a 48 8b 00 48 8b 80 70 05 00 00 48 8b 80 80
0x00007f6cec677a84:   00 00 00 48 89 90 c8 08 00 00 49 8b 47 08 4e 89
0x00007f6cec677a94:   34 e8 8b 53 14 41 83 c4 01 41 39 d4 0f 83 42 ff
0x00007f6cec677aa4:   ff ff 48 8b 43 20 45 89 e5 4a 8b 04 e8 4c 39 f0
0x00007f6cec677ab4:   74 e3 e9 45 ff ff ff 89 f0 89 fe 8b 4b 10 8d 44
0x00007f6cec677ac4:   88 fc c1 e0 06 89 43 08 48 8b 12 31 c9 89 73 0c
0x00007f6cec677ad4:   f3 48 0f bc ca 48 d3 ea 01 c8 48 83 ea 01 89 43
0x00007f6cec677ae4:   08 48 89 13 48 83 c4 18 5b 41 5c 41 5d 41 5e 41
0x00007f6cec677af4:   5f 5d c3 be 01 00 00 00 31 c0 42 8d 04 a0 41 83 


Stack slot to memory mapping:
stack at sp + 0 slots: 0x00007f6c88387130 points into unknown readable memory: 0x0000000800000200 | 00 02 00 00 08 00 00 00
stack at sp + 1 slots: 0x00007f6c94217f60 points into unknown readable memory: 0x00007f6c882a4f80 | 80 4f 2a 88 6c 7f 00 00
stack at sp + 2 slots: 0x00000000000024ba is an unknown value
stack at sp + 3 slots: 0xfffffffffffffdff is an unknown value
stack at sp + 4 slots: 0x00000000000000c8 is an unknown value
stack at sp + 5 slots: 0x00007f6cb5cf5730 is pointing into the stack for thread: 0x00007f6c881b66a0
stack at sp + 6 slots: 0x0000000000000008 is an unknown value
stack at sp + 7 slots: 0x00007f6c5ca80c98 points into unknown readable memory: 0x3ec452c38dae0e51 | 51 0e ae 8d c3 52 c4 3e


---------------  P R O C E S S  ---------------

Threads class SMR info:
_java_thread_list=0x00007f6ce4e428d0, length=17, elements={
0x00007f6ce402baa0, 0x00007f6ce417d020, 0x00007f6ce417e400, 0x00007f6ce4182710,
0x00007f6ce41839d0, 0x00007f6ce4184de0, 0x00007f6ce4186790, 0x00007f6ce4187cc0,
0x00007f6ce4191120, 0x00007f6ce419c8d0, 0x00007f6ce41e37b0, 0x00007f6ce41e6c00,
0x00007f6c84000fb0, 0x00007f6ce41f4c00, 0x00007f6c881b66a0, 0x00007f6c881b93e0,
0x00007f6ce4e41a50
}

Java Threads: ( => current thread )
  0x00007f6ce402baa0 JavaThread "main" [_thread_in_Java, id=16611, stack(0x00007f6cebc56000,0x00007f6cebd57000)]
  0x00007f6ce417d020 JavaThread "Reference Handler" daemon [_thread_blocked, id=16621, stack(0x00007f6cc5854000,0x00007f6cc5955000)]
  0x00007f6ce417e400 JavaThread "Finalizer" daemon [_thread_blocked, id=16622, stack(0x00007f6cc4eff000,0x00007f6cc5000000)]
  0x00007f6ce4182710 JavaThread "Signal Dispatcher" daemon [_thread_blocked, id=16623, stack(0x00007f6cc4dfe000,0x00007f6cc4eff000)]
  0x00007f6ce41839d0 JavaThread "Service Thread" daemon [_thread_blocked, id=16624, stack(0x00007f6cc4cfd000,0x00007f6cc4dfe000)]
  0x00007f6ce4184de0 JavaThread "Monitor Deflation Thread" daemon [_thread_blocked, id=16625, stack(0x00007f6cc4bfc000,0x00007f6cc4cfd000)]
  0x00007f6ce4186790 JavaThread "C2 CompilerThread0" daemon [_thread_in_native, id=16626, stack(0x00007f6cc4afb000,0x00007f6cc4bfc000)]
  0x00007f6ce4187cc0 JavaThread "C1 CompilerThread0" daemon [_thread_in_vm, id=16627, stack(0x00007f6cc49fa000,0x00007f6cc4afb000)]
  0x00007f6ce4191120 JavaThread "Sweeper thread" daemon [_thread_blocked, id=16628, stack(0x00007f6cc48f9000,0x00007f6cc49fa000)]
  0x00007f6ce419c8d0 JavaThread "Common-Cleaner" daemon [_thread_blocked, id=16629, stack(0x00007f6cc47f8000,0x00007f6cc48f9000)]
  0x00007f6ce41e37b0 JavaThread "JDWP Transport Listener: dt_socket" daemon [_thread_blocked, id=16630, stack(0x00007f6cc46f7000,0x00007f6cc47f8000)]
  0x00007f6ce41e6c00 JavaThread "JDWP Event Helper Thread" daemon [_thread_blocked, id=16632, stack(0x00007f6cc45f6000,0x00007f6cc46f7000)]
  0x00007f6c84000fb0 JavaThread "JDWP Command Reader" daemon [_thread_in_native, id=16634, stack(0x00007f6cc44f5000,0x00007f6cc45f6000)]
  0x00007f6ce41f4c00 JavaThread "Notification Thread" daemon [_thread_blocked, id=16636, stack(0x00007f6cc43f4000,0x00007f6cc44f5000)]
=>0x00007f6c881b66a0 JavaThread "C2 CompilerThread1" daemon [_thread_in_native, id=16644, stack(0x00007f6cb5bf9000,0x00007f6cb5cfa000)]
  0x00007f6c881b93e0 JavaThread "C2 CompilerThread2" daemon [_thread_in_native, id=16645, stack(0x00007f6cb5af8000,0x00007f6cb5bf9000)]
  0x00007f6ce4e41a50 JavaThread "background-preinit" [_thread_in_Java, id=16662, stack(0x00007f6cb48f4000,0x00007f6cb49f5000)]

Other Threads:
  0x00007f6ce4178fd0 VMThread "VM Thread" [stack: 0x00007f6cc5957000,0x00007f6cc5a57000] [id=16620]
  0x00007f6ce41f68a0 WatcherThread [stack: 0x00007f6cc42f4000,0x00007f6cc43f4000] [id=16637]
  0x00007f6ce407c350 GCTaskThread "GC Thread#0" [stack: 0x00007f6ce8eca000,0x00007f6ce8fca000] [id=16615]
  0x00007f6cac0065c0 GCTaskThread "GC Thread#1" [stack: 0x00007f6cc41f2000,0x00007f6cc42f2000] [id=16639]
  0x00007f6cac006ff0 GCTaskThread "GC Thread#2" [stack: 0x00007f6cc40f0000,0x00007f6cc41f0000] [id=16640]
  0x00007f6cac007a20 GCTaskThread "GC Thread#3" [stack: 0x00007f6cb5f00000,0x00007f6cb6000000] [id=16641]
  0x00007f6cac008450 GCTaskThread "GC Thread#4" [stack: 0x00007f6cb5dfe000,0x00007f6cb5efe000] [id=16642]
  0x00007f6cac008e80 GCTaskThread "GC Thread#5" [stack: 0x00007f6cb5cfc000,0x00007f6cb5dfc000] [id=16643]
  0x00007f6cac00f690 GCTaskThread "GC Thread#6" [stack: 0x00007f6cb59f8000,0x00007f6cb5af8000] [id=16657]
  0x00007f6cac00fd20 GCTaskThread "GC Thread#7" [stack: 0x00007f6cb58f6000,0x00007f6cb59f6000] [id=16658]
  0x00007f6cac010720 GCTaskThread "GC Thread#8" [stack: 0x00007f6cb57f4000,0x00007f6cb58f4000] [id=16659]
  0x00007f6cac011150 GCTaskThread "GC Thread#9" [stack: 0x00007f6cb56f2000,0x00007f6cb57f2000] [id=16660]
  0x00007f6ce408d0e0 ConcurrentGCThread "G1 Main Marker" [stack: 0x00007f6ce8dc8000,0x00007f6ce8ec8000] [id=16616]
  0x00007f6ce408e040 ConcurrentGCThread "G1 Conc#0" [stack: 0x00007f6ce8cc6000,0x00007f6ce8dc6000] [id=16617]
  0x00007f6ce414a320 ConcurrentGCThread "G1 Refine#0" [stack: 0x00007f6ce81ba000,0x00007f6ce82ba000] [id=16618]
  0x00007f6ce414b210 ConcurrentGCThread "G1 Service" [stack: 0x00007f6ce80b8000,0x00007f6ce81b8000] [id=16619]

Threads with active compile tasks:
C2 CompilerThread0     1207 2295   !   4       java.net.URL::<init> (543 bytes)
C2 CompilerThread1     1207 1823       4       java.lang.invoke.MethodType::makeImpl (109 bytes)
C2 CompilerThread2     1207 1906       4       org.springframework.boot.context.properties.source.ConfigurationPropertyName$ElementsParser::parse (234 bytes)

VM state: not at safepoint (normal execution)

VM Mutex/Monitor currently owned by a thread: None

Heap address: 0x0000000708800000, size: 3960 MB, Compressed Oops mode: Zero based, Oop shift amount: 3

CDS archive(s) mapped at: [0x0000000800000000-0x0000000800bdf000-0x0000000800bdf000), size 12447744, SharedBaseAddress: 0x0000000800000000, ArchiveRelocationMode: 0.
Compressed class space mapped at: 0x0000000800c00000-0x0000000840c00000, reserved size: 1073741824
Narrow klass base: 0x0000000800000000, Narrow klass shift: 0, Narrow klass range: 0x100000000

GC Precious Log:
 CPUs: 12 total, 12 available
 Memory: 15835M
 Large Page Support: Disabled
 NUMA Support: Disabled
 Compressed Oops: Enabled (Zero based)
 Heap Region Size: 2M
 Heap Min Capacity: 8M
 Heap Initial Capacity: 248M
 Heap Max Capacity: 3960M
 Pre-touch: Disabled
 Parallel Workers: 10
 Concurrent Workers: 3
 Concurrent Refinement Workers: 10
 Periodic GC: Disabled

Heap:
 garbage-first heap   total 258048K, used 74763K [0x0000000708800000, 0x0000000800000000)
  region size 2048K, 34 young (69632K), 1 survivors (2048K)
 Metaspace       used 19530K, committed 19712K, reserved 1073152K
  class space    used 2601K, committed 2688K, reserved 1048576K

Heap Regions: E=young(eden), S=young(survivor), O=old, HS=humongous(starts), HC=humongous(continues), CS=collection set, F=free, OA=open archive, CA=closed archive, TAMS=top-at-mark-start (previous, next)
|   0|0x0000000708800000, 0x0000000708a00000, 0x0000000708a00000|100%| O|  |TAMS 0x0000000708800000, 0x0000000708800000| Untracked 
|   1|0x0000000708a00000, 0x0000000708c00000, 0x0000000708c00000|100%| O|  |TAMS 0x0000000708a00000, 0x0000000708a00000| Untracked 
|   2|0x0000000708c00000, 0x0000000708e00000, 0x0000000708e00000|100%| O|  |TAMS 0x0000000708c00000, 0x0000000708c00000| Untracked 
|   3|0x0000000708e00000, 0x0000000708fb5000, 0x0000000709000000| 85%| O|  |TAMS 0x0000000708e00000, 0x0000000708e00000| Untracked 
|   4|0x0000000709000000, 0x0000000709000000, 0x0000000709200000|  0%| F|  |TAMS 0x0000000709000000, 0x0000000709000000| Untracked 
|   5|0x0000000709200000, 0x0000000709200000, 0x0000000709400000|  0%| F|  |TAMS 0x0000000709200000, 0x0000000709200000| Untracked 
|   6|0x0000000709400000, 0x0000000709400000, 0x0000000709600000|  0%| F|  |TAMS 0x0000000709400000, 0x0000000709400000| Untracked 
|   7|0x0000000709600000, 0x0000000709600000, 0x0000000709800000|  0%| F|  |TAMS 0x0000000709600000, 0x0000000709600000| Untracked 
|   8|0x0000000709800000, 0x0000000709800000, 0x0000000709a00000|  0%| F|  |TAMS 0x0000000709800000, 0x0000000709800000| Untracked 
|   9|0x0000000709a00000, 0x0000000709a00000, 0x0000000709c00000|  0%| F|  |TAMS 0x0000000709a00000, 0x0000000709a00000| Untracked 
|  10|0x0000000709c00000, 0x0000000709c00000, 0x0000000709e00000|  0%| F|  |TAMS 0x0000000709c00000, 0x0000000709c00000| Untracked 
|  11|0x0000000709e00000, 0x0000000709e00000, 0x000000070a000000|  0%| F|  |TAMS 0x0000000709e00000, 0x0000000709e00000| Untracked 
|  12|0x000000070a000000, 0x000000070a000000, 0x000000070a200000|  0%| F|  |TAMS 0x000000070a000000, 0x000000070a000000| Untracked 
|  13|0x000000070a200000, 0x000000070a200000, 0x000000070a400000|  0%| F|  |TAMS 0x000000070a200000, 0x000000070a200000| Untracked 
|  14|0x000000070a400000, 0x000000070a400000, 0x000000070a600000|  0%| F|  |TAMS 0x000000070a400000, 0x000000070a400000| Untracked 
|  15|0x000000070a600000, 0x000000070a600000, 0x000000070a800000|  0%| F|  |TAMS 0x000000070a600000, 0x000000070a600000| Untracked 
|  16|0x000000070a800000, 0x000000070a800000, 0x000000070aa00000|  0%| F|  |TAMS 0x000000070a800000, 0x000000070a800000| Untracked 
|  17|0x000000070aa00000, 0x000000070aa00000, 0x000000070ac00000|  0%| F|  |TAMS 0x000000070aa00000, 0x000000070aa00000| Untracked 
|  18|0x000000070ac00000, 0x000000070ac00000, 0x000000070ae00000|  0%| F|  |TAMS 0x000000070ac00000, 0x000000070ac00000| Untracked 
|  19|0x000000070ae00000, 0x000000070ae00000, 0x000000070b000000|  0%| F|  |TAMS 0x000000070ae00000, 0x000000070ae00000| Untracked 
|  20|0x000000070b000000, 0x000000070b000000, 0x000000070b200000|  0%| F|  |TAMS 0x000000070b000000, 0x000000070b000000| Untracked 
|  21|0x000000070b200000, 0x000000070b200000, 0x000000070b400000|  0%| F|  |TAMS 0x000000070b200000, 0x000000070b200000| Untracked 
|  22|0x000000070b400000, 0x000000070b400000, 0x000000070b600000|  0%| F|  |TAMS 0x000000070b400000, 0x000000070b400000| Untracked 
|  23|0x000000070b600000, 0x000000070b600000, 0x000000070b800000|  0%| F|  |TAMS 0x000000070b600000, 0x000000070b600000| Untracked 
|  24|0x000000070b800000, 0x000000070b800000, 0x000000070ba00000|  0%| F|  |TAMS 0x000000070b800000, 0x000000070b800000| Untracked 
|  25|0x000000070ba00000, 0x000000070ba00000, 0x000000070bc00000|  0%| F|  |TAMS 0x000000070ba00000, 0x000000070ba00000| Untracked 
|  26|0x000000070bc00000, 0x000000070bc00000, 0x000000070be00000|  0%| F|  |TAMS 0x000000070bc00000, 0x000000070bc00000| Untracked 
|  27|0x000000070be00000, 0x000000070be00000, 0x000000070c000000|  0%| F|  |TAMS 0x000000070be00000, 0x000000070be00000| Untracked 
|  28|0x000000070c000000, 0x000000070c000000, 0x000000070c200000|  0%| F|  |TAMS 0x000000070c000000, 0x000000070c000000| Untracked 
|  29|0x000000070c200000, 0x000000070c200000, 0x000000070c400000|  0%| F|  |TAMS 0x000000070c200000, 0x000000070c200000| Untracked 
|  30|0x000000070c400000, 0x000000070c400000, 0x000000070c600000|  0%| F|  |TAMS 0x000000070c400000, 0x000000070c400000| Untracked 
|  31|0x000000070c600000, 0x000000070c600000, 0x000000070c800000|  0%| F|  |TAMS 0x000000070c600000, 0x000000070c600000| Untracked 
|  32|0x000000070c800000, 0x000000070c800000, 0x000000070ca00000|  0%| F|  |TAMS 0x000000070c800000, 0x000000070c800000| Untracked 
|  33|0x000000070ca00000, 0x000000070ca00000, 0x000000070cc00000|  0%| F|  |TAMS 0x000000070ca00000, 0x000000070ca00000| Untracked 
|  34|0x000000070cc00000, 0x000000070cc00000, 0x000000070ce00000|  0%| F|  |TAMS 0x000000070cc00000, 0x000000070cc00000| Untracked 
|  35|0x000000070ce00000, 0x000000070ce00000, 0x000000070d000000|  0%| F|  |TAMS 0x000000070ce00000, 0x000000070ce00000| Untracked 
|  36|0x000000070d000000, 0x000000070d000000, 0x000000070d200000|  0%| F|  |TAMS 0x000000070d000000, 0x000000070d000000| Untracked 
|  37|0x000000070d200000, 0x000000070d200000, 0x000000070d400000|  0%| F|  |TAMS 0x000000070d200000, 0x000000070d200000| Untracked 
|  38|0x000000070d400000, 0x000000070d400000, 0x000000070d600000|  0%| F|  |TAMS 0x000000070d400000, 0x000000070d400000| Untracked 
|  39|0x000000070d600000, 0x000000070d600000, 0x000000070d800000|  0%| F|  |TAMS 0x000000070d600000, 0x000000070d600000| Untracked 
|  40|0x000000070d800000, 0x000000070d800000, 0x000000070da00000|  0%| F|  |TAMS 0x000000070d800000, 0x000000070d800000| Untracked 
|  41|0x000000070da00000, 0x000000070da00000, 0x000000070dc00000|  0%| F|  |TAMS 0x000000070da00000, 0x000000070da00000| Untracked 
|  42|0x000000070dc00000, 0x000000070dc00000, 0x000000070de00000|  0%| F|  |TAMS 0x000000070dc00000, 0x000000070dc00000| Untracked 
|  43|0x000000070de00000, 0x000000070de00000, 0x000000070e000000|  0%| F|  |TAMS 0x000000070de00000, 0x000000070de00000| Untracked 
|  44|0x000000070e000000, 0x000000070e000000, 0x000000070e200000|  0%| F|  |TAMS 0x000000070e000000, 0x000000070e000000| Untracked 
|  45|0x000000070e200000, 0x000000070e200000, 0x000000070e400000|  0%| F|  |TAMS 0x000000070e200000, 0x000000070e200000| Untracked 
|  46|0x000000070e400000, 0x000000070e400000, 0x000000070e600000|  0%| F|  |TAMS 0x000000070e400000, 0x000000070e400000| Untracked 
|  47|0x000000070e600000, 0x000000070e600000, 0x000000070e800000|  0%| F|  |TAMS 0x000000070e600000, 0x000000070e600000| Untracked 
|  48|0x000000070e800000, 0x000000070e800000, 0x000000070ea00000|  0%| F|  |TAMS 0x000000070e800000, 0x000000070e800000| Untracked 
|  49|0x000000070ea00000, 0x000000070ea00000, 0x000000070ec00000|  0%| F|  |TAMS 0x000000070ea00000, 0x000000070ea00000| Untracked 
|  50|0x000000070ec00000, 0x000000070ec00000, 0x000000070ee00000|  0%| F|  |TAMS 0x000000070ec00000, 0x000000070ec00000| Untracked 
|  51|0x000000070ee00000, 0x000000070ee00000, 0x000000070f000000|  0%| F|  |TAMS 0x000000070ee00000, 0x000000070ee00000| Untracked 
|  52|0x000000070f000000, 0x000000070f000000, 0x000000070f200000|  0%| F|  |TAMS 0x000000070f000000, 0x000000070f000000| Untracked 
|  53|0x000000070f200000, 0x000000070f200000, 0x000000070f400000|  0%| F|  |TAMS 0x000000070f200000, 0x000000070f200000| Untracked 
|  54|0x000000070f400000, 0x000000070f400000, 0x000000070f600000|  0%| F|  |TAMS 0x000000070f400000, 0x000000070f400000| Untracked 
|  55|0x000000070f600000, 0x000000070f600000, 0x000000070f800000|  0%| F|  |TAMS 0x000000070f600000, 0x000000070f600000| Untracked 
|  56|0x000000070f800000, 0x000000070f800000, 0x000000070fa00000|  0%| F|  |TAMS 0x000000070f800000, 0x000000070f800000| Untracked 
|  57|0x000000070fa00000, 0x000000070fa00000, 0x000000070fc00000|  0%| F|  |TAMS 0x000000070fa00000, 0x000000070fa00000| Untracked 
|  58|0x000000070fc00000, 0x000000070fc00000, 0x000000070fe00000|  0%| F|  |TAMS 0x000000070fc00000, 0x000000070fc00000| Untracked 
|  59|0x000000070fe00000, 0x000000070fe00000, 0x0000000710000000|  0%| F|  |TAMS 0x000000070fe00000, 0x000000070fe00000| Untracked 
|  60|0x0000000710000000, 0x0000000710000000, 0x0000000710200000|  0%| F|  |TAMS 0x0000000710000000, 0x0000000710000000| Untracked 
|  61|0x0000000710200000, 0x0000000710200000, 0x0000000710400000|  0%| F|  |TAMS 0x0000000710200000, 0x0000000710200000| Untracked 
|  62|0x0000000710400000, 0x0000000710400000, 0x0000000710600000|  0%| F|  |TAMS 0x0000000710400000, 0x0000000710400000| Untracked 
|  63|0x0000000710600000, 0x0000000710600000, 0x0000000710800000|  0%| F|  |TAMS 0x0000000710600000, 0x0000000710600000| Untracked 
|  64|0x0000000710800000, 0x0000000710800000, 0x0000000710a00000|  0%| F|  |TAMS 0x0000000710800000, 0x0000000710800000| Untracked 
|  65|0x0000000710a00000, 0x0000000710a00000, 0x0000000710c00000|  0%| F|  |TAMS 0x0000000710a00000, 0x0000000710a00000| Untracked 
|  66|0x0000000710c00000, 0x0000000710c00000, 0x0000000710e00000|  0%| F|  |TAMS 0x0000000710c00000, 0x0000000710c00000| Untracked 
|  67|0x0000000710e00000, 0x0000000710e00000, 0x0000000711000000|  0%| F|  |TAMS 0x0000000710e00000, 0x0000000710e00000| Untracked 
|  68|0x0000000711000000, 0x0000000711000000, 0x0000000711200000|  0%| F|  |TAMS 0x0000000711000000, 0x0000000711000000| Untracked 
|  69|0x0000000711200000, 0x0000000711200000, 0x0000000711400000|  0%| F|  |TAMS 0x0000000711200000, 0x0000000711200000| Untracked 
|  70|0x0000000711400000, 0x0000000711400000, 0x0000000711600000|  0%| F|  |TAMS 0x0000000711400000, 0x0000000711400000| Untracked 
|  71|0x0000000711600000, 0x0000000711600000, 0x0000000711800000|  0%| F|  |TAMS 0x0000000711600000, 0x0000000711600000| Untracked 
|  72|0x0000000711800000, 0x0000000711800000, 0x0000000711a00000|  0%| F|  |TAMS 0x0000000711800000, 0x0000000711800000| Untracked 
|  73|0x0000000711a00000, 0x0000000711a00000, 0x0000000711c00000|  0%| F|  |TAMS 0x0000000711a00000, 0x0000000711a00000| Untracked 
|  74|0x0000000711c00000, 0x0000000711c00000, 0x0000000711e00000|  0%| F|  |TAMS 0x0000000711c00000, 0x0000000711c00000| Untracked 
|  75|0x0000000711e00000, 0x0000000711e00000, 0x0000000712000000|  0%| F|  |TAMS 0x0000000711e00000, 0x0000000711e00000| Untracked 
|  76|0x0000000712000000, 0x0000000712000000, 0x0000000712200000|  0%| F|  |TAMS 0x0000000712000000, 0x0000000712000000| Untracked 
|  77|0x0000000712200000, 0x0000000712200000, 0x0000000712400000|  0%| F|  |TAMS 0x0000000712200000, 0x0000000712200000| Untracked 
|  78|0x0000000712400000, 0x0000000712400000, 0x0000000712600000|  0%| F|  |TAMS 0x0000000712400000, 0x0000000712400000| Untracked 
|  79|0x0000000712600000, 0x0000000712600000, 0x0000000712800000|  0%| F|  |TAMS 0x0000000712600000, 0x0000000712600000| Untracked 
|  80|0x0000000712800000, 0x0000000712800000, 0x0000000712a00000|  0%| F|  |TAMS 0x0000000712800000, 0x0000000712800000| Untracked 
|  81|0x0000000712a00000, 0x0000000712a00000, 0x0000000712c00000|  0%| F|  |TAMS 0x0000000712a00000, 0x0000000712a00000| Untracked 
|  82|0x0000000712c00000, 0x0000000712c00000, 0x0000000712e00000|  0%| F|  |TAMS 0x0000000712c00000, 0x0000000712c00000| Untracked 
|  83|0x0000000712e00000, 0x0000000712e00000, 0x0000000713000000|  0%| F|  |TAMS 0x0000000712e00000, 0x0000000712e00000| Untracked 
|  84|0x0000000713000000, 0x0000000713000000, 0x0000000713200000|  0%| F|  |TAMS 0x0000000713000000, 0x0000000713000000| Untracked 
|  85|0x0000000713200000, 0x0000000713200000, 0x0000000713400000|  0%| F|  |TAMS 0x0000000713200000, 0x0000000713200000| Untracked 
|  86|0x0000000713400000, 0x0000000713400000, 0x0000000713600000|  0%| F|  |TAMS 0x0000000713400000, 0x0000000713400000| Untracked 
|  87|0x0000000713600000, 0x0000000713600000, 0x0000000713800000|  0%| F|  |TAMS 0x0000000713600000, 0x0000000713600000| Untracked 
|  88|0x0000000713800000, 0x0000000713800000, 0x0000000713a00000|  0%| F|  |TAMS 0x0000000713800000, 0x0000000713800000| Untracked 
|  89|0x0000000713a00000, 0x0000000713a00000, 0x0000000713c00000|  0%| F|  |TAMS 0x0000000713a00000, 0x0000000713a00000| Untracked 
|  90|0x0000000713c00000, 0x0000000713db3b70, 0x0000000713e00000| 85%| E|  |TAMS 0x0000000713c00000, 0x0000000713c00000| Complete 
|  91|0x0000000713e00000, 0x0000000714000000, 0x0000000714000000|100%| E|CS|TAMS 0x0000000713e00000, 0x0000000713e00000| Complete 
|  92|0x0000000714000000, 0x0000000714200000, 0x0000000714200000|100%| E|CS|TAMS 0x0000000714000000, 0x0000000714000000| Complete 
|  93|0x0000000714200000, 0x0000000714400000, 0x0000000714400000|100%| E|CS|TAMS 0x0000000714200000, 0x0000000714200000| Complete 
|  94|0x0000000714400000, 0x0000000714600000, 0x0000000714600000|100%| E|CS|TAMS 0x0000000714400000, 0x0000000714400000| Complete 
|  95|0x0000000714600000, 0x0000000714800000, 0x0000000714800000|100%| E|CS|TAMS 0x0000000714600000, 0x0000000714600000| Complete 
|  96|0x0000000714800000, 0x0000000714a00000, 0x0000000714a00000|100%| E|CS|TAMS 0x0000000714800000, 0x0000000714800000| Complete 
|  97|0x0000000714a00000, 0x0000000714c00000, 0x0000000714c00000|100%| E|CS|TAMS 0x0000000714a00000, 0x0000000714a00000| Complete 
|  98|0x0000000714c00000, 0x0000000714e00000, 0x0000000714e00000|100%| E|CS|TAMS 0x0000000714c00000, 0x0000000714c00000| Complete 
|  99|0x0000000714e00000, 0x0000000715000000, 0x0000000715000000|100%| E|CS|TAMS 0x0000000714e00000, 0x0000000714e00000| Complete 
| 100|0x0000000715000000, 0x0000000715200000, 0x0000000715200000|100%| E|CS|TAMS 0x0000000715000000, 0x0000000715000000| Complete 
| 101|0x0000000715200000, 0x0000000715400000, 0x0000000715400000|100%| E|CS|TAMS 0x0000000715200000, 0x0000000715200000| Complete 
| 102|0x0000000715400000, 0x0000000715600000, 0x0000000715600000|100%| E|  |TAMS 0x0000000715400000, 0x0000000715400000| Complete 
| 103|0x0000000715600000, 0x0000000715800000, 0x0000000715800000|100%| E|CS|TAMS 0x0000000715600000, 0x0000000715600000| Complete 
| 104|0x0000000715800000, 0x0000000715a00000, 0x0000000715a00000|100%| E|CS|TAMS 0x0000000715800000, 0x0000000715800000| Complete 
| 105|0x0000000715a00000, 0x0000000715c00000, 0x0000000715c00000|100%| E|CS|TAMS 0x0000000715a00000, 0x0000000715a00000| Complete 
| 106|0x0000000715c00000, 0x0000000715e00000, 0x0000000715e00000|100%| E|CS|TAMS 0x0000000715c00000, 0x0000000715c00000| Complete 
| 107|0x0000000715e00000, 0x0000000716000000, 0x0000000716000000|100%| E|CS|TAMS 0x0000000715e00000, 0x0000000715e00000| Complete 
| 108|0x0000000716000000, 0x0000000716200000, 0x0000000716200000|100%| E|CS|TAMS 0x0000000716000000, 0x0000000716000000| Complete 
| 109|0x0000000716200000, 0x0000000716400000, 0x0000000716400000|100%| E|CS|TAMS 0x0000000716200000, 0x0000000716200000| Complete 
| 110|0x0000000716400000, 0x0000000716600000, 0x0000000716600000|100%| E|CS|TAMS 0x0000000716400000, 0x0000000716400000| Complete 
| 111|0x0000000716600000, 0x0000000716800000, 0x0000000716800000|100%| E|CS|TAMS 0x0000000716600000, 0x0000000716600000| Complete 
| 112|0x0000000716800000, 0x0000000716a00000, 0x0000000716a00000|100%| E|CS|TAMS 0x0000000716800000, 0x0000000716800000| Complete 
| 113|0x0000000716a00000, 0x0000000716b54c78, 0x0000000716c00000| 66%| S|CS|TAMS 0x0000000716a00000, 0x0000000716a00000| Complete 
| 114|0x0000000716c00000, 0x0000000716e00000, 0x0000000716e00000|100%| E|CS|TAMS 0x0000000716c00000, 0x0000000716c00000| Complete 
| 115|0x0000000716e00000, 0x0000000717000000, 0x0000000717000000|100%| E|CS|TAMS 0x0000000716e00000, 0x0000000716e00000| Complete 
| 116|0x0000000717000000, 0x0000000717200000, 0x0000000717200000|100%| E|CS|TAMS 0x0000000717000000, 0x0000000717000000| Complete 
| 117|0x0000000717200000, 0x0000000717400000, 0x0000000717400000|100%| E|CS|TAMS 0x0000000717200000, 0x0000000717200000| Complete 
| 118|0x0000000717400000, 0x0000000717600000, 0x0000000717600000|100%| E|CS|TAMS 0x0000000717400000, 0x0000000717400000| Complete 
| 119|0x0000000717600000, 0x0000000717800000, 0x0000000717800000|100%| E|CS|TAMS 0x0000000717600000, 0x0000000717600000| Complete 
| 120|0x0000000717800000, 0x0000000717a00000, 0x0000000717a00000|100%| E|CS|TAMS 0x0000000717800000, 0x0000000717800000| Complete 
| 121|0x0000000717a00000, 0x0000000717c00000, 0x0000000717c00000|100%| E|CS|TAMS 0x0000000717a00000, 0x0000000717a00000| Complete 
| 122|0x0000000717c00000, 0x0000000717e00000, 0x0000000717e00000|100%| E|CS|TAMS 0x0000000717c00000, 0x0000000717c00000| Complete 
| 123|0x0000000717e00000, 0x0000000718000000, 0x0000000718000000|100%| E|CS|TAMS 0x0000000717e00000, 0x0000000717e00000| Complete 
|1978|0x00000007ffc00000, 0x00000007ffd76000, 0x00000007ffe00000| 73%|OA|  |TAMS 0x00000007ffc00000, 0x00000007ffc00000| Untracked 
|1979|0x00000007ffe00000, 0x00000007ffe83000, 0x0000000800000000| 25%|CA|  |TAMS 0x00000007ffe00000, 0x00000007ffe00000| Untracked 

Card table byte_map: [0x00007f6ce9806000,0x00007f6ce9fc2000] _byte_map_base: 0x00007f6ce5fc2000

Marking Bits (Prev, Next): (CMBitMap*) 0x00007f6ce407cdd0, (CMBitMap*) 0x00007f6ce407ce10
 Prev Bits: [0x00007f6cc9988000, 0x00007f6ccd768000)
 Next Bits: [0x00007f6cc5ba8000, 0x00007f6cc9988000)

Polling page: 0x00007f6ced377000

Metaspace:

Usage:
  Non-class:     16,57 MB used.
      Class:      2,54 MB used.
       Both:     19,11 MB used.

Virtual space:
  Non-class space:       24,00 MB reserved,      16,69 MB ( 70%) committed,  3 nodes.
      Class space:        1,00 GB reserved,       2,69 MB ( <1%) committed,  1 nodes.
             Both:        1,02 GB reserved,      19,38 MB (  2%) committed. 

Chunk freelists:
   Non-Class:  3,11 MB
       Class:  1,17 MB
        Both:  4,28 MB

MaxMetaspaceSize: unlimited
CompressedClassSpaceSize: 1,00 GB
Initial GC threshold: 21,00 MB
Current GC threshold: 21,00 MB
CDS: on
MetaspaceReclaimPolicy: balanced
 - commit_granule_bytes: 65536.
 - commit_granule_words: 8192.
 - virtual_space_node_default_size: 1048576.
 - enlarge_chunks_in_place: 1.
 - new_chunks_are_fully_committed: 0.
 - uncommit_free_chunks: 1.
 - use_allocation_guard: 0.
 - handle_deallocations: 1.


Internal statistics:

num_allocs_failed_limit: 0.
num_arena_births: 216.
num_arena_deaths: 0.
num_vsnodes_births: 4.
num_vsnodes_deaths: 0.
num_space_committed: 310.
num_space_uncommitted: 0.
num_chunks_returned_to_freelist: 0.
num_chunks_taken_from_freelist: 846.
num_chunk_merges: 0.
num_chunk_splits: 572.
num_chunks_enlarged: 448.
num_purges: 0.
num_inconsistent_stats: 0.

CodeHeap 'non-profiled nmethods': size=120028Kb used=972Kb max_used=972Kb free=119055Kb
 bounds [0x00007f6cd5231000, 0x00007f6cd54a1000, 0x00007f6cdc768000]
CodeHeap 'profiled nmethods': size=120028Kb used=4687Kb max_used=4687Kb free=115340Kb
 bounds [0x00007f6ccdcfa000, 0x00007f6cce19a000, 0x00007f6cd5231000]
CodeHeap 'non-nmethods': size=5704Kb used=1228Kb max_used=1280Kb free=4475Kb
 bounds [0x00007f6ccd768000, 0x00007f6ccd9d8000, 0x00007f6ccdcfa000]
 total_blobs=2768 nmethods=2303 adapters=378
 compilation: enabled
              stopped_count=0, restarted_count=0
 full_count=0

Compilation events (20 events):
Event: 1,123 Thread 0x00007f6ce4187cc0 2114       3       java.lang.Package::<init> (47 bytes)
Event: 1,124 Thread 0x00007f6ce4187cc0 nmethod 2114 0x00007f6cce132e10 code [0x00007f6cce133000, 0x00007f6cce133480]
Event: 1,124 Thread 0x00007f6ce4187cc0 2115       3       java.lang.Package$VersionInfo::getInstance (53 bytes)
Event: 1,124 Thread 0x00007f6ce4187cc0 nmethod 2115 0x00007f6cce133690 code [0x00007f6cce133860, 0x00007f6cce133c20]
Event: 1,125 Thread 0x00007f6ce4186790 nmethod 2074 0x00007f6cd530f310 code [0x00007f6cd530f4c0, 0x00007f6cd530fa58]
Event: 1,125 Thread 0x00007f6ce4186790 2058       4       org.springframework.util.Assert::notNull (14 bytes)
Event: 1,125 Thread 0x00007f6ce4186790 nmethod 2058 0x00007f6cd530fd90 code [0x00007f6cd530ff00, 0x00007f6cd530ff78]
Event: 1,125 Thread 0x00007f6ce4186790 2117   !   4       java.util.WeakHashMap::expungeStaleEntries (139 bytes)
Event: 1,132 Thread 0x00007f6ce4187cc0 2118       3       jdk.internal.reflect.AccessorGenerator::sub (5 bytes)
Event: 1,132 Thread 0x00007f6ce4187cc0 nmethod 2118 0x00007f6cce133d10 code [0x00007f6cce133ea0, 0x00007f6cce133f90]
Event: 1,135 Thread 0x00007f6ce4187cc0 2119       3       java.io.DataInputStream::readInt (72 bytes)
Event: 1,136 Thread 0x00007f6ce4187cc0 nmethod 2119 0x00007f6cce134010 code [0x00007f6cce134220, 0x00007f6cce1347c0]
Event: 1,136 Thread 0x00007f6ce4187cc0 2120       3       java.lang.Integer::hashCode (8 bytes)
Event: 1,136 Thread 0x00007f6ce4187cc0 nmethod 2120 0x00007f6cce134a10 code [0x00007f6cce134bc0, 0x00007f6cce134d10]
Event: 1,136 Thread 0x00007f6ce4187cc0 2121       3       java.lang.Integer::hashCode (2 bytes)
Event: 1,136 Thread 0x00007f6ce4186790 nmethod 2117 0x00007f6cd5310090 code [0x00007f6cd5310260, 0x00007f6cd5311518]
Event: 1,136 Thread 0x00007f6ce4187cc0 nmethod 2121 0x00007f6cce134e10 code [0x00007f6cce134fa0, 0x00007f6cce135090]
Event: 1,136 Thread 0x00007f6ce4186790 2124       4       java.io.DataInputStream::readUTF (501 bytes)
Event: 1,136 Thread 0x00007f6ce4187cc0 2123       3       org.codehaus.groovy.reflection.GeneratedMetaMethod$DgmMethodRecord::<init> (5 bytes)
Event: 1,136 Thread 0x00007f6ce4187cc0 nmethod 2123 0x00007f6cce135110 code [0x00007f6cce1352c0, 0x00007f6cce135410]

GC Heap History (4 events):
Event: 0,243 GC heap before
{Heap before GC invocations=0 (full 0):
 garbage-first heap   total 258048K, used 22500K [0x0000000708800000, 0x0000000800000000)
  region size 2048K, 11 young (22528K), 0 survivors (0K)
 Metaspace       used 1986K, committed 2112K, reserved 1056768K
  class space    used 173K, committed 256K, reserved 1048576K
}
Event: 0,246 GC heap after
{Heap after GC invocations=1 (full 0):
 garbage-first heap   total 258048K, used 9809K [0x0000000708800000, 0x0000000800000000)
  region size 2048K, 2 young (4096K), 2 survivors (4096K)
 Metaspace       used 1986K, committed 2112K, reserved 1056768K
  class space    used 173K, committed 256K, reserved 1048576K
}
Event: 0,613 GC heap before
{Heap before GC invocations=1 (full 0):
 garbage-first heap   total 258048K, used 30289K [0x0000000708800000, 0x0000000800000000)
  region size 2048K, 12 young (24576K), 2 survivors (4096K)
 Metaspace       used 7138K, committed 7360K, reserved 1056768K
  class space    used 909K, committed 1024K, reserved 1048576K
}
Event: 0,617 GC heap after
{Heap after GC invocations=2 (full 0):
 garbage-first heap   total 258048K, used 11275K [0x0000000708800000, 0x0000000800000000)
  region size 2048K, 1 young (2048K), 1 survivors (2048K)
 Metaspace       used 7138K, committed 7360K, reserved 1056768K
  class space    used 909K, committed 1024K, reserved 1048576K
}

Deoptimization events (20 events):
Event: 1,133 Thread 0x00007f6ce4e41a50 DEOPT PACKING pc=0x00007f6ccdf09eec sp=0x00007f6cb49f2960
Event: 1,133 Thread 0x00007f6ce4e41a50 DEOPT UNPACKING pc=0x00007f6ccd7ba82f sp=0x00007f6cb49f1e70 mode 1
Event: 1,133 Thread 0x00007f6ce4e41a50 DEOPT PACKING pc=0x00007f6ccdeaa324 sp=0x00007f6cb49f2090
Event: 1,133 Thread 0x00007f6ce4e41a50 DEOPT UNPACKING pc=0x00007f6ccd7ba82f sp=0x00007f6cb49f1548 mode 1
Event: 1,133 Thread 0x00007f6ce4e41a50 DEOPT PACKING pc=0x00007f6ccdea97dc sp=0x00007f6cb49f2160
Event: 1,133 Thread 0x00007f6ce4e41a50 DEOPT UNPACKING pc=0x00007f6ccd7ba82f sp=0x00007f6cb49f1638 mode 1
Event: 1,133 Thread 0x00007f6ce4e41a50 DEOPT PACKING pc=0x00007f6ccdf09eec sp=0x00007f6cb49f2960
Event: 1,133 Thread 0x00007f6ce4e41a50 DEOPT UNPACKING pc=0x00007f6ccd7ba82f sp=0x00007f6cb49f1e70 mode 1
Event: 1,134 Thread 0x00007f6ce4e41a50 DEOPT PACKING pc=0x00007f6ccdeaa324 sp=0x00007f6cb49f2110
Event: 1,134 Thread 0x00007f6ce4e41a50 DEOPT UNPACKING pc=0x00007f6ccd7ba82f sp=0x00007f6cb49f15c8 mode 1
Event: 1,134 Thread 0x00007f6ce4e41a50 DEOPT PACKING pc=0x00007f6ccdea97dc sp=0x00007f6cb49f21e0
Event: 1,134 Thread 0x00007f6ce4e41a50 DEOPT UNPACKING pc=0x00007f6ccd7ba82f sp=0x00007f6cb49f16b8 mode 1
Event: 1,134 Thread 0x00007f6ce4e41a50 DEOPT PACKING pc=0x00007f6ccdf09eec sp=0x00007f6cb49f29e0
Event: 1,134 Thread 0x00007f6ce4e41a50 DEOPT UNPACKING pc=0x00007f6ccd7ba82f sp=0x00007f6cb49f1ef0 mode 1
Event: 1,134 Thread 0x00007f6ce4e41a50 DEOPT PACKING pc=0x00007f6ccdeaa324 sp=0x00007f6cb49f2110
Event: 1,134 Thread 0x00007f6ce4e41a50 DEOPT UNPACKING pc=0x00007f6ccd7ba82f sp=0x00007f6cb49f15c8 mode 1
Event: 1,134 Thread 0x00007f6ce4e41a50 DEOPT PACKING pc=0x00007f6ccdea97dc sp=0x00007f6cb49f21e0
Event: 1,134 Thread 0x00007f6ce4e41a50 DEOPT UNPACKING pc=0x00007f6ccd7ba82f sp=0x00007f6cb49f16b8 mode 1
Event: 1,134 Thread 0x00007f6ce4e41a50 DEOPT PACKING pc=0x00007f6ccdf09eec sp=0x00007f6cb49f29e0
Event: 1,134 Thread 0x00007f6ce4e41a50 DEOPT UNPACKING pc=0x00007f6ccd7ba82f sp=0x00007f6cb49f1ef0 mode 1

Classes unloaded (0 events):
No events

Classes redefined (0 events):
No events

Internal exceptions (20 events):
Event: 0,859 Thread 0x00007f6ce402baa0 Exception <a 'java/lang/NoSuchMethodError'{0x0000000716659d98}: 'java.lang.Object java.lang.invoke.DirectMethodHandle$Holder.newInvokeSpecial(java.lang.Object, java.lang.Object, java.lang.Object, java.lang.Object, java.lang.Object, java.lang.Object, java.lang.Object)'> (0x0000000716659d98) 
thrown [open/src/hotspot/share/interpreter/linkResolver.cpp, line 765]
Event: 0,859 Thread 0x00007f6ce402baa0 Exception <a 'java/lang/NoSuchMethodError'{0x000000071665e950}: 'java.lang.Object java.lang.invoke.Invokers$Holder.linkToTargetMethod(java.lang.Object, java.lang.Object, java.lang.Object, java.lang.Object, java.lang.Object, java.lang.Object, java.lang.Object)'> (0x000000071665e950) 
thrown [open/src/hotspot/share/interpreter/linkResolver.cpp, line 765]
Event: 0,860 Thread 0x00007f6ce402baa0 Exception <a 'java/lang/NoSuchMethodError'{0x0000000716664e18}: 'java.lang.Object java.lang.invoke.DirectMethodHandle$Holder.invokeInterface(java.lang.Object, java.lang.Object, java.lang.Object, java.lang.Object, java.lang.Object)'> (0x0000000716664e18) 
thrown [open/src/hotspot/share/interpreter/linkResolver.cpp, line 765]
Event: 0,860 Thread 0x00007f6ce402baa0 Exception <a 'java/lang/IncompatibleClassChangeError'{0x0000000716668c10}: Found class java.lang.Object, but interface was expected> (0x0000000716668c10) 
thrown [open/src/hotspot/share/interpreter/linkResolver.cpp, line 833]
Event: 0,907 Thread 0x00007f6ce402baa0 Exception <a 'sun/nio/fs/UnixException'{0x000000071620cf28}> (0x000000071620cf28) 
thrown [open/src/hotspot/share/prims/jni.cpp, line 516]
Event: 0,913 Thread 0x00007f6ce402baa0 Exception <a 'java/lang/IncompatibleClassChangeError'{0x0000000716267338}: Found class java.lang.Object, but interface was expected> (0x0000000716267338) 
thrown [open/src/hotspot/share/interpreter/linkResolver.cpp, line 833]
Event: 0,922 Thread 0x00007f6ce402baa0 Exception <a 'java/lang/NoSuchMethodError'{0x0000000716319230}: 'int java.lang.invoke.DirectMethodHandle$Holder.invokeSpecial(java.lang.Object, java.lang.Object, java.lang.Object, java.lang.Object)'> (0x0000000716319230) 
thrown [open/src/hotspot/share/interpreter/linkResolver.cpp, line 765]
Event: 0,934 Thread 0x00007f6ce402baa0 Exception <a 'java/lang/NoSuchMethodError'{0x00000007163f0378}: 'void java.lang.invoke.DirectMethodHandle$Holder.invokeStatic(java.lang.Object, java.lang.Object, java.lang.Object, java.lang.Object, java.lang.Object, java.lang.Object)'> (0x00000007163f0378) 
thrown [open/src/hotspot/share/interpreter/linkResolver.cpp, line 765]
Event: 0,941 Thread 0x00007f6ce402baa0 Exception <a 'java/lang/NoSuchMethodError'{0x000000071606c098}: 'java.lang.Object java.lang.invoke.DirectMethodHandle$Holder.invokeSpecial(java.lang.Object, java.lang.Object, java.lang.Object, java.lang.Object, java.lang.Object, java.lang.Object, int)'> (0x000000071606c098) 
thrown [open/src/hotspot/share/interpreter/linkResolver.cpp, line 765]
Event: 0,941 Thread 0x00007f6ce402baa0 Exception <a 'java/lang/NoSuchMethodError'{0x0000000716076b48}: 'java.lang.Object java.lang.invoke.DirectMethodHandle$Holder.newInvokeSpecial(java.lang.Object, java.lang.Object, java.lang.Object, java.lang.Object, java.lang.Object, java.lang.Object, int)'> (0x0000000716076b48) 
thrown [open/src/hotspot/share/interpreter/linkResolver.cpp, line 765]
Event: 0,941 Thread 0x00007f6ce402baa0 Exception <a 'java/lang/NoSuchMethodError'{0x000000071607c0d8}: 'java.lang.Object java.lang.invoke.DirectMethodHandle$Holder.invokeSpecial(java.lang.Object, java.lang.Object, java.lang.Object, java.lang.Object, java.lang.Object, java.lang.Object, java.lang.Object, int)'> (0x000000071607c0d8) 
thrown [open/src/hotspot/share/interpreter/linkResolver.cpp, line 765]
Event: 0,982 Thread 0x00007f6ce402baa0 Implicit null exception at 0x00007f6cd528c499 to 0x00007f6cd528c9cc
Event: 0,982 Thread 0x00007f6ce402baa0 Implicit null exception at 0x00007f6cd5280d99 to 0x00007f6cd52812f0
Event: 1,011 Thread 0x00007f6ce402baa0 Exception <a 'java/lang/NoSuchMethodError'{0x0000000715dd57e8}: 'java.lang.Object java.lang.invoke.DirectMethodHandle$Holder.invokeSpecial(java.lang.Object, java.lang.Object, java.lang.Object, int, java.lang.Object)'> (0x0000000715dd57e8) 
thrown [open/src/hotspot/share/interpreter/linkResolver.cpp, line 765]
Event: 1,011 Thread 0x00007f6ce402baa0 Exception <a 'java/lang/NoSuchMethodError'{0x0000000715dde2a8}: 'java.lang.Object java.lang.invoke.DirectMethodHandle$Holder.newInvokeSpecial(java.lang.Object, java.lang.Object, java.lang.Object, int, java.lang.Object)'> (0x0000000715dde2a8) 
thrown [open/src/hotspot/share/interpreter/linkResolver.cpp, line 765]
Event: 1,012 Thread 0x00007f6ce402baa0 Exception <a 'java/lang/NoSuchMethodError'{0x0000000715de61c8}: 'java.lang.Object java.lang.invoke.Invokers$Holder.linkToTargetMethod(java.lang.Object, java.lang.Object, int, java.lang.Object, java.lang.Object)'> (0x0000000715de61c8) 
thrown [open/src/hotspot/share/interpreter/linkResolver.cpp, line 765]
Event: 1,013 Thread 0x00007f6ce402baa0 Exception <a 'java/lang/NoSuchMethodError'{0x0000000715df69a8}: 'java.lang.Object java.lang.invoke.DirectMethodHandle$Holder.newInvokeSpecial(java.lang.Object, int, java.lang.Object)'> (0x0000000715df69a8) 
thrown [open/src/hotspot/share/interpreter/linkResolver.cpp, line 765]
Event: 1,030 Thread 0x00007f6ce402baa0 Implicit null exception at 0x00007f6cd52e574d to 0x00007f6cd52e8a2c
Event: 1,040 Thread 0x00007f6ce402baa0 Exception <a 'java/lang/NoSuchMethodError'{0x0000000715b98850}: 'void java.lang.invoke.DirectMethodHandle$Holder.invokeStatic(java.lang.Object, java.lang.Object)'> (0x0000000715b98850) 
thrown [open/src/hotspot/share/interpreter/linkResolver.cpp, line 765]
Event: 1,040 Thread 0x00007f6ce402baa0 Exception <a 'java/lang/NoSuchMethodError'{0x0000000715b9c3a0}: 'void java.lang.invoke.DirectMethodHandle$Holder.invokeStaticInit(java.lang.Object, java.lang.Object)'> (0x0000000715b9c3a0) 
thrown [open/src/hotspot/share/interpreter/linkResolver.cpp, line 765]

VM Operations (20 events):
Event: 0,627 Executing VM operation: HandshakeAllThreads
Event: 0,627 Executing VM operation: HandshakeAllThreads done
Event: 0,648 Executing VM operation: HandshakeAllThreads
Event: 0,648 Executing VM operation: HandshakeAllThreads done
Event: 0,663 Executing VM operation: HandshakeAllThreads
Event: 0,663 Executing VM operation: HandshakeAllThreads done
Event: 0,663 Executing VM operation: HandshakeAllThreads
Event: 0,663 Executing VM operation: HandshakeAllThreads done
Event: 0,686 Executing VM operation: HandshakeAllThreads
Event: 0,686 Executing VM operation: HandshakeAllThreads done
Event: 0,861 Executing VM operation: HandshakeAllThreads
Event: 0,861 Executing VM operation: HandshakeAllThreads done
Event: 0,964 Executing VM operation: HandshakeAllThreads
Event: 0,964 Executing VM operation: HandshakeAllThreads done
Event: 0,996 Executing VM operation: ICBufferFull
Event: 0,996 Executing VM operation: ICBufferFull done
Event: 0,998 Executing VM operation: HandshakeAllThreads
Event: 0,998 Executing VM operation: HandshakeAllThreads done
Event: 1,000 Executing VM operation: HandshakeAllThreads
Event: 1,000 Executing VM operation: HandshakeAllThreads done

Events (20 events):
Event: 1,137 loading class javax/el/Util
Event: 1,137 loading class javax/el/Util done
Event: 1,138 loading class org/codehaus/groovy/reflection/ReflectionCache
Event: 1,138 loading class org/codehaus/groovy/reflection/ReflectionCache done
Event: 1,138 loading class javax/el/MethodNotFoundException
Event: 1,138 loading class javax/el/MethodNotFoundException done
Event: 1,138 loading class org/codehaus/groovy/util/TripleKeyHashMap
Event: 1,138 loading class org/codehaus/groovy/util/TripleKeyHashMap done
Event: 1,138 loading class javax/el/Util$CacheValue
Event: 1,138 loading class javax/el/Util$CacheValue done
Event: 1,138 loading class org/codehaus/groovy/util/ComplexKeyHashMap
Event: 1,138 loading class org/codehaus/groovy/util/ComplexKeyHashMap done
Event: 1,138 loading class javax/el/ExpressionFactory$CacheKey
Event: 1,138 loading class javax/el/ExpressionFactory$CacheKey done
Event: 1,138 loading class org/codehaus/groovy/util/ComplexKeyHashMap$EntryIterator
Event: 1,138 loading class org/codehaus/groovy/util/ComplexKeyHashMap$EntryIterator done
Event: 1,138 loading class org/codehaus/groovy/util/ComplexKeyHashMap$Entry
Event: 1,138 loading class org/codehaus/groovy/util/ComplexKeyHashMap$Entry done
Event: 1,138 loading class org/codehaus/groovy/reflection/ClassInfo
Event: 1,138 loading class org/codehaus/groovy/reflection/ClassInfo done


Dynamic libraries:
708800000-718000000 rw-p 00000000 00:00 0 
718000000-7ffc00000 ---p 00000000 00:00 0 
7ffc00000-7ffd00000 rw-p 00000000 00:00 0 
7ffd00000-7ffd76000 rw-p 00c9b000 08:03 1049026                          /usr/lib/jvm/java-17-oracle/lib/server/classes.jsa
7ffd76000-7ffe00000 rw-p 00000000 00:00 0 
7ffe00000-7ffe83000 rw-p 00c18000 08:03 1049026                          /usr/lib/jvm/java-17-oracle/lib/server/classes.jsa
7ffe83000-800000000 rw-p 00000000 00:00 0 
800000000-800bdf000 rw-p 00001000 08:03 1049026                          /usr/lib/jvm/java-17-oracle/lib/server/classes.jsa
800bdf000-800c00000 ---p 00000000 00:00 0 
800c00000-800c40000 rw-p 00000000 00:00 0 
800c40000-800c80000 rw-p 00000000 00:00 0 
800c80000-800d00000 rw-p 00000000 00:00 0 
800d00000-800e50000 rw-p 00000000 00:00 0 
800e50000-800e80000 ---p 00000000 00:00 0 
800e80000-800ee0000 rw-p 00000000 00:00 0 
800ee0000-840c00000 ---p 00000000 00:00 0 
564140668000-564140669000 r-xp 00000000 08:03 1048600                    /usr/lib/jvm/java-17-oracle/bin/java
56414066a000-56414066b000 r--p 00001000 08:03 1048600                    /usr/lib/jvm/java-17-oracle/bin/java
56414066b000-56414066c000 rw-p 00002000 08:03 1048600                    /usr/lib/jvm/java-17-oracle/bin/java
564141057000-564141078000 rw-p 00000000 00:00 0                          [heap]
7f6c3f400000-7f6c3f4f0000 rw-p 00000000 00:00 0 
7f6c3f4f0000-7f6c3fc00000 ---p 00000000 00:00 0 
7f6c40000000-7f6c40021000 rw-p 00000000 00:00 0 
7f6c40021000-7f6c44000000 ---p 00000000 00:00 0 
7f6c44000000-7f6c44202000 rw-p 00000000 00:00 0 
7f6c44202000-7f6c48000000 ---p 00000000 00:00 0 
7f6c48000000-7f6c48021000 rw-p 00000000 00:00 0 
7f6c48021000-7f6c4c000000 ---p 00000000 00:00 0 
7f6c4c000000-7f6c4c021000 rw-p 00000000 00:00 0 
7f6c4c021000-7f6c50000000 ---p 00000000 00:00 0 
7f6c50000000-7f6c50ea7000 rw-p 00000000 00:00 0 
7f6c50ea7000-7f6c54000000 ---p 00000000 00:00 0 
7f6c54000000-7f6c54021000 rw-p 00000000 00:00 0 
7f6c54021000-7f6c58000000 ---p 00000000 00:00 0 
7f6c58000000-7f6c58021000 rw-p 00000000 00:00 0 
7f6c58021000-7f6c5c000000 ---p 00000000 00:00 0 
7f6c5c000000-7f6c5cc40000 rw-p 00000000 00:00 0 
7f6c5cc40000-7f6c60000000 ---p 00000000 00:00 0 
7f6c60000000-7f6c60021000 rw-p 00000000 00:00 0 
7f6c60021000-7f6c64000000 ---p 00000000 00:00 0 
7f6c64000000-7f6c64021000 rw-p 00000000 00:00 0 
7f6c64021000-7f6c68000000 ---p 00000000 00:00 0 
7f6c68000000-7f6c68021000 rw-p 00000000 00:00 0 
7f6c68021000-7f6c6c000000 ---p 00000000 00:00 0 
7f6c6c000000-7f6c6c021000 rw-p 00000000 00:00 0 
7f6c6c021000-7f6c70000000 ---p 00000000 00:00 0 
7f6c70000000-7f6c70021000 rw-p 00000000 00:00 0 
7f6c70021000-7f6c74000000 ---p 00000000 00:00 0 
7f6c74000000-7f6c74021000 rw-p 00000000 00:00 0 
7f6c74021000-7f6c78000000 ---p 00000000 00:00 0 
7f6c78000000-7f6c7807d000 rw-p 00000000 00:00 0 
7f6c7807d000-7f6c7c000000 ---p 00000000 00:00 0 
7f6c7c000000-7f6c7c021000 rw-p 00000000 00:00 0 
7f6c7c021000-7f6c80000000 ---p 00000000 00:00 0 
7f6c80000000-7f6c80021000 rw-p 00000000 00:00 0 
7f6c80021000-7f6c84000000 ---p 00000000 00:00 0 
7f6c84000000-7f6c84036000 rw-p 00000000 00:00 0 
7f6c84036000-7f6c88000000 ---p 00000000 00:00 0 
7f6c88000000-7f6c8883e000 rw-p 00000000 00:00 0 
7f6c8883e000-7f6c8c000000 ---p 00000000 00:00 0 
7f6c8c000000-7f6c8c021000 rw-p 00000000 00:00 0 
7f6c8c021000-7f6c90000000 ---p 00000000 00:00 0 
7f6c90000000-7f6c90021000 rw-p 00000000 00:00 0 
7f6c90021000-7f6c94000000 ---p 00000000 00:00 0 
7f6c94000000-7f6c951bd000 rw-p 00000000 00:00 0 
7f6c951bd000-7f6c98000000 ---p 00000000 00:00 0 
7f6c98000000-7f6c98021000 rw-p 00000000 00:00 0 
7f6c98021000-7f6c9c000000 ---p 00000000 00:00 0 
7f6c9c000000-7f6c9c021000 rw-p 00000000 00:00 0 
7f6c9c021000-7f6ca0000000 ---p 00000000 00:00 0 
7f6ca0000000-7f6ca0021000 rw-p 00000000 00:00 0 
7f6ca0021000-7f6ca4000000 ---p 00000000 00:00 0 
7f6ca4000000-7f6ca4021000 rw-p 00000000 00:00 0 
7f6ca4021000-7f6ca8000000 ---p 00000000 00:00 0 
7f6ca8000000-7f6ca8021000 rw-p 00000000 00:00 0 
7f6ca8021000-7f6cac000000 ---p 00000000 00:00 0 
7f6cac000000-7f6cac021000 rw-p 00000000 00:00 0 
7f6cac021000-7f6cb0000000 ---p 00000000 00:00 0 
7f6cb0000000-7f6cb0021000 rw-p 00000000 00:00 0 
7f6cb0021000-7f6cb4000000 ---p 00000000 00:00 0 
7f6cb48f4000-7f6cb48f8000 ---p 00000000 00:00 0 
7f6cb48f8000-7f6cb49f5000 rw-p 00000000 00:00 0 
7f6cb4c00000-7f6cb4d00000 rw-p 00000000 00:00 0 
7f6cb4d00000-7f6cb4e00000 rw-p 00000000 00:00 0 
7f6cb4e00000-7f6cb5380000 rw-p 00000000 00:00 0 
7f6cb5380000-7f6cb53c0000 rw-p 00000000 00:00 0 
7f6cb53c0000-7f6cb5400000 ---p 00000000 00:00 0 
7f6cb548a000-7f6cb56f0000 rw-p 00000000 00:00 0 
7f6cb56f0000-7f6cb56f1000 ---p 00000000 00:00 0 
7f6cb56f1000-7f6cb57f2000 rw-p 00000000 00:00 0 
7f6cb57f2000-7f6cb57f3000 ---p 00000000 00:00 0 
7f6cb57f3000-7f6cb58f4000 rw-p 00000000 00:00 0 
7f6cb58f4000-7f6cb58f5000 ---p 00000000 00:00 0 
7f6cb58f5000-7f6cb59f6000 rw-p 00000000 00:00 0 
7f6cb59f6000-7f6cb59f7000 ---p 00000000 00:00 0 
7f6cb59f7000-7f6cb5af8000 rw-p 00000000 00:00 0 
7f6cb5af8000-7f6cb5afc000 ---p 00000000 00:00 0 
7f6cb5afc000-7f6cb5bf9000 rw-p 00000000 00:00 0 
7f6cb5bf9000-7f6cb5bfd000 ---p 00000000 00:00 0 
7f6cb5bfd000-7f6cb5cfa000 rw-p 00000000 00:00 0 
7f6cb5cfa000-7f6cb5cfb000 ---p 00000000 00:00 0 
7f6cb5cfb000-7f6cb5dfc000 rw-p 00000000 00:00 0 
7f6cb5dfc000-7f6cb5dfd000 ---p 00000000 00:00 0 
7f6cb5dfd000-7f6cb5efe000 rw-p 00000000 00:00 0 
7f6cb5efe000-7f6cb5eff000 ---p 00000000 00:00 0 
7f6cb5eff000-7f6cb8000000 rw-p 00000000 00:00 0 
7f6cb8000000-7f6cb8021000 rw-p 00000000 00:00 0 
7f6cb8021000-7f6cbc000000 ---p 00000000 00:00 0 
7f6cbc000000-7f6cbc021000 rw-p 00000000 00:00 0 
7f6cbc021000-7f6cc0000000 ---p 00000000 00:00 0 
7f6cc0000000-7f6cc0021000 rw-p 00000000 00:00 0 
7f6cc0021000-7f6cc4000000 ---p 00000000 00:00 0 
7f6cc40ee000-7f6cc40ef000 ---p 00000000 00:00 0 
7f6cc40ef000-7f6cc41f0000 rw-p 00000000 00:00 0 
7f6cc41f0000-7f6cc41f1000 ---p 00000000 00:00 0 
7f6cc41f1000-7f6cc42f2000 rw-p 00000000 00:00 0 
7f6cc42f2000-7f6cc42f3000 ---p 00000000 00:00 0 
7f6cc42f3000-7f6cc43f4000 rw-p 00000000 00:00 0 
7f6cc43f4000-7f6cc43f8000 ---p 00000000 00:00 0 
7f6cc43f8000-7f6cc44f5000 rw-p 00000000 00:00 0 
7f6cc44f5000-7f6cc44f9000 ---p 00000000 00:00 0 
7f6cc44f9000-7f6cc45f6000 rw-p 00000000 00:00 0 
7f6cc45f6000-7f6cc45fa000 ---p 00000000 00:00 0 
7f6cc45fa000-7f6cc46f7000 rw-p 00000000 00:00 0 
7f6cc46f7000-7f6cc46fb000 ---p 00000000 00:00 0 
7f6cc46fb000-7f6cc47f8000 rw-p 00000000 00:00 0 
7f6cc47f8000-7f6cc47fc000 ---p 00000000 00:00 0 
7f6cc47fc000-7f6cc48f9000 rw-p 00000000 00:00 0 
7f6cc48f9000-7f6cc48fd000 ---p 00000000 00:00 0 
7f6cc48fd000-7f6cc49fa000 rw-p 00000000 00:00 0 
7f6cc49fa000-7f6cc49fe000 ---p 00000000 00:00 0 
7f6cc49fe000-7f6cc4afb000 rw-p 00000000 00:00 0 
7f6cc4afb000-7f6cc4aff000 ---p 00000000 00:00 0 
7f6cc4aff000-7f6cc4bfc000 rw-p 00000000 00:00 0 
7f6cc4bfc000-7f6cc4c00000 ---p 00000000 00:00 0 
7f6cc4c00000-7f6cc4cfd000 rw-p 00000000 00:00 0 
7f6cc4cfd000-7f6cc4d01000 ---p 00000000 00:00 0 
7f6cc4d01000-7f6cc4dfe000 rw-p 00000000 00:00 0 
7f6cc4dfe000-7f6cc4e02000 ---p 00000000 00:00 0 
7f6cc4e02000-7f6cc4eff000 rw-p 00000000 00:00 0 
7f6cc4eff000-7f6cc4f03000 ---p 00000000 00:00 0 
7f6cc4f03000-7f6cc5400000 rw-p 00000000 00:00 0 
7f6cc5400000-7f6cc5800000 rw-p 00000000 00:00 0 
7f6cc580f000-7f6cc5814000 r-xp 00000000 08:03 1049004                    /usr/lib/jvm/java-17-oracle/lib/libmanagement_ext.so
7f6cc5814000-7f6cc5815000 ---p 00005000 08:03 1049004                    /usr/lib/jvm/java-17-oracle/lib/libmanagement_ext.so
7f6cc5815000-7f6cc5816000 r--p 00005000 08:03 1049004                    /usr/lib/jvm/java-17-oracle/lib/libmanagement_ext.so
7f6cc5816000-7f6cc5817000 rw-p 00006000 08:03 1049004                    /usr/lib/jvm/java-17-oracle/lib/libmanagement_ext.so
7f6cc5817000-7f6cc5824000 r-xp 00000000 08:03 1049015                    /usr/lib/jvm/java-17-oracle/lib/libverify.so
7f6cc5824000-7f6cc5826000 r--p 0000c000 08:03 1049015                    /usr/lib/jvm/java-17-oracle/lib/libverify.so
7f6cc5826000-7f6cc5827000 rw-p 0000e000 08:03 1049015                    /usr/lib/jvm/java-17-oracle/lib/libverify.so
7f6cc5827000-7f6cc583c000 r-xp 00000000 08:03 1049006                    /usr/lib/jvm/java-17-oracle/lib/libnet.so
7f6cc583c000-7f6cc583d000 ---p 00015000 08:03 1049006                    /usr/lib/jvm/java-17-oracle/lib/libnet.so
7f6cc583d000-7f6cc583e000 r--p 00015000 08:03 1049006                    /usr/lib/jvm/java-17-oracle/lib/libnet.so
7f6cc583e000-7f6cc583f000 rw-p 00016000 08:03 1049006                    /usr/lib/jvm/java-17-oracle/lib/libnet.so
7f6cc583f000-7f6cc5852000 r-xp 00000000 08:03 1049007                    /usr/lib/jvm/java-17-oracle/lib/libnio.so
7f6cc5852000-7f6cc5853000 r--p 00012000 08:03 1049007                    /usr/lib/jvm/java-17-oracle/lib/libnio.so
7f6cc5853000-7f6cc5854000 rw-p 00013000 08:03 1049007                    /usr/lib/jvm/java-17-oracle/lib/libnio.so
7f6cc5854000-7f6cc5858000 ---p 00000000 00:00 0 
7f6cc5858000-7f6cc5955000 rw-p 00000000 00:00 0 
7f6cc5955000-7f6cc5956000 ---p 00000000 00:00 0 
7f6cc5956000-7f6cc5a57000 rw-p 00000000 00:00 0 
7f6cc5a57000-7f6cc5b25000 r-xp 00000000 08:03 1049013                    /usr/lib/jvm/java-17-oracle/lib/libsvml.so
7f6cc5b25000-7f6cc5b26000 r--p 000cd000 08:03 1049013                    /usr/lib/jvm/java-17-oracle/lib/libsvml.so
7f6cc5b26000-7f6cc5b27000 rw-p 000ce000 08:03 1049013                    /usr/lib/jvm/java-17-oracle/lib/libsvml.so
7f6cc5b27000-7f6cc5f88000 rw-p 00000000 00:00 0 
7f6cc5f88000-7f6cc9978000 ---p 00000000 00:00 0 
7f6cc9978000-7f6cc9d68000 rw-p 00000000 00:00 0 
7f6cc9d68000-7f6ccd758000 ---p 00000000 00:00 0 
7f6ccd758000-7f6ccd768000 rw-p 00000000 00:00 0 
7f6ccd768000-7f6ccd9d8000 rwxp 00000000 00:00 0 
7f6ccd9d8000-7f6ccdcfa000 ---p 00000000 00:00 0 
7f6ccdcfa000-7f6cce19a000 rwxp 00000000 00:00 0 
7f6cce19a000-7f6cd5231000 ---p 00000000 00:00 0 
7f6cd5231000-7f6cd54a1000 rwxp 00000000 00:00 0 
7f6cd54a1000-7f6cdc768000 ---p 00000000 00:00 0 
7f6cdc768000-7f6ce4000000 r--s 00000000 08:03 1049017                    /usr/lib/jvm/java-17-oracle/lib/modules
7f6ce4000000-7f6ce5070000 rw-p 00000000 00:00 0 
7f6ce5070000-7f6ce8000000 ---p 00000000 00:00 0 
7f6ce8006000-7f6ce800a000 r-xp 00000000 08:03 1049002                    /usr/lib/jvm/java-17-oracle/lib/libmanagement.so
7f6ce800a000-7f6ce800b000 r--p 00003000 08:03 1049002                    /usr/lib/jvm/java-17-oracle/lib/libmanagement.so
7f6ce800b000-7f6ce800c000 rw-p 00004000 08:03 1049002                    /usr/lib/jvm/java-17-oracle/lib/libmanagement.so
7f6ce800c000-7f6ce8011000 r-xp 00000000 08:03 1048985                    /usr/lib/jvm/java-17-oracle/lib/libdt_socket.so
7f6ce8011000-7f6ce8012000 r--p 00004000 08:03 1048985                    /usr/lib/jvm/java-17-oracle/lib/libdt_socket.so
7f6ce8012000-7f6ce8013000 rw-p 00005000 08:03 1048985                    /usr/lib/jvm/java-17-oracle/lib/libdt_socket.so
7f6ce8013000-7f6ce801a000 r--s 00000000 08:03 21107615                   /usr/lib/x86_64-linux-gnu/gconv/gconv-modules.cache
7f6ce801a000-7f6ce80b6000 rw-p 00000000 00:00 0 
7f6ce80b6000-7f6ce80b7000 ---p 00000000 00:00 0 
7f6ce80b7000-7f6ce81b8000 rw-p 00000000 00:00 0 
7f6ce81b8000-7f6ce81b9000 ---p 00000000 00:00 0 
7f6ce81b9000-7f6ce8cc4000 rw-p 00000000 00:00 0 
7f6ce8cc4000-7f6ce8cc5000 ---p 00000000 00:00 0 
7f6ce8cc5000-7f6ce8dc6000 rw-p 00000000 00:00 0 
7f6ce8dc6000-7f6ce8dc7000 ---p 00000000 00:00 0 
7f6ce8dc7000-7f6ce8ec8000 rw-p 00000000 00:00 0 
7f6ce8ec8000-7f6ce8ec9000 ---p 00000000 00:00 0 
7f6ce8ec9000-7f6ce90c6000 rw-p 00000000 00:00 0 
7f6ce90c6000-7f6ce9804000 ---p 00000000 00:00 0 
7f6ce9804000-7f6ce9882000 rw-p 00000000 00:00 0 
7f6ce9882000-7f6ce9fc0000 ---p 00000000 00:00 0 
7f6ce9fc0000-7f6cea03e000 rw-p 00000000 00:00 0 
7f6cea03e000-7f6cea77c000 ---p 00000000 00:00 0 
7f6cea77c000-7f6ceb18d000 rw-p 00000000 00:00 0 
7f6ceb18d000-7f6ceb273000 ---p 00000000 00:00 0 
7f6ceb273000-7f6ceb27d000 rw-p 00000000 00:00 0 
7f6ceb27d000-7f6ceb35e000 ---p 00000000 00:00 0 
7f6ceb35e000-7f6ceb363000 rw-p 00000000 00:00 0 
7f6ceb363000-7f6ceb36a000 ---p 00000000 00:00 0 
7f6ceb36a000-7f6ceb36d000 r--p 00000000 08:03 20449595                   /usr/lib/x86_64-linux-gnu/libnss_files-2.31.so
7f6ceb36d000-7f6ceb374000 r-xp 00003000 08:03 20449595                   /usr/lib/x86_64-linux-gnu/libnss_files-2.31.so
7f6ceb374000-7f6ceb376000 r--p 0000a000 08:03 20449595                   /usr/lib/x86_64-linux-gnu/libnss_files-2.31.so
7f6ceb376000-7f6ceb377000 r--p 0000b000 08:03 20449595                   /usr/lib/x86_64-linux-gnu/libnss_files-2.31.so
7f6ceb377000-7f6ceb378000 rw-p 0000c000 08:03 20449595                   /usr/lib/x86_64-linux-gnu/libnss_files-2.31.so
7f6ceb378000-7f6ceb37e000 rw-p 00000000 00:00 0 
7f6ceb380000-7f6ceb387000 r-xp 00000000 08:03 1049016                    /usr/lib/jvm/java-17-oracle/lib/libzip.so
7f6ceb387000-7f6ceb388000 ---p 00007000 08:03 1049016                    /usr/lib/jvm/java-17-oracle/lib/libzip.so
7f6ceb388000-7f6ceb389000 r--p 00007000 08:03 1049016                    /usr/lib/jvm/java-17-oracle/lib/libzip.so
7f6ceb389000-7f6ceb38a000 rw-p 00008000 08:03 1049016                    /usr/lib/jvm/java-17-oracle/lib/libzip.so
7f6ceb38a000-7f6ceb392000 rw-s 00000000 08:03 23986250                   /tmp/hsperfdata_btdtuan/16610
7f6ceb392000-7f6cebbce000 r--p 00000000 08:03 20447807                   /usr/lib/locale/locale-archive
7f6cebbce000-7f6cebbf2000 r-xp 00000000 08:03 1048993                    /usr/lib/jvm/java-17-oracle/lib/libjava.so
7f6cebbf2000-7f6cebbf3000 ---p 00024000 08:03 1048993                    /usr/lib/jvm/java-17-oracle/lib/libjava.so
7f6cebbf3000-7f6cebbf4000 r--p 00024000 08:03 1048993                    /usr/lib/jvm/java-17-oracle/lib/libjava.so
7f6cebbf4000-7f6cebbf5000 rw-p 00025000 08:03 1048993                    /usr/lib/jvm/java-17-oracle/lib/libjava.so
7f6cebbf5000-7f6cebbf6000 rw-p 00000000 00:00 0 
7f6cebbf6000-7f6cebc34000 r-xp 00000000 08:03 1048996                    /usr/lib/jvm/java-17-oracle/lib/libjdwp.so
7f6cebc34000-7f6cebc35000 r--p 0003d000 08:03 1048996                    /usr/lib/jvm/java-17-oracle/lib/libjdwp.so
7f6cebc35000-7f6cebc36000 rw-p 0003e000 08:03 1048996                    /usr/lib/jvm/java-17-oracle/lib/libjdwp.so
7f6cebc36000-7f6cebc37000 rw-p 00000000 00:00 0 
7f6cebc37000-7f6cebc52000 r-xp 00000000 08:03 1048997                    /usr/lib/jvm/java-17-oracle/lib/libjimage.so
7f6cebc52000-7f6cebc53000 ---p 0001b000 08:03 1048997                    /usr/lib/jvm/java-17-oracle/lib/libjimage.so
7f6cebc53000-7f6cebc55000 r--p 0001b000 08:03 1048997                    /usr/lib/jvm/java-17-oracle/lib/libjimage.so
7f6cebc55000-7f6cebc56000 rw-p 0001d000 08:03 1048997                    /usr/lib/jvm/java-17-oracle/lib/libjimage.so
7f6cebc56000-7f6cebc5a000 ---p 00000000 00:00 0 
7f6cebc5a000-7f6cebd57000 rw-p 00000000 00:00 0 
7f6cebd57000-7f6cebd64000 r--p 00000000 08:03 20449585                   /usr/lib/x86_64-linux-gnu/libm-2.31.so
7f6cebd64000-7f6cebe0b000 r-xp 0000d000 08:03 20449585                   /usr/lib/x86_64-linux-gnu/libm-2.31.so
7f6cebe0b000-7f6cebea4000 r--p 000b4000 08:03 20449585                   /usr/lib/x86_64-linux-gnu/libm-2.31.so
7f6cebea4000-7f6cebea5000 r--p 0014c000 08:03 20449585                   /usr/lib/x86_64-linux-gnu/libm-2.31.so
7f6cebea5000-7f6cebea6000 rw-p 0014d000 08:03 20449585                   /usr/lib/x86_64-linux-gnu/libm-2.31.so
7f6cebea6000-7f6cebea8000 r--p 00000000 08:03 20449602                   /usr/lib/x86_64-linux-gnu/librt-2.31.so
7f6cebea8000-7f6cebeac000 r-xp 00002000 08:03 20449602                   /usr/lib/x86_64-linux-gnu/librt-2.31.so
7f6cebeac000-7f6cebeae000 r--p 00006000 08:03 20449602                   /usr/lib/x86_64-linux-gnu/librt-2.31.so
7f6cebeae000-7f6cebeaf000 r--p 00007000 08:03 20449602                   /usr/lib/x86_64-linux-gnu/librt-2.31.so
7f6cebeaf000-7f6cebeb0000 rw-p 00008000 08:03 20449602                   /usr/lib/x86_64-linux-gnu/librt-2.31.so
7f6cebeb0000-7f6cecfd7000 r-xp 00000000 08:03 1049029                    /usr/lib/jvm/java-17-oracle/lib/server/libjvm.so
7f6cecfd7000-7f6ced08c000 r--p 01126000 08:03 1049029                    /usr/lib/jvm/java-17-oracle/lib/server/libjvm.so
7f6ced08c000-7f6ced0bf000 rw-p 011db000 08:03 1049029                    /usr/lib/jvm/java-17-oracle/lib/server/libjvm.so
7f6ced0bf000-7f6ced11b000 rw-p 00000000 00:00 0 
7f6ced11b000-7f6ced13d000 r--p 00000000 08:03 20449581                   /usr/lib/x86_64-linux-gnu/libc-2.31.so
7f6ced13d000-7f6ced2b5000 r-xp 00022000 08:03 20449581                   /usr/lib/x86_64-linux-gnu/libc-2.31.so
7f6ced2b5000-7f6ced303000 r--p 0019a000 08:03 20449581                   /usr/lib/x86_64-linux-gnu/libc-2.31.so
7f6ced303000-7f6ced307000 r--p 001e7000 08:03 20449581                   /usr/lib/x86_64-linux-gnu/libc-2.31.so
7f6ced307000-7f6ced309000 rw-p 001eb000 08:03 20449581                   /usr/lib/x86_64-linux-gnu/libc-2.31.so
7f6ced309000-7f6ced30d000 rw-p 00000000 00:00 0 
7f6ced30d000-7f6ced30e000 r--p 00000000 08:03 20449583                   /usr/lib/x86_64-linux-gnu/libdl-2.31.so
7f6ced30e000-7f6ced310000 r-xp 00001000 08:03 20449583                   /usr/lib/x86_64-linux-gnu/libdl-2.31.so
7f6ced310000-7f6ced311000 r--p 00003000 08:03 20449583                   /usr/lib/x86_64-linux-gnu/libdl-2.31.so
7f6ced311000-7f6ced312000 r--p 00003000 08:03 20449583                   /usr/lib/x86_64-linux-gnu/libdl-2.31.so
7f6ced312000-7f6ced313000 rw-p 00004000 08:03 20449583                   /usr/lib/x86_64-linux-gnu/libdl-2.31.so
7f6ced313000-7f6ced319000 r--p 00000000 08:03 20449600                   /usr/lib/x86_64-linux-gnu/libpthread-2.31.so
7f6ced319000-7f6ced32a000 r-xp 00006000 08:03 20449600                   /usr/lib/x86_64-linux-gnu/libpthread-2.31.so
7f6ced32a000-7f6ced330000 r--p 00017000 08:03 20449600                   /usr/lib/x86_64-linux-gnu/libpthread-2.31.so
7f6ced330000-7f6ced331000 r--p 0001c000 08:03 20449600                   /usr/lib/x86_64-linux-gnu/libpthread-2.31.so
7f6ced331000-7f6ced332000 rw-p 0001d000 08:03 20449600                   /usr/lib/x86_64-linux-gnu/libpthread-2.31.so
7f6ced332000-7f6ced336000 rw-p 00000000 00:00 0 
7f6ced336000-7f6ced345000 r-xp 00000000 08:03 1048998                    /usr/lib/jvm/java-17-oracle/lib/libjli.so
7f6ced345000-7f6ced346000 r--p 0000e000 08:03 1048998                    /usr/lib/jvm/java-17-oracle/lib/libjli.so
7f6ced346000-7f6ced347000 rw-p 0000f000 08:03 1048998                    /usr/lib/jvm/java-17-oracle/lib/libjli.so
7f6ced347000-7f6ced349000 r--p 00000000 08:03 20451586                   /usr/lib/x86_64-linux-gnu/libz.so.1.2.11
7f6ced349000-7f6ced35a000 r-xp 00002000 08:03 20451586                   /usr/lib/x86_64-linux-gnu/libz.so.1.2.11
7f6ced35a000-7f6ced360000 r--p 00013000 08:03 20451586                   /usr/lib/x86_64-linux-gnu/libz.so.1.2.11
7f6ced360000-7f6ced361000 ---p 00019000 08:03 20451586                   /usr/lib/x86_64-linux-gnu/libz.so.1.2.11
7f6ced361000-7f6ced362000 r--p 00019000 08:03 20451586                   /usr/lib/x86_64-linux-gnu/libz.so.1.2.11
7f6ced362000-7f6ced363000 rw-p 0001a000 08:03 20451586                   /usr/lib/x86_64-linux-gnu/libz.so.1.2.11
7f6ced363000-7f6ced365000 rw-p 00000000 00:00 0 
7f6ced365000-7f6ced36b000 r--s 0005c000 07:10 1357                       /snap/intellij-idea-community/372/plugins/java/lib/rt/debugger-agent.jar
7f6ced36b000-7f6ced375000 r-xp 00000000 08:03 1048988                    /usr/lib/jvm/java-17-oracle/lib/libinstrument.so
7f6ced375000-7f6ced376000 r--p 00009000 08:03 1048988                    /usr/lib/jvm/java-17-oracle/lib/libinstrument.so
7f6ced376000-7f6ced377000 rw-p 0000a000 08:03 1048988                    /usr/lib/jvm/java-17-oracle/lib/libinstrument.so
7f6ced377000-7f6ced378000 ---p 00000000 00:00 0 
7f6ced378000-7f6ced379000 r--p 00000000 00:00 0 
7f6ced379000-7f6ced37a000 r--p 00000000 08:03 20449573                   /usr/lib/x86_64-linux-gnu/ld-2.31.so
7f6ced37a000-7f6ced39d000 r-xp 00001000 08:03 20449573                   /usr/lib/x86_64-linux-gnu/ld-2.31.so
7f6ced39d000-7f6ced3a5000 r--p 00024000 08:03 20449573                   /usr/lib/x86_64-linux-gnu/ld-2.31.so
7f6ced3a5000-7f6ced3a6000 ---p 00000000 00:00 0 
7f6ced3a6000-7f6ced3a7000 r--p 0002c000 08:03 20449573                   /usr/lib/x86_64-linux-gnu/ld-2.31.so
7f6ced3a7000-7f6ced3a8000 rw-p 0002d000 08:03 20449573                   /usr/lib/x86_64-linux-gnu/ld-2.31.so
7f6ced3a8000-7f6ced3a9000 rw-p 00000000 00:00 0 
7ffc9c6fb000-7ffc9c720000 rw-p 00000000 00:00 0                          [stack]
7ffc9c76e000-7ffc9c772000 r--p 00000000 00:00 0                          [vvar]
7ffc9c772000-7ffc9c774000 r-xp 00000000 00:00 0                          [vdso]
ffffffffff600000-ffffffffff601000 --xp 00000000 00:00 0                  [vsyscall]


VM Arguments:
jvm_args: -agentlib:jdwp=transport=dt_socket,address=127.0.0.1:52057,suspend=y,server=n -ea -Didea.test.cyclic.buffer.size=1048576 -javaagent:/snap/intellij-idea-community/372/plugins/java/lib/rt/debugger-agent.jar -Dfile.encoding=UTF-8 
java_command: com.intellij.rt.junit.JUnitStarter -ideVersion5 -junit5 vn.com.tma.emsbackend.integration.PortIntegrationTests,shouldReturn200WhenGetAllPort
java_class_path (initial): /home/btdtuan/.m2/repository/org/junit/platform/junit-platform-launcher/1.8.2/junit-platform-launcher-1.8.2.jar:/snap/intellij-idea-community/372/lib/idea_rt.jar:/snap/intellij-idea-community/372/plugins/junit/lib/junit5-rt.jar:/snap/intellij-idea-community/372/plugins/junit/lib/junit-rt.jar:/home/btdtuan/Documents/GitHub/ems/ems-backend/target/test-classes:/home/btdtuan/Documents/GitHub/ems/ems-backend/target/classes:/home/btdtuan/.m2/repository/org/springframework/boot/spring-boot-starter-data-jpa/2.6.3/spring-boot-starter-data-jpa-2.6.3.jar:/home/btdtuan/.m2/repository/org/springframework/boot/spring-boot-starter-aop/2.6.3/spring-boot-starter-aop-2.6.3.jar:/home/btdtuan/.m2/repository/org/aspectj/aspectjweaver/1.9.7/aspectjweaver-1.9.7.jar:/home/btdtuan/.m2/repository/org/springframework/boot/spring-boot-starter-jdbc/2.6.3/spring-boot-starter-jdbc-2.6.3.jar:/home/btdtuan/.m2/repository/com/zaxxer/HikariCP/4.0.3/HikariCP-4.0.3.jar:/home/btdtuan/.m2/repository/org/springframework/spring-jdbc/5.3.15/spring-jdbc-5.3.15.jar:/home/btdtuan/.m2/repository/jakarta/transaction/jakarta.transaction-api/1.3.3/jakarta.transaction-api-1.3.3.jar:/home/btdtuan/.m2/repository/jakarta/persistence/jakarta.persistence-api/2.2.3/jakarta.persistence-api-2.2.3.jar:/home/btdtuan/.m2/repository/org/hibernate/hibernate-core/5.6.4.Final/hibernate-core-5.6.4.Final.jar:/home/btdtuan/.m2/repository/org/jboss/logging/jboss-logging/3.4.3.Final/jboss-logging-3.4.3.Final.jar:/home/btdtuan/.m2/repository/net/bytebuddy/byte-buddy/1.11.22/byte-buddy-1.11.22.jar:/home/btdtuan/.m2/repository/antlr/antlr/2.7.7/antlr-2.7.7.jar:/home/btdtuan/.m2/repository/org/jboss/jandex/2.4.2.Final/jandex-2.4.2.Final.jar:/home/btdtuan/.m2/repository/com/fasterxml/classmate/1.5.1/classmate-1.5.1.jar:/home/btdtuan/.m2/repository/org/hibernate/common/hibernate-commons-annotations/5.1.2.Final/hibernate-commons-annotations-5.1.2.Final.jar:/home/btdtuan/.m2/repository/org/glassfish/jaxb/jaxb-runt
Launcher Type: SUN_STANDARD

[Global flags]
     intx CICompilerCount                          = 4                                         {product} {ergonomic}
     uint ConcGCThreads                            = 3                                         {product} {ergonomic}
     uint G1ConcRefinementThreads                  = 10                                        {product} {ergonomic}
   size_t G1HeapRegionSize                         = 2097152                                   {product} {ergonomic}
    uintx GCDrainStackTargetSize                   = 64                                        {product} {ergonomic}
   size_t InitialHeapSize                          = 260046848                                 {product} {ergonomic}
   size_t MarkStackSize                            = 4194304                                   {product} {ergonomic}
   size_t MaxHeapSize                              = 4152360960                                {product} {ergonomic}
   size_t MaxNewSize                               = 2491416576                                {product} {ergonomic}
   size_t MinHeapDeltaBytes                        = 2097152                                   {product} {ergonomic}
   size_t MinHeapSize                              = 8388608                                   {product} {ergonomic}
    uintx NonNMethodCodeHeapSize                   = 5839372                                {pd product} {ergonomic}
    uintx NonProfiledCodeHeapSize                  = 122909434                              {pd product} {ergonomic}
    uintx ProfiledCodeHeapSize                     = 122909434                              {pd product} {ergonomic}
    uintx ReservedCodeCacheSize                    = 251658240                              {pd product} {ergonomic}
     bool SegmentedCodeCache                       = true                                      {product} {ergonomic}
   size_t SoftMaxHeapSize                          = 4152360960                             {manageable} {ergonomic}
     bool UseCompressedClassPointers               = true                           {product lp64_product} {ergonomic}
     bool UseCompressedOops                        = true                           {product lp64_product} {ergonomic}
     bool UseG1GC                                  = true                                      {product} {ergonomic}

Logging:
Log output configuration:
 #0: stdout all=warning uptime,level,tags
 #1: stderr all=off uptime,level,tags

Environment Variables:
JAVA_HOME=/usr/lib/jvm/java-17-oracle/
PATH=/usr/local/apache-maven/apache-maven-3.8.4/bin:/usr/local/sbin:/usr/local/bin:/usr/sbin:/usr/bin:/sbin:/bin:/usr/games:/usr/local/games:/snap/bin:/usr/lib/jvm/java-17-oracle/bin:/usr/lib/jvm/java-17-oracle/db/bin
SHELL=/bin/bash
DISPLAY=:0
LANG=en_US.UTF-8

Signal Handlers:
   SIGSEGV: crash_handler in libjvm.so, mask=11100100010111111101111111111110, flags=SA_RESTART|SA_SIGINFO
    SIGBUS: crash_handler in libjvm.so, mask=11100100010111111101111111111110, flags=SA_RESTART|SA_SIGINFO
    SIGFPE: crash_handler in libjvm.so, mask=11100100010111111101111111111110, flags=SA_RESTART|SA_SIGINFO
   SIGPIPE: javaSignalHandler in libjvm.so, mask=11100100010111111101111111111110, flags=SA_RESTART|SA_SIGINFO
   SIGXFSZ: javaSignalHandler in libjvm.so, mask=11100100010111111101111111111110, flags=SA_RESTART|SA_SIGINFO
    SIGILL: crash_handler in libjvm.so, mask=11100100010111111101111111111110, flags=SA_RESTART|SA_SIGINFO
   SIGUSR2: SR_handler in libjvm.so, mask=00100000000000000000000000000000, flags=SA_RESTART|SA_SIGINFO
    SIGHUP: SIG_IGN, mask=00000000000000000000000000000000, flags=none
    SIGINT: UserHandler in libjvm.so, mask=11100100010111111101111111111110, flags=SA_RESTART|SA_SIGINFO
   SIGTERM: UserHandler in libjvm.so, mask=11100100010111111101111111111110, flags=SA_RESTART|SA_SIGINFO
   SIGQUIT: UserHandler in libjvm.so, mask=11100100010111111101111111111110, flags=SA_RESTART|SA_SIGINFO
   SIGTRAP: crash_handler in libjvm.so, mask=11100100010111111101111111111110, flags=SA_RESTART|SA_SIGINFO


---------------  S Y S T E M  ---------------

OS:
DISTRIB_ID=Ubuntu
DISTRIB_RELEASE=20.04
DISTRIB_CODENAME=focal
DISTRIB_DESCRIPTION="Ubuntu 20.04.4 LTS"
uname: Linux 5.13.0-40-generic #45~20.04.1-Ubuntu SMP Mon Apr 4 09:38:31 UTC 2022 x86_64
OS uptime: 0 days 0:18 hours
libc: glibc 2.31 NPTL 2.31 
rlimit (soft/hard): STACK 8192k/infinity , CORE 0k/infinity , NPROC 63066/63066 , NOFILE 500000/500000 , AS infinity/infinity , CPU infinity/infinity , DATA infinity/infinity , FSIZE infinity/infinity , MEMLOCK 65536k/65536k
load average: 2,34 3,90 3,68

/proc/meminfo:
MemTotal:       16215564 kB
MemFree:         1486208 kB
MemAvailable:    5859948 kB
Buffers:          102244 kB
Cached:          5142440 kB
SwapCached:          148 kB
Active:          2458412 kB
Inactive:       11426476 kB
Active(anon):     180708 kB
Inactive(anon):  9218616 kB
Active(file):    2277704 kB
Inactive(file):  2207860 kB
Unevictable:      256676 kB
Mlocked:             580 kB
SwapTotal:      20507644 kB
SwapFree:       20465152 kB
Dirty:              1200 kB
Writeback:             0 kB
AnonPages:       8896588 kB
Mapped:          1584368 kB
Shmem:            767628 kB
KReclaimable:     228728 kB
Slab:             377984 kB
SReclaimable:     228728 kB
SUnreclaim:       149256 kB
KernelStack:       31072 kB
PageTables:        72392 kB
NFS_Unstable:          0 kB
Bounce:                0 kB
WritebackTmp:          0 kB
CommitLimit:    28615424 kB
Committed_AS:   22882860 kB
VmallocTotal:   34359738367 kB
VmallocUsed:       57552 kB
VmallocChunk:          0 kB
Percpu:            12096 kB
HardwareCorrupted:     0 kB
AnonHugePages:         0 kB
ShmemHugePages:        0 kB
ShmemPmdMapped:        0 kB
FileHugePages:         0 kB
FilePmdMapped:         0 kB
HugePages_Total:       0
HugePages_Free:        0
HugePages_Rsvd:        0
HugePages_Surp:        0
Hugepagesize:       2048 kB
Hugetlb:               0 kB
DirectMap4k:      350656 kB
DirectMap2M:    16257024 kB
DirectMap1G:           0 kB

/sys/kernel/mm/transparent_hugepage/enabled: always [madvise] never
/sys/kernel/mm/transparent_hugepage/defrag (defrag/compaction efforts parameter): always defer defer+madvise [madvise] never

Process Memory:
Virtual Size: 7949736K (peak: 7953832K)
Resident Set Size: 210784K (peak: 210784K) (anon: 182856K, file: 27928K, shmem: 0K)
Swapped out: 0K
C-Heap outstanding allocations: 64926K

/proc/sys/kernel/threads-max (system-wide limit on the number of threads): 126133
/proc/sys/vm/max_map_count (maximum number of memory map areas a process may have): 65530
/proc/sys/kernel/pid_max (system-wide limit on number of process identifiers): 4194304

container (cgroup) information:
container_type: cgroupv1
cpu_cpuset_cpus: 0-11
cpu_memory_nodes: 0
active_processor_count: 12
cpu_quota: no quota
cpu_period: 100000
cpu_shares: no shares
memory_limit_in_bytes: unlimited
memory_and_swap_limit_in_bytes: unlimited
memory_soft_limit_in_bytes: unlimited
memory_usage_in_bytes: 12418994176
memory_max_usage_in_bytes: 13852262400

Steal ticks since vm start: 0
Steal ticks percentage since vm start:  0,000

CPU: total 12 (initial active 12) (6 cores per cpu, 2 threads per core) family 6 model 165 stepping 3 microcode 0xea, cx8, cmov, fxsr, ht, mmx, 3dnowpref, sse, sse2, sse3, ssse3, sse4.1, sse4.2, popcnt, lzcnt, tsc, tscinvbit, avx, avx2, aes, erms, clmul, bmi1, bmi2, adx, fma, vzeroupper, clflush, clflushopt
CPU Model and flags from /proc/cpuinfo:
model name	: Intel(R) Core(TM) i5-10400 CPU @ 2.90GHz
flags		: fpu vme de pse tsc msr pae mce cx8 apic sep mtrr pge mca cmov pat pse36 clflush dts acpi mmx fxsr sse sse2 ss ht tm pbe syscall nx pdpe1gb rdtscp lm constant_tsc art arch_perfmon pebs bts rep_good nopl xtopology nonstop_tsc cpuid aperfmperf pni pclmulqdq dtes64 monitor ds_cpl vmx est tm2 ssse3 sdbg fma cx16 xtpr pdcm pcid sse4_1 sse4_2 x2apic movbe popcnt tsc_deadline_timer aes xsave avx f16c rdrand lahf_lm abm 3dnowprefetch cpuid_fault epb invpcid_single ssbd ibrs ibpb stibp ibrs_enhanced tpr_shadow vnmi flexpriority ept vpid ept_ad fsgsbase tsc_adjust bmi1 avx2 smep bmi2 erms invpcid mpx rdseed adx smap clflushopt intel_pt xsaveopt xsavec xgetbv1 xsaves dtherm ida arat pln pts hwp hwp_notify hwp_act_window hwp_epp md_clear flush_l1d arch_capabilities

Online cpus: 0-11
Offline cpus: 
BIOS frequency limitation: <Not Available>
Frequency switch latency (ns): 0
Available cpu frequencies: <Not Available>
Current governor: powersave
Core performance/turbo boost: <Not Available>

Memory: 4k page, physical 16215564k(1480420k free), swap 20507644k(20465152k free)
Page Sizes: 4k

vm_info: Java HotSpot(TM) 64-Bit Server VM (17.0.1+12-LTS-39) for linux-amd64 JRE (17.0.1+12-LTS-39), built on Sep 27 2021 17:33:53 by "mach5one" with gcc 10.3.0

END.
